{"/Users/srav/projects/ReactNative/pf-app/app/+not-found.tsx": {"path":"/Users/srav/projects/ReactNative/pf-app/app/+not-found.tsx","statementMap":{"0":{"start":{"line":5,"column":2},"end":{"line":12,"column":4}},"1":{"start":{"line":14,"column":15},"end":{"line":20,"column":2}}},"fnMap":{"0":{"name":"NotFoundScreen","decl":{"start":{"line":4,"column":24},"end":{"line":4,"column":38}},"loc":{"start":{"line":4,"column":41},"end":{"line":13,"column":1}},"line":4}},"branchMap":{},"s":{"0":0,"1":0},"f":{"0":0},"b":{}}
,"/Users/srav/projects/ReactNative/pf-app/app/_layout.tsx": {"path":"/Users/srav/projects/ReactNative/pf-app/app/_layout.tsx","statementMap":{"0":{"start":{"line":7,"column":22},"end":{"line":7,"column":38}},"1":{"start":{"line":8,"column":2},"end":{"line":16,"column":4}}},"fnMap":{"0":{"name":"RootLayout","decl":{"start":{"line":6,"column":24},"end":{"line":6,"column":34}},"loc":{"start":{"line":6,"column":37},"end":{"line":17,"column":1}},"line":6}},"branchMap":{"0":{"loc":{"start":{"line":9,"column":26},"end":{"line":9,"column":75}},"type":"cond-expr","locations":[{"start":{"line":9,"column":51},"end":{"line":9,"column":60}},{"start":{"line":9,"column":63},"end":{"line":9,"column":75}}],"line":9}},"s":{"0":0,"1":0},"f":{"0":0},"b":{"0":[0,0]}}
,"/Users/srav/projects/ReactNative/pf-app/app/(tabs)/_layout.tsx": {"path":"/Users/srav/projects/ReactNative/pf-app/app/(tabs)/_layout.tsx","statementMap":{"0":{"start":{"line":8,"column":22},"end":{"line":8,"column":38}},"1":{"start":{"line":9,"column":2},"end":{"line":35,"column":4}},"2":{"start":{"line":16,"column":8},"end":{"line":16,"column":103}},"3":{"start":{"line":21,"column":8},"end":{"line":21,"column":110}},"4":{"start":{"line":26,"column":8},"end":{"line":26,"column":110}},"5":{"start":{"line":31,"column":8},"end":{"line":31,"column":100}}},"fnMap":{"0":{"name":"TabLayout","decl":{"start":{"line":7,"column":24},"end":{"line":7,"column":33}},"loc":{"start":{"line":7,"column":36},"end":{"line":36,"column":1}},"line":7},"1":{"name":"(anonymous_1)","decl":{"start":{"line":15,"column":51},"end":{"line":15,"column":52}},"loc":{"start":{"line":16,"column":8},"end":{"line":16,"column":103}},"line":16},"2":{"name":"(anonymous_2)","decl":{"start":{"line":20,"column":45},"end":{"line":20,"column":46}},"loc":{"start":{"line":21,"column":8},"end":{"line":21,"column":110}},"line":21},"3":{"name":"(anonymous_3)","decl":{"start":{"line":25,"column":47},"end":{"line":25,"column":48}},"loc":{"start":{"line":26,"column":8},"end":{"line":26,"column":110}},"line":26},"4":{"name":"(anonymous_4)","decl":{"start":{"line":30,"column":47},"end":{"line":30,"column":48}},"loc":{"start":{"line":31,"column":8},"end":{"line":31,"column":100}},"line":31}},"branchMap":{"0":{"loc":{"start":{"line":11,"column":36},"end":{"line":11,"column":58}},"type":"binary-expr","locations":[{"start":{"line":11,"column":36},"end":{"line":11,"column":47}},{"start":{"line":11,"column":51},"end":{"line":11,"column":58}}],"line":11},"1":{"loc":{"start":{"line":16,"column":24},"end":{"line":16,"column":75}},"type":"cond-expr","locations":[{"start":{"line":16,"column":34},"end":{"line":16,"column":53}},{"start":{"line":16,"column":56},"end":{"line":16,"column":75}}],"line":16},"2":{"loc":{"start":{"line":21,"column":24},"end":{"line":21,"column":83}},"type":"cond-expr","locations":[{"start":{"line":21,"column":34},"end":{"line":21,"column":57}},{"start":{"line":21,"column":60},"end":{"line":21,"column":83}}],"line":21},"3":{"loc":{"start":{"line":26,"column":24},"end":{"line":26,"column":83}},"type":"cond-expr","locations":[{"start":{"line":26,"column":34},"end":{"line":26,"column":57}},{"start":{"line":26,"column":60},"end":{"line":26,"column":83}}],"line":26},"4":{"loc":{"start":{"line":31,"column":24},"end":{"line":31,"column":73}},"type":"cond-expr","locations":[{"start":{"line":31,"column":34},"end":{"line":31,"column":52}},{"start":{"line":31,"column":55},"end":{"line":31,"column":73}}],"line":31}},"s":{"0":0,"1":0,"2":0,"3":0,"4":0,"5":0},"f":{"0":0,"1":0,"2":0,"3":0,"4":0},"b":{"0":[0,0],"1":[0,0],"2":[0,0],"3":[0,0],"4":[0,0]}}
,"/Users/srav/projects/ReactNative/pf-app/app/(tabs)/(Budget)/_layout.tsx": {"path":"/Users/srav/projects/ReactNative/pf-app/app/(tabs)/(Budget)/_layout.tsx","statementMap":{"0":{"start":{"line":4,"column":2},"end":{"line":11,"column":4}}},"fnMap":{"0":{"name":"Layout","decl":{"start":{"line":3,"column":24},"end":{"line":3,"column":30}},"loc":{"start":{"line":3,"column":33},"end":{"line":12,"column":1}},"line":3}},"branchMap":{},"s":{"0":0},"f":{"0":0},"b":{}}
,"/Users/srav/projects/ReactNative/pf-app/app/(tabs)/(Budget)/budget.tsx": {"path":"/Users/srav/projects/ReactNative/pf-app/app/(tabs)/(Budget)/budget.tsx","statementMap":{"0":{"start":{"line":43,"column":17},"end":{"line":84,"column":1}},"1":{"start":{"line":62,"column":23},"end":{"line":62,"column":67}},"2":{"start":{"line":64,"column":13},"end":{"line":64,"column":47}},"3":{"start":{"line":65,"column":13},"end":{"line":65,"column":47}},"4":{"start":{"line":66,"column":13},"end":{"line":66,"column":45}},"5":{"start":{"line":67,"column":13},"end":{"line":67,"column":45}},"6":{"start":{"line":69,"column":12},"end":{"line":74,"column":3}},"7":{"start":{"line":76,"column":2},"end":{"line":83,"column":4}},"8":{"start":{"line":87,"column":17},"end":{"line":87,"column":28}},"9":{"start":{"line":88,"column":40},"end":{"line":88,"column":69}},"10":{"start":{"line":89,"column":40},"end":{"line":89,"column":66}},"11":{"start":{"line":90,"column":23},"end":{"line":90,"column":45}},"12":{"start":{"line":92,"column":2},"end":{"line":131,"column":17}},"13":{"start":{"line":93,"column":4},"end":{"line":96,"column":5}},"14":{"start":{"line":94,"column":6},"end":{"line":94,"column":87}},"15":{"start":{"line":95,"column":6},"end":{"line":95,"column":13}},"16":{"start":{"line":98,"column":32},"end":{"line":128,"column":5}},"17":{"start":{"line":100,"column":49},"end":{"line":100,"column":51}},"18":{"start":{"line":102,"column":6},"end":{"line":113,"column":9}},"19":{"start":{"line":103,"column":25},"end":{"line":107,"column":9}},"20":{"start":{"line":104,"column":10},"end":{"line":106,"column":11}},"21":{"start":{"line":105,"column":12},"end":{"line":105,"column":68}},"22":{"start":{"line":109,"column":8},"end":{"line":112,"column":9}},"23":{"start":{"line":110,"column":10},"end":{"line":110,"column":68}},"24":{"start":{"line":110,"column":40},"end":{"line":110,"column":68}},"25":{"start":{"line":111,"column":10},"end":{"line":111,"column":68}},"26":{"start":{"line":116,"column":33},"end":{"line":125,"column":9}},"27":{"start":{"line":116,"column":73},"end":{"line":125,"column":7}},"28":{"start":{"line":127,"column":6},"end":{"line":127,"column":41}},"29":{"start":{"line":130,"column":4},"end":{"line":130,"column":26}},"30":{"start":{"line":133,"column":32},"end":{"line":151,"column":3}},"31":{"start":{"line":135,"column":23},"end":{"line":135,"column":82}},"32":{"start":{"line":135,"column":50},"end":{"line":135,"column":78}},"33":{"start":{"line":137,"column":23},"end":{"line":137,"column":24}},"34":{"start":{"line":138,"column":4},"end":{"line":150,"column":7}},"35":{"start":{"line":139,"column":25},"end":{"line":139,"column":37}},"36":{"start":{"line":141,"column":25},"end":{"line":141,"column":76}},"37":{"start":{"line":142,"column":23},"end":{"line":142,"column":46}},"38":{"start":{"line":143,"column":6},"end":{"line":143,"column":30}},"39":{"start":{"line":145,"column":6},"end":{"line":149,"column":8}},"40":{"start":{"line":153,"column":23},"end":{"line":153,"column":57}},"41":{"start":{"line":154,"column":21},"end":{"line":154,"column":87}},"42":{"start":{"line":154,"column":55},"end":{"line":154,"column":83}},"43":{"start":{"line":156,"column":2},"end":{"line":158,"column":3}},"44":{"start":{"line":157,"column":4},"end":{"line":157,"column":57}},"45":{"start":{"line":160,"column":2},"end":{"line":249,"column":4}},"46":{"start":{"line":165,"column":43},"end":{"line":165,"column":56}},"47":{"start":{"line":179,"column":33},"end":{"line":179,"column":72}},"48":{"start":{"line":180,"column":36},"end":{"line":180,"column":39}},"49":{"start":{"line":181,"column":31},"end":{"line":181,"column":63}},"50":{"start":{"line":182,"column":31},"end":{"line":182,"column":63}},"51":{"start":{"line":184,"column":38},"end":{"line":184,"column":41}},"52":{"start":{"line":185,"column":33},"end":{"line":185,"column":67}},"53":{"start":{"line":186,"column":33},"end":{"line":186,"column":67}},"54":{"start":{"line":188,"column":16},"end":{"line":216,"column":18}},"55":{"start":{"line":197,"column":37},"end":{"line":197,"column":58}},"56":{"start":{"line":225,"column":8},"end":{"line":246,"column":20}},"57":{"start":{"line":228,"column":25},"end":{"line":228,"column":46}}},"fnMap":{"0":{"name":"(anonymous_0)","decl":{"start":{"line":43,"column":17},"end":{"line":43,"column":18}},"loc":{"start":{"line":61,"column":6},"end":{"line":84,"column":1}},"line":61},"1":{"name":"BudgetView","decl":{"start":{"line":86,"column":24},"end":{"line":86,"column":34}},"loc":{"start":{"line":86,"column":37},"end":{"line":250,"column":1}},"line":86},"2":{"name":"(anonymous_2)","decl":{"start":{"line":92,"column":12},"end":{"line":92,"column":13}},"loc":{"start":{"line":92,"column":18},"end":{"line":131,"column":3}},"line":92},"3":{"name":"(anonymous_3)","decl":{"start":{"line":98,"column":32},"end":{"line":98,"column":33}},"loc":{"start":{"line":98,"column":38},"end":{"line":128,"column":5}},"line":98},"4":{"name":"(anonymous_4)","decl":{"start":{"line":102,"column":66},"end":{"line":102,"column":67}},"loc":{"start":{"line":102,"column":96},"end":{"line":113,"column":7}},"line":102},"5":{"name":"(anonymous_5)","decl":{"start":{"line":103,"column":58},"end":{"line":103,"column":59}},"loc":{"start":{"line":104,"column":10},"end":{"line":106,"column":11}},"line":104},"6":{"name":"(anonymous_6)","decl":{"start":{"line":104,"column":32},"end":{"line":104,"column":33}},"loc":{"start":{"line":105,"column":12},"end":{"line":105,"column":68}},"line":105},"7":{"name":"(anonymous_7)","decl":{"start":{"line":116,"column":65},"end":{"line":116,"column":66}},"loc":{"start":{"line":116,"column":73},"end":{"line":125,"column":7}},"line":116},"8":{"name":"(anonymous_8)","decl":{"start":{"line":133,"column":32},"end":{"line":133,"column":33}},"loc":{"start":{"line":133,"column":70},"end":{"line":151,"column":3}},"line":133},"9":{"name":"(anonymous_9)","decl":{"start":{"line":135,"column":35},"end":{"line":135,"column":36}},"loc":{"start":{"line":135,"column":50},"end":{"line":135,"column":78}},"line":135},"10":{"name":"(anonymous_10)","decl":{"start":{"line":138,"column":20},"end":{"line":138,"column":21}},"loc":{"start":{"line":138,"column":30},"end":{"line":150,"column":5}},"line":138},"11":{"name":"(anonymous_11)","decl":{"start":{"line":154,"column":40},"end":{"line":154,"column":41}},"loc":{"start":{"line":154,"column":55},"end":{"line":154,"column":83}},"line":154},"12":{"name":"(anonymous_12)","decl":{"start":{"line":165,"column":37},"end":{"line":165,"column":38}},"loc":{"start":{"line":165,"column":43},"end":{"line":165,"column":56}},"line":165},"13":{"name":"(anonymous_13)","decl":{"start":{"line":178,"column":32},"end":{"line":178,"column":33}},"loc":{"start":{"line":178,"column":49},"end":{"line":217,"column":15}},"line":178},"14":{"name":"(anonymous_14)","decl":{"start":{"line":197,"column":31},"end":{"line":197,"column":32}},"loc":{"start":{"line":197,"column":37},"end":{"line":197,"column":58}},"line":197},"15":{"name":"(anonymous_15)","decl":{"start":{"line":224,"column":23},"end":{"line":224,"column":24}},"loc":{"start":{"line":225,"column":8},"end":{"line":246,"column":20}},"line":225},"16":{"name":"(anonymous_16)","decl":{"start":{"line":228,"column":19},"end":{"line":228,"column":20}},"loc":{"start":{"line":228,"column":25},"end":{"line":228,"column":46}},"line":228}},"branchMap":{"0":{"loc":{"start":{"line":62,"column":23},"end":{"line":62,"column":67}},"type":"cond-expr","locations":[{"start":{"line":62,"column":58},"end":{"line":62,"column":61}},{"start":{"line":62,"column":64},"end":{"line":62,"column":67}}],"line":62},"1":{"loc":{"start":{"line":80,"column":15},"end":{"line":80,"column":33}},"type":"cond-expr","locations":[{"start":{"line":80,"column":26},"end":{"line":80,"column":27}},{"start":{"line":80,"column":30},"end":{"line":80,"column":33}}],"line":80},"2":{"loc":{"start":{"line":93,"column":4},"end":{"line":96,"column":5}},"type":"if","locations":[{"start":{"line":93,"column":4},"end":{"line":96,"column":5}},{"start":{},"end":{}}],"line":93},"3":{"loc":{"start":{"line":109,"column":8},"end":{"line":112,"column":9}},"type":"if","locations":[{"start":{"line":109,"column":8},"end":{"line":112,"column":9}},{"start":{},"end":{}}],"line":109},"4":{"loc":{"start":{"line":110,"column":10},"end":{"line":110,"column":68}},"type":"if","locations":[{"start":{"line":110,"column":10},"end":{"line":110,"column":68}},{"start":{},"end":{}}],"line":110},"5":{"loc":{"start":{"line":120,"column":20},"end":{"line":120,"column":43}},"type":"binary-expr","locations":[{"start":{"line":120,"column":20},"end":{"line":120,"column":38}},{"start":{"line":120,"column":42},"end":{"line":120,"column":43}}],"line":120},"6":{"loc":{"start":{"line":121,"column":16},"end":{"line":121,"column":78}},"type":"cond-expr","locations":[{"start":{"line":121,"column":62},"end":{"line":121,"column":68}},{"start":{"line":121,"column":71},"end":{"line":121,"column":78}}],"line":121},"7":{"loc":{"start":{"line":123,"column":16},"end":{"line":123,"column":39}},"type":"binary-expr","locations":[{"start":{"line":123,"column":16},"end":{"line":123,"column":34}},{"start":{"line":123,"column":38},"end":{"line":123,"column":39}}],"line":123},"8":{"loc":{"start":{"line":124,"column":19},"end":{"line":124,"column":86}},"type":"cond-expr","locations":[{"start":{"line":124,"column":65},"end":{"line":124,"column":74}},{"start":{"line":124,"column":77},"end":{"line":124,"column":86}}],"line":124},"9":{"loc":{"start":{"line":156,"column":2},"end":{"line":158,"column":3}},"type":"if","locations":[{"start":{"line":156,"column":2},"end":{"line":158,"column":3}},{"start":{},"end":{}}],"line":156},"10":{"loc":{"start":{"line":174,"column":7},"end":{"line":221,"column":7}},"type":"binary-expr","locations":[{"start":{"line":174,"column":7},"end":{"line":174,"column":21}},{"start":{"line":175,"column":8},"end":{"line":220,"column":15}}],"line":174},"11":{"loc":{"start":{"line":210,"column":34},"end":{"line":210,"column":62}},"type":"cond-expr","locations":[{"start":{"line":210,"column":47},"end":{"line":210,"column":54}},{"start":{"line":210,"column":57},"end":{"line":210,"column":62}}],"line":210},"12":{"loc":{"start":{"line":229,"column":28},"end":{"line":229,"column":83}},"type":"cond-expr","locations":[{"start":{"line":229,"column":76},"end":{"line":229,"column":77}},{"start":{"line":229,"column":80},"end":{"line":229,"column":83}}],"line":229},"13":{"loc":{"start":{"line":229,"column":28},"end":{"line":229,"column":73}},"type":"binary-expr","locations":[{"start":{"line":229,"column":28},"end":{"line":229,"column":48}},{"start":{"line":229,"column":52},"end":{"line":229,"column":73}}],"line":229},"14":{"loc":{"start":{"line":234,"column":52},"end":{"line":234,"column":82}},"type":"binary-expr","locations":[{"start":{"line":234,"column":52},"end":{"line":234,"column":66}},{"start":{"line":234,"column":70},"end":{"line":234,"column":82}}],"line":234}},"s":{"0":1,"1":0,"2":0,"3":0,"4":0,"5":0,"6":0,"7":0,"8":12,"9":12,"10":11,"11":11,"12":11,"13":6,"14":1,"15":1,"16":5,"17":5,"18":5,"19":65,"20":180,"21":1200,"22":65,"23":60,"24":25,"25":60,"26":5,"27":25,"28":5,"29":5,"30":11,"31":11,"32":25,"33":11,"34":11,"35":25,"36":25,"37":25,"38":25,"39":25,"40":11,"41":11,"42":25,"43":11,"44":1,"45":10,"46":0,"47":25,"48":25,"49":25,"50":25,"51":25,"52":25,"53":25,"54":25,"55":0,"56":25,"57":0},"f":{"0":0,"1":12,"2":6,"3":5,"4":65,"5":180,"6":1200,"7":25,"8":11,"9":25,"10":25,"11":25,"12":0,"13":25,"14":0,"15":25,"16":0},"b":{"0":[0,0],"1":[0,0],"2":[1,5],"3":[60,5],"4":[25,35],"5":[25,0],"6":[5,20],"7":[25,0],"8":[5,20],"9":[1,10],"10":[10,5],"11":[15,10],"12":[25,0],"13":[25,0],"14":[25,0]},"_coverageSchema":"1a1c01bbd47fc00a2c39e90264f33305004495a9","hash":"044c3e36aea05619895dc31f3f0308dbe049e294"}
,"/Users/srav/projects/ReactNative/pf-app/app/(tabs)/(Requests)/_layout.tsx": {"path":"/Users/srav/projects/ReactNative/pf-app/app/(tabs)/(Requests)/_layout.tsx","statementMap":{"0":{"start":{"line":4,"column":2},"end":{"line":13,"column":4}}},"fnMap":{"0":{"name":"Layout","decl":{"start":{"line":3,"column":24},"end":{"line":3,"column":30}},"loc":{"start":{"line":3,"column":33},"end":{"line":14,"column":1}},"line":3}},"branchMap":{},"s":{"0":0},"f":{"0":0},"b":{}}
,"/Users/srav/projects/ReactNative/pf-app/app/(tabs)/(Requests)/payNow.tsx": {"path":"/Users/srav/projects/ReactNative/pf-app/app/(tabs)/(Requests)/payNow.tsx","statementMap":{"0":{"start":{"line":7,"column":17},"end":{"line":7,"column":28}},"1":{"start":{"line":8,"column":22},"end":{"line":8,"column":32}},"2":{"start":{"line":9,"column":21},"end":{"line":9,"column":31}},"3":{"start":{"line":10,"column":2},"end":{"line":10,"column":48}},"4":{"start":{"line":12,"column":2},"end":{"line":94,"column":4}},"5":{"start":{"line":16,"column":34},"end":{"line":16,"column":58}},"6":{"start":{"line":20,"column":34},"end":{"line":20,"column":58}},"7":{"start":{"line":84,"column":12},"end":{"line":84,"column":45}},"8":{"start":{"line":85,"column":12},"end":{"line":85,"column":26}}},"fnMap":{"0":{"name":"PayNowScreen","decl":{"start":{"line":6,"column":24},"end":{"line":6,"column":36}},"loc":{"start":{"line":6,"column":39},"end":{"line":95,"column":1}},"line":6},"1":{"name":"(anonymous_1)","decl":{"start":{"line":16,"column":28},"end":{"line":16,"column":29}},"loc":{"start":{"line":16,"column":34},"end":{"line":16,"column":58}},"line":16},"2":{"name":"(anonymous_2)","decl":{"start":{"line":20,"column":28},"end":{"line":20,"column":29}},"loc":{"start":{"line":20,"column":34},"end":{"line":20,"column":58}},"line":20},"3":{"name":"(anonymous_3)","decl":{"start":{"line":82,"column":19},"end":{"line":82,"column":20}},"loc":{"start":{"line":82,"column":25},"end":{"line":86,"column":11}},"line":82}},"branchMap":{},"s":{"0":0,"1":0,"2":0,"3":0,"4":0,"5":0,"6":0,"7":0,"8":0},"f":{"0":0,"1":0,"2":0,"3":0},"b":{}}
,"/Users/srav/projects/ReactNative/pf-app/app/(tabs)/(Requests)/requests.tsx": {"path":"/Users/srav/projects/ReactNative/pf-app/app/(tabs)/(Requests)/requests.tsx","statementMap":{"0":{"start":{"line":7,"column":12},"end":{"line":16,"column":1}},"1":{"start":{"line":8,"column":2},"end":{"line":15,"column":21}},"2":{"start":{"line":19,"column":14},"end":{"line":32,"column":1}},"3":{"start":{"line":20,"column":17},"end":{"line":25,"column":3}},"4":{"start":{"line":27,"column":2},"end":{"line":31,"column":4}},"5":{"start":{"line":35,"column":20},"end":{"line":104,"column":1}},"6":{"start":{"line":62,"column":2},"end":{"line":103,"column":9}},"7":{"start":{"line":90,"column":27},"end":{"line":90,"column":50}},"8":{"start":{"line":107,"column":17},"end":{"line":107,"column":28}},"9":{"start":{"line":108,"column":36},"end":{"line":108,"column":55}},"10":{"start":{"line":123,"column":41},"end":{"line":160,"column":3}},"11":{"start":{"line":162,"column":38},"end":{"line":187,"column":3}},"12":{"start":{"line":189,"column":2},"end":{"line":230,"column":4}},"13":{"start":{"line":194,"column":43},"end":{"line":194,"column":56}},"14":{"start":{"line":205,"column":27},"end":{"line":205,"column":50}},"15":{"start":{"line":210,"column":27},"end":{"line":210,"column":47}},"16":{"start":{"line":218,"column":14},"end":{"line":218,"column":82}},"17":{"start":{"line":224,"column":14},"end":{"line":224,"column":70}}},"fnMap":{"0":{"name":"(anonymous_0)","decl":{"start":{"line":7,"column":12},"end":{"line":7,"column":13}},"loc":{"start":{"line":8,"column":2},"end":{"line":15,"column":21}},"line":8},"1":{"name":"(anonymous_1)","decl":{"start":{"line":19,"column":14},"end":{"line":19,"column":15}},"loc":{"start":{"line":19,"column":119},"end":{"line":32,"column":1}},"line":19},"2":{"name":"(anonymous_2)","decl":{"start":{"line":35,"column":20},"end":{"line":35,"column":21}},"loc":{"start":{"line":62,"column":2},"end":{"line":103,"column":9}},"line":62},"3":{"name":"(anonymous_3)","decl":{"start":{"line":90,"column":21},"end":{"line":90,"column":22}},"loc":{"start":{"line":90,"column":27},"end":{"line":90,"column":50}},"line":90},"4":{"name":"RequestsView","decl":{"start":{"line":106,"column":24},"end":{"line":106,"column":36}},"loc":{"start":{"line":106,"column":39},"end":{"line":231,"column":1}},"line":106},"5":{"name":"(anonymous_5)","decl":{"start":{"line":194,"column":37},"end":{"line":194,"column":38}},"loc":{"start":{"line":194,"column":43},"end":{"line":194,"column":56}},"line":194},"6":{"name":"(anonymous_6)","decl":{"start":{"line":205,"column":21},"end":{"line":205,"column":22}},"loc":{"start":{"line":205,"column":27},"end":{"line":205,"column":50}},"line":205},"7":{"name":"(anonymous_7)","decl":{"start":{"line":210,"column":21},"end":{"line":210,"column":22}},"loc":{"start":{"line":210,"column":27},"end":{"line":210,"column":47}},"line":210},"8":{"name":"(anonymous_8)","decl":{"start":{"line":217,"column":33},"end":{"line":217,"column":34}},"loc":{"start":{"line":218,"column":14},"end":{"line":218,"column":82}},"line":218},"9":{"name":"(anonymous_9)","decl":{"start":{"line":223,"column":30},"end":{"line":223,"column":31}},"loc":{"start":{"line":224,"column":14},"end":{"line":224,"column":70}},"line":224}},"branchMap":{"0":{"loc":{"start":{"line":10,"column":30},"end":{"line":10,"column":74}},"type":"cond-expr","locations":[{"start":{"line":10,"column":41},"end":{"line":10,"column":69}},{"start":{"line":10,"column":72},"end":{"line":10,"column":74}}],"line":10},"1":{"loc":{"start":{"line":12,"column":36},"end":{"line":12,"column":92}},"type":"cond-expr","locations":[{"start":{"line":12,"column":47},"end":{"line":12,"column":74}},{"start":{"line":12,"column":77},"end":{"line":12,"column":92}}],"line":12},"2":{"loc":{"start":{"line":86,"column":7},"end":{"line":101,"column":7}},"type":"binary-expr","locations":[{"start":{"line":86,"column":7},"end":{"line":86,"column":18}},{"start":{"line":87,"column":8},"end":{"line":100,"column":15}}],"line":86},"3":{"loc":{"start":{"line":215,"column":9},"end":{"line":227,"column":9}},"type":"cond-expr","locations":[{"start":{"line":216,"column":10},"end":{"line":220,"column":17}},{"start":{"line":222,"column":10},"end":{"line":226,"column":17}}],"line":215}},"s":{"0":0,"1":0,"2":0,"3":0,"4":0,"5":0,"6":0,"7":0,"8":0,"9":0,"10":0,"11":0,"12":0,"13":0,"14":0,"15":0,"16":0,"17":0},"f":{"0":0,"1":0,"2":0,"3":0,"4":0,"5":0,"6":0,"7":0,"8":0,"9":0},"b":{"0":[0,0],"1":[0,0],"2":[0,0],"3":[0,0]}}
,"/Users/srav/projects/ReactNative/pf-app/app/(tabs)/(Settings)/_layout.tsx": {"path":"/Users/srav/projects/ReactNative/pf-app/app/(tabs)/(Settings)/_layout.tsx","statementMap":{"0":{"start":{"line":4,"column":2},"end":{"line":13,"column":4}}},"fnMap":{"0":{"name":"Layout","decl":{"start":{"line":3,"column":24},"end":{"line":3,"column":30}},"loc":{"start":{"line":3,"column":33},"end":{"line":14,"column":1}},"line":3}},"branchMap":{},"s":{"0":0},"f":{"0":0},"b":{}}
,"/Users/srav/projects/ReactNative/pf-app/app/(tabs)/(Settings)/addAccount.tsx": {"path":"/Users/srav/projects/ReactNative/pf-app/app/(tabs)/(Settings)/addAccount.tsx","statementMap":{"0":{"start":{"line":7,"column":17},"end":{"line":7,"column":28}},"1":{"start":{"line":8,"column":34},"end":{"line":13,"column":4}},"2":{"start":{"line":15,"column":23},"end":{"line":36,"column":3}},"3":{"start":{"line":16,"column":4},"end":{"line":35,"column":5}},"4":{"start":{"line":17,"column":23},"end":{"line":26,"column":8}},"5":{"start":{"line":28,"column":6},"end":{"line":32,"column":7}},"6":{"start":{"line":29,"column":8},"end":{"line":29,"column":22}},"7":{"start":{"line":31,"column":8},"end":{"line":31,"column":47}},"8":{"start":{"line":34,"column":6},"end":{"line":34,"column":52}},"9":{"start":{"line":38,"column":2},"end":{"line":103,"column":4}},"10":{"start":{"line":42,"column":41},"end":{"line":42,"column":54}},"11":{"start":{"line":57,"column":38},"end":{"line":57,"column":86}},"12":{"start":{"line":67,"column":38},"end":{"line":67,"column":88}},"13":{"start":{"line":78,"column":38},"end":{"line":78,"column":83}},"14":{"start":{"line":88,"column":38},"end":{"line":88,"column":82}}},"fnMap":{"0":{"name":"AddAccount","decl":{"start":{"line":6,"column":24},"end":{"line":6,"column":34}},"loc":{"start":{"line":6,"column":37},"end":{"line":104,"column":1}},"line":6},"1":{"name":"(anonymous_1)","decl":{"start":{"line":15,"column":23},"end":{"line":15,"column":24}},"loc":{"start":{"line":15,"column":35},"end":{"line":36,"column":3}},"line":15},"2":{"name":"(anonymous_2)","decl":{"start":{"line":42,"column":35},"end":{"line":42,"column":36}},"loc":{"start":{"line":42,"column":41},"end":{"line":42,"column":54}},"line":42},"3":{"name":"(anonymous_3)","decl":{"start":{"line":57,"column":28},"end":{"line":57,"column":29}},"loc":{"start":{"line":57,"column":38},"end":{"line":57,"column":86}},"line":57},"4":{"name":"(anonymous_4)","decl":{"start":{"line":67,"column":28},"end":{"line":67,"column":29}},"loc":{"start":{"line":67,"column":38},"end":{"line":67,"column":88}},"line":67},"5":{"name":"(anonymous_5)","decl":{"start":{"line":78,"column":28},"end":{"line":78,"column":29}},"loc":{"start":{"line":78,"column":38},"end":{"line":78,"column":83}},"line":78},"6":{"name":"(anonymous_6)","decl":{"start":{"line":88,"column":28},"end":{"line":88,"column":29}},"loc":{"start":{"line":88,"column":38},"end":{"line":88,"column":82}},"line":88}},"branchMap":{"0":{"loc":{"start":{"line":28,"column":6},"end":{"line":32,"column":7}},"type":"if","locations":[{"start":{"line":28,"column":6},"end":{"line":32,"column":7}},{"start":{"line":30,"column":13},"end":{"line":32,"column":7}}],"line":28}},"s":{"0":7,"1":7,"2":7,"3":0,"4":0,"5":0,"6":0,"7":0,"8":0,"9":7,"10":0,"11":0,"12":0,"13":0,"14":0},"f":{"0":7,"1":0,"2":0,"3":0,"4":0,"5":0,"6":0},"b":{"0":[0,0]},"_coverageSchema":"1a1c01bbd47fc00a2c39e90264f33305004495a9","hash":"59fb8303bd04e5f4ce2527293be42d79ae78b9b1"}
,"/Users/srav/projects/ReactNative/pf-app/app/(tabs)/(Settings)/bankAccounts.tsx": {"path":"/Users/srav/projects/ReactNative/pf-app/app/(tabs)/(Settings)/bankAccounts.tsx","statementMap":{"0":{"start":{"line":20,"column":17},"end":{"line":20,"column":28}},"1":{"start":{"line":21,"column":23},"end":{"line":21,"column":67}},"2":{"start":{"line":22,"column":34},"end":{"line":22,"column":57}},"3":{"start":{"line":23,"column":32},"end":{"line":23,"column":46}},"4":{"start":{"line":24,"column":28},"end":{"line":24,"column":57}},"5":{"start":{"line":26,"column":2},"end":{"line":26,"column":50}},"6":{"start":{"line":28,"column":2},"end":{"line":37,"column":17}},"7":{"start":{"line":29,"column":20},"end":{"line":29,"column":24}},"8":{"start":{"line":30,"column":4},"end":{"line":34,"column":5}},"9":{"start":{"line":31,"column":6},"end":{"line":31,"column":58}},"10":{"start":{"line":32,"column":6},"end":{"line":32,"column":24}},"11":{"start":{"line":33,"column":6},"end":{"line":33,"column":13}},"12":{"start":{"line":35,"column":4},"end":{"line":35,"column":20}},"13":{"start":{"line":36,"column":4},"end":{"line":36,"column":40}},"14":{"start":{"line":36,"column":19},"end":{"line":36,"column":37}},"15":{"start":{"line":39,"column":24},"end":{"line":56,"column":3}},"16":{"start":{"line":40,"column":4},"end":{"line":55,"column":5}},"17":{"start":{"line":41,"column":6},"end":{"line":41,"column":23}},"18":{"start":{"line":42,"column":6},"end":{"line":42,"column":21}},"19":{"start":{"line":43,"column":23},"end":{"line":43,"column":89}},"20":{"start":{"line":44,"column":6},"end":{"line":46,"column":7}},"21":{"start":{"line":45,"column":8},"end":{"line":45,"column":52}},"22":{"start":{"line":47,"column":19},"end":{"line":47,"column":40}},"23":{"start":{"line":48,"column":6},"end":{"line":48,"column":42}},"24":{"start":{"line":49,"column":6},"end":{"line":49,"column":24}},"25":{"start":{"line":51,"column":6},"end":{"line":51,"column":55}},"26":{"start":{"line":52,"column":6},"end":{"line":52,"column":61}},"27":{"start":{"line":54,"column":6},"end":{"line":54,"column":24}},"28":{"start":{"line":58,"column":2},"end":{"line":70,"column":3}},"29":{"start":{"line":59,"column":4},"end":{"line":69,"column":6}},"30":{"start":{"line":63,"column":25},"end":{"line":63,"column":44}},"31":{"start":{"line":72,"column":2},"end":{"line":137,"column":4}},"32":{"start":{"line":77,"column":43},"end":{"line":77,"column":56}},"33":{"start":{"line":83,"column":25},"end":{"line":86,"column":12}},"34":{"start":{"line":117,"column":12},"end":{"line":132,"column":31}},"35":{"start":{"line":120,"column":29},"end":{"line":123,"column":16}}},"fnMap":{"0":{"name":"BankAccounts","decl":{"start":{"line":19,"column":24},"end":{"line":19,"column":36}},"loc":{"start":{"line":19,"column":39},"end":{"line":138,"column":1}},"line":19},"1":{"name":"(anonymous_1)","decl":{"start":{"line":28,"column":12},"end":{"line":28,"column":13}},"loc":{"start":{"line":28,"column":18},"end":{"line":37,"column":3}},"line":28},"2":{"name":"(anonymous_2)","decl":{"start":{"line":36,"column":11},"end":{"line":36,"column":12}},"loc":{"start":{"line":36,"column":17},"end":{"line":36,"column":39}},"line":36},"3":{"name":"(anonymous_3)","decl":{"start":{"line":39,"column":24},"end":{"line":39,"column":25}},"loc":{"start":{"line":39,"column":36},"end":{"line":56,"column":3}},"line":39},"4":{"name":"(anonymous_4)","decl":{"start":{"line":63,"column":19},"end":{"line":63,"column":20}},"loc":{"start":{"line":63,"column":25},"end":{"line":63,"column":44}},"line":63},"5":{"name":"(anonymous_5)","decl":{"start":{"line":77,"column":37},"end":{"line":77,"column":38}},"loc":{"start":{"line":77,"column":43},"end":{"line":77,"column":56}},"line":77},"6":{"name":"(anonymous_6)","decl":{"start":{"line":83,"column":19},"end":{"line":83,"column":20}},"loc":{"start":{"line":83,"column":25},"end":{"line":86,"column":12}},"line":83},"7":{"name":"(anonymous_7)","decl":{"start":{"line":116,"column":23},"end":{"line":116,"column":24}},"loc":{"start":{"line":117,"column":12},"end":{"line":132,"column":31}},"line":117},"8":{"name":"(anonymous_8)","decl":{"start":{"line":120,"column":23},"end":{"line":120,"column":24}},"loc":{"start":{"line":120,"column":29},"end":{"line":123,"column":16}},"line":120}},"branchMap":{"0":{"loc":{"start":{"line":30,"column":4},"end":{"line":34,"column":5}},"type":"if","locations":[{"start":{"line":30,"column":4},"end":{"line":34,"column":5}},{"start":{},"end":{}}],"line":30},"1":{"loc":{"start":{"line":44,"column":6},"end":{"line":46,"column":7}},"type":"if","locations":[{"start":{"line":44,"column":6},"end":{"line":46,"column":7}},{"start":{},"end":{}}],"line":44},"2":{"loc":{"start":{"line":58,"column":2},"end":{"line":70,"column":3}},"type":"if","locations":[{"start":{"line":58,"column":2},"end":{"line":70,"column":3}},{"start":{},"end":{}}],"line":58},"3":{"loc":{"start":{"line":96,"column":9},"end":{"line":134,"column":9}},"type":"cond-expr","locations":[{"start":{"line":97,"column":10},"end":{"line":97,"column":60}},{"start":{"line":98,"column":12},"end":{"line":134,"column":9}}],"line":96},"4":{"loc":{"start":{"line":98,"column":12},"end":{"line":134,"column":9}},"type":"cond-expr","locations":[{"start":{"line":99,"column":10},"end":{"line":107,"column":17}},{"start":{"line":108,"column":12},"end":{"line":134,"column":9}}],"line":98},"5":{"loc":{"start":{"line":108,"column":12},"end":{"line":134,"column":9}},"type":"cond-expr","locations":[{"start":{"line":109,"column":10},"end":{"line":114,"column":17}},{"start":{"line":116,"column":10},"end":{"line":133,"column":12}}],"line":108},"6":{"loc":{"start":{"line":130,"column":18},"end":{"line":130,"column":93}},"type":"binary-expr","locations":[{"start":{"line":130,"column":18},"end":{"line":130,"column":55}},{"start":{"line":130,"column":59},"end":{"line":130,"column":86}},{"start":{"line":130,"column":90},"end":{"line":130,"column":93}}],"line":130}},"s":{"0":22,"1":22,"2":22,"3":21,"4":21,"5":21,"6":21,"7":7,"8":7,"9":0,"10":0,"11":0,"12":7,"13":7,"14":7,"15":21,"16":7,"17":7,"18":7,"19":7,"20":6,"21":6,"22":0,"23":0,"24":0,"25":7,"26":7,"27":7,"28":21,"29":0,"30":0,"31":21,"32":0,"33":1,"34":0,"35":0},"f":{"0":22,"1":7,"2":7,"3":7,"4":0,"5":0,"6":1,"7":0,"8":0},"b":{"0":[0,7],"1":[6,0],"2":[0,21],"3":[14,7],"4":[7,0],"5":[0,0],"6":[0,0,0]},"_coverageSchema":"1a1c01bbd47fc00a2c39e90264f33305004495a9","hash":"1302b6ac07eb9ac5193b0de76f4fb5df01be843a"}
,"/Users/srav/projects/ReactNative/pf-app/app/(tabs)/(Settings)/budgetLimits.tsx": {"path":"/Users/srav/projects/ReactNative/pf-app/app/(tabs)/(Settings)/budgetLimits.tsx","statementMap":{"0":{"start":{"line":21,"column":17},"end":{"line":21,"column":28}},"1":{"start":{"line":22,"column":40},"end":{"line":36,"column":3}},"2":{"start":{"line":24,"column":45},"end":{"line":35,"column":5}},"3":{"start":{"line":38,"column":28},"end":{"line":52,"column":3}},"4":{"start":{"line":39,"column":21},"end":{"line":39,"column":37}},"5":{"start":{"line":40,"column":18},"end":{"line":40,"column":49}},"6":{"start":{"line":41,"column":21},"end":{"line":41,"column":41}},"7":{"start":{"line":43,"column":4},"end":{"line":49,"column":6}},"8":{"start":{"line":51,"column":4},"end":{"line":51,"column":29}},"9":{"start":{"line":54,"column":2},"end":{"line":111,"column":4}},"10":{"start":{"line":58,"column":41},"end":{"line":58,"column":54}},"11":{"start":{"line":67,"column":10},"end":{"line":95,"column":17}},"12":{"start":{"line":90,"column":43},"end":{"line":90,"column":74}},"13":{"start":{"line":103,"column":25},"end":{"line":103,"column":38}}},"fnMap":{"0":{"name":"BudgetLimits","decl":{"start":{"line":20,"column":24},"end":{"line":20,"column":36}},"loc":{"start":{"line":20,"column":39},"end":{"line":112,"column":1}},"line":20},"1":{"name":"(anonymous_1)","decl":{"start":{"line":24,"column":36},"end":{"line":24,"column":37}},"loc":{"start":{"line":24,"column":45},"end":{"line":35,"column":5}},"line":24},"2":{"name":"(anonymous_2)","decl":{"start":{"line":38,"column":28},"end":{"line":38,"column":29}},"loc":{"start":{"line":38,"column":62},"end":{"line":52,"column":3}},"line":38},"3":{"name":"(anonymous_3)","decl":{"start":{"line":58,"column":35},"end":{"line":58,"column":36}},"loc":{"start":{"line":58,"column":41},"end":{"line":58,"column":54}},"line":58},"4":{"name":"(anonymous_4)","decl":{"start":{"line":66,"column":25},"end":{"line":66,"column":26}},"loc":{"start":{"line":67,"column":10},"end":{"line":95,"column":17}},"line":67},"5":{"name":"(anonymous_5)","decl":{"start":{"line":90,"column":32},"end":{"line":90,"column":33}},"loc":{"start":{"line":90,"column":43},"end":{"line":90,"column":74}},"line":90},"6":{"name":"(anonymous_6)","decl":{"start":{"line":103,"column":19},"end":{"line":103,"column":20}},"loc":{"start":{"line":103,"column":25},"end":{"line":103,"column":38}},"line":103}},"branchMap":{"0":{"loc":{"start":{"line":41,"column":21},"end":{"line":41,"column":41}},"type":"binary-expr","locations":[{"start":{"line":41,"column":21},"end":{"line":41,"column":36}},{"start":{"line":41,"column":40},"end":{"line":41,"column":41}}],"line":41},"1":{"loc":{"start":{"line":48,"column":17},"end":{"line":48,"column":63}},"type":"cond-expr","locations":[{"start":{"line":48,"column":37},"end":{"line":48,"column":51}},{"start":{"line":48,"column":54},"end":{"line":48,"column":63}}],"line":48}},"s":{"0":0,"1":0,"2":0,"3":0,"4":0,"5":0,"6":0,"7":0,"8":0,"9":0,"10":0,"11":0,"12":0,"13":0},"f":{"0":0,"1":0,"2":0,"3":0,"4":0,"5":0,"6":0},"b":{"0":[0,0],"1":[0,0]}}
,"/Users/srav/projects/ReactNative/pf-app/app/(tabs)/(Settings)/chatbot.tsx": {"path":"/Users/srav/projects/ReactNative/pf-app/app/(tabs)/(Settings)/chatbot.tsx","statementMap":{"0":{"start":{"line":7,"column":16},"end":{"line":131,"column":1}},"1":{"start":{"line":8,"column":28},"end":{"line":8,"column":40}},"2":{"start":{"line":9,"column":34},"end":{"line":9,"column":79}},"3":{"start":{"line":10,"column":36},"end":{"line":10,"column":51}},"4":{"start":{"line":12,"column":21},"end":{"line":47,"column":3}},"5":{"start":{"line":13,"column":4},"end":{"line":13,"column":30}},"6":{"start":{"line":13,"column":23},"end":{"line":13,"column":30}},"7":{"start":{"line":15,"column":24},"end":{"line":15,"column":29}},"8":{"start":{"line":16,"column":4},"end":{"line":16,"column":67}},"9":{"start":{"line":16,"column":24},"end":{"line":16,"column":65}},"10":{"start":{"line":17,"column":4},"end":{"line":17,"column":17}},"11":{"start":{"line":18,"column":4},"end":{"line":18,"column":23}},"12":{"start":{"line":20,"column":4},"end":{"line":46,"column":5}},"13":{"start":{"line":21,"column":21},"end":{"line":21,"column":60}},"14":{"start":{"line":22,"column":21},"end":{"line":22,"column":60}},"15":{"start":{"line":24,"column":6},"end":{"line":26,"column":7}},"16":{"start":{"line":25,"column":8},"end":{"line":25,"column":50}},"17":{"start":{"line":28,"column":23},"end":{"line":31,"column":8}},"18":{"start":{"line":33,"column":6},"end":{"line":37,"column":9}},"19":{"start":{"line":34,"column":32},"end":{"line":34,"column":41}},"20":{"start":{"line":35,"column":8},"end":{"line":35,"column":78}},"21":{"start":{"line":36,"column":8},"end":{"line":36,"column":31}},"22":{"start":{"line":39,"column":6},"end":{"line":43,"column":9}},"23":{"start":{"line":40,"column":32},"end":{"line":40,"column":41}},"24":{"start":{"line":41,"column":8},"end":{"line":41,"column":142}},"25":{"start":{"line":42,"column":8},"end":{"line":42,"column":31}},"26":{"start":{"line":45,"column":6},"end":{"line":45,"column":26}},"27":{"start":{"line":49,"column":2},"end":{"line":130,"column":4}},"28":{"start":{"line":58,"column":27},"end":{"line":58,"column":69}},"29":{"start":{"line":82,"column":10},"end":{"line":104,"column":17}}},"fnMap":{"0":{"name":"(anonymous_0)","decl":{"start":{"line":7,"column":16},"end":{"line":7,"column":17}},"loc":{"start":{"line":7,"column":22},"end":{"line":131,"column":1}},"line":7},"1":{"name":"(anonymous_1)","decl":{"start":{"line":12,"column":21},"end":{"line":12,"column":22}},"loc":{"start":{"line":12,"column":33},"end":{"line":47,"column":3}},"line":12},"2":{"name":"(anonymous_2)","decl":{"start":{"line":16,"column":16},"end":{"line":16,"column":17}},"loc":{"start":{"line":16,"column":24},"end":{"line":16,"column":65}},"line":16},"3":{"name":"(anonymous_3)","decl":{"start":{"line":33,"column":18},"end":{"line":33,"column":19}},"loc":{"start":{"line":33,"column":26},"end":{"line":37,"column":7}},"line":33},"4":{"name":"(anonymous_4)","decl":{"start":{"line":39,"column":18},"end":{"line":39,"column":19}},"loc":{"start":{"line":39,"column":26},"end":{"line":43,"column":7}},"line":39},"5":{"name":"(anonymous_5)","decl":{"start":{"line":58,"column":21},"end":{"line":58,"column":22}},"loc":{"start":{"line":58,"column":27},"end":{"line":58,"column":69}},"line":58},"6":{"name":"(anonymous_6)","decl":{"start":{"line":81,"column":22},"end":{"line":81,"column":23}},"loc":{"start":{"line":82,"column":10},"end":{"line":104,"column":17}},"line":82}},"branchMap":{"0":{"loc":{"start":{"line":13,"column":4},"end":{"line":13,"column":30}},"type":"if","locations":[{"start":{"line":13,"column":4},"end":{"line":13,"column":30}},{"start":{},"end":{}}],"line":13},"1":{"loc":{"start":{"line":24,"column":6},"end":{"line":26,"column":7}},"type":"if","locations":[{"start":{"line":24,"column":6},"end":{"line":26,"column":7}},{"start":{},"end":{}}],"line":24},"2":{"loc":{"start":{"line":51,"column":16},"end":{"line":51,"column":60}},"type":"cond-expr","locations":[{"start":{"line":51,"column":40},"end":{"line":51,"column":49}},{"start":{"line":51,"column":52},"end":{"line":51,"column":60}}],"line":51},"3":{"loc":{"start":{"line":100,"column":19},"end":{"line":100,"column":65}},"type":"binary-expr","locations":[{"start":{"line":100,"column":19},"end":{"line":100,"column":26}},{"start":{"line":100,"column":31},"end":{"line":100,"column":64}}],"line":100},"4":{"loc":{"start":{"line":100,"column":31},"end":{"line":100,"column":64}},"type":"cond-expr","locations":[{"start":{"line":100,"column":43},"end":{"line":100,"column":56}},{"start":{"line":100,"column":59},"end":{"line":100,"column":64}}],"line":100},"5":{"loc":{"start":{"line":122,"column":22},"end":{"line":122,"column":48}},"type":"binary-expr","locations":[{"start":{"line":122,"column":22},"end":{"line":122,"column":31}},{"start":{"line":122,"column":35},"end":{"line":122,"column":48}}],"line":122},"6":{"loc":{"start":{"line":123,"column":43},"end":{"line":123,"column":76}},"type":"cond-expr","locations":[{"start":{"line":123,"column":59},"end":{"line":123,"column":71}},{"start":{"line":123,"column":74},"end":{"line":123,"column":76}}],"line":123}},"s":{"0":0,"1":0,"2":0,"3":0,"4":0,"5":0,"6":0,"7":0,"8":0,"9":0,"10":0,"11":0,"12":0,"13":0,"14":0,"15":0,"16":0,"17":0,"18":0,"19":0,"20":0,"21":0,"22":0,"23":0,"24":0,"25":0,"26":0,"27":0,"28":0,"29":0},"f":{"0":0,"1":0,"2":0,"3":0,"4":0,"5":0,"6":0},"b":{"0":[0,0],"1":[0,0],"2":[0,0],"3":[0,0],"4":[0,0],"5":[0,0],"6":[0,0]}}
,"/Users/srav/projects/ReactNative/pf-app/app/(tabs)/(Settings)/settings.tsx": {"path":"/Users/srav/projects/ReactNative/pf-app/app/(tabs)/(Settings)/settings.tsx","statementMap":{"0":{"start":{"line":7,"column":17},"end":{"line":7,"column":28}},"1":{"start":{"line":8,"column":23},"end":{"line":8,"column":67}},"2":{"start":{"line":9,"column":32},"end":{"line":9,"column":73}},"3":{"start":{"line":11,"column":2},"end":{"line":41,"column":17}},"4":{"start":{"line":12,"column":25},"end":{"line":38,"column":5}},"5":{"start":{"line":13,"column":6},"end":{"line":37,"column":7}},"6":{"start":{"line":15,"column":8},"end":{"line":19,"column":9}},"7":{"start":{"line":16,"column":10},"end":{"line":16,"column":60}},"8":{"start":{"line":17,"column":10},"end":{"line":17,"column":31}},"9":{"start":{"line":18,"column":10},"end":{"line":18,"column":17}},"10":{"start":{"line":22,"column":25},"end":{"line":22,"column":82}},"11":{"start":{"line":23,"column":8},"end":{"line":25,"column":9}},"12":{"start":{"line":24,"column":10},"end":{"line":24,"column":60}},"13":{"start":{"line":26,"column":21},"end":{"line":26,"column":42}},"14":{"start":{"line":27,"column":8},"end":{"line":27,"column":45}},"15":{"start":{"line":28,"column":8},"end":{"line":30,"column":9}},"16":{"start":{"line":29,"column":10},"end":{"line":29,"column":47}},"17":{"start":{"line":32,"column":8},"end":{"line":32,"column":57}},"18":{"start":{"line":34,"column":8},"end":{"line":36,"column":9}},"19":{"start":{"line":35,"column":10},"end":{"line":35,"column":78}},"20":{"start":{"line":40,"column":4},"end":{"line":40,"column":19}},"21":{"start":{"line":43,"column":23},"end":{"line":66,"column":3}},"22":{"start":{"line":44,"column":4},"end":{"line":65,"column":5}},"23":{"start":{"line":46,"column":23},"end":{"line":52,"column":8}},"24":{"start":{"line":55,"column":6},"end":{"line":55,"column":41}},"25":{"start":{"line":59,"column":6},"end":{"line":59,"column":26}},"26":{"start":{"line":62,"column":6},"end":{"line":62,"column":44}},"27":{"start":{"line":64,"column":6},"end":{"line":64,"column":26}},"28":{"start":{"line":68,"column":25},"end":{"line":89,"column":3}},"29":{"start":{"line":76,"column":4},"end":{"line":88,"column":23}},"30":{"start":{"line":91,"column":2},"end":{"line":97,"column":3}},"31":{"start":{"line":92,"column":4},"end":{"line":96,"column":6}},"32":{"start":{"line":99,"column":2},"end":{"line":185,"column":4}},"33":{"start":{"line":106,"column":14},"end":{"line":106,"column":82}},"34":{"start":{"line":107,"column":14},"end":{"line":107,"column":60}},"35":{"start":{"line":126,"column":16},"end":{"line":126,"column":64}},"36":{"start":{"line":137,"column":12},"end":{"line":137,"column":79}},"37":{"start":{"line":138,"column":12},"end":{"line":138,"column":61}},"38":{"start":{"line":149,"column":16},"end":{"line":149,"column":64}},"39":{"start":{"line":159,"column":16},"end":{"line":159,"column":64}},"40":{"start":{"line":169,"column":16},"end":{"line":169,"column":64}},"41":{"start":{"line":179,"column":16},"end":{"line":179,"column":59}}},"fnMap":{"0":{"name":"SettingsView","decl":{"start":{"line":6,"column":24},"end":{"line":6,"column":36}},"loc":{"start":{"line":6,"column":39},"end":{"line":186,"column":1}},"line":6},"1":{"name":"(anonymous_1)","decl":{"start":{"line":11,"column":12},"end":{"line":11,"column":13}},"loc":{"start":{"line":11,"column":18},"end":{"line":41,"column":3}},"line":11},"2":{"name":"(anonymous_2)","decl":{"start":{"line":12,"column":25},"end":{"line":12,"column":26}},"loc":{"start":{"line":12,"column":37},"end":{"line":38,"column":5}},"line":12},"3":{"name":"(anonymous_3)","decl":{"start":{"line":43,"column":23},"end":{"line":43,"column":24}},"loc":{"start":{"line":43,"column":35},"end":{"line":66,"column":3}},"line":43},"4":{"name":"(anonymous_4)","decl":{"start":{"line":68,"column":25},"end":{"line":68,"column":26}},"loc":{"start":{"line":76,"column":4},"end":{"line":88,"column":23}},"line":76},"5":{"name":"(anonymous_5)","decl":{"start":{"line":105,"column":39},"end":{"line":105,"column":40}},"loc":{"start":{"line":105,"column":45},"end":{"line":108,"column":13}},"line":105},"6":{"name":"(anonymous_6)","decl":{"start":{"line":126,"column":10},"end":{"line":126,"column":11}},"loc":{"start":{"line":126,"column":16},"end":{"line":126,"column":64}},"line":126},"7":{"name":"(anonymous_7)","decl":{"start":{"line":136,"column":10},"end":{"line":136,"column":11}},"loc":{"start":{"line":136,"column":16},"end":{"line":139,"column":11}},"line":136},"8":{"name":"(anonymous_8)","decl":{"start":{"line":149,"column":10},"end":{"line":149,"column":11}},"loc":{"start":{"line":149,"column":16},"end":{"line":149,"column":64}},"line":149},"9":{"name":"(anonymous_9)","decl":{"start":{"line":159,"column":10},"end":{"line":159,"column":11}},"loc":{"start":{"line":159,"column":16},"end":{"line":159,"column":64}},"line":159},"10":{"name":"(anonymous_10)","decl":{"start":{"line":169,"column":10},"end":{"line":169,"column":11}},"loc":{"start":{"line":169,"column":16},"end":{"line":169,"column":64}},"line":169},"11":{"name":"(anonymous_11)","decl":{"start":{"line":179,"column":10},"end":{"line":179,"column":11}},"loc":{"start":{"line":179,"column":16},"end":{"line":179,"column":59}},"line":179}},"branchMap":{"0":{"loc":{"start":{"line":9,"column":56},"end":{"line":9,"column":72}},"type":"binary-expr","locations":[{"start":{"line":9,"column":56},"end":{"line":9,"column":64}},{"start":{"line":9,"column":68},"end":{"line":9,"column":72}}],"line":9},"1":{"loc":{"start":{"line":15,"column":8},"end":{"line":19,"column":9}},"type":"if","locations":[{"start":{"line":15,"column":8},"end":{"line":19,"column":9}},{"start":{},"end":{}}],"line":15},"2":{"loc":{"start":{"line":23,"column":8},"end":{"line":25,"column":9}},"type":"if","locations":[{"start":{"line":23,"column":8},"end":{"line":25,"column":9}},{"start":{},"end":{}}],"line":23},"3":{"loc":{"start":{"line":28,"column":8},"end":{"line":30,"column":9}},"type":"if","locations":[{"start":{"line":28,"column":8},"end":{"line":30,"column":9}},{"start":{},"end":{}}],"line":28},"4":{"loc":{"start":{"line":34,"column":8},"end":{"line":36,"column":9}},"type":"if","locations":[{"start":{"line":34,"column":8},"end":{"line":36,"column":9}},{"start":{},"end":{}}],"line":34},"5":{"loc":{"start":{"line":91,"column":2},"end":{"line":97,"column":3}},"type":"if","locations":[{"start":{"line":91,"column":2},"end":{"line":97,"column":3}},{"start":{},"end":{}}],"line":91}},"s":{"0":0,"1":0,"2":0,"3":0,"4":0,"5":0,"6":0,"7":0,"8":0,"9":0,"10":0,"11":0,"12":0,"13":0,"14":0,"15":0,"16":0,"17":0,"18":0,"19":0,"20":0,"21":0,"22":0,"23":0,"24":0,"25":0,"26":0,"27":0,"28":0,"29":0,"30":0,"31":0,"32":0,"33":0,"34":0,"35":0,"36":0,"37":0,"38":0,"39":0,"40":0,"41":0},"f":{"0":0,"1":0,"2":0,"3":0,"4":0,"5":0,"6":0,"7":0,"8":0,"9":0,"10":0,"11":0},"b":{"0":[0,0],"1":[0,0],"2":[0,0],"3":[0,0],"4":[0,0],"5":[0,0]}}
,"/Users/srav/projects/ReactNative/pf-app/app/(tabs)/(Transactions)/_layout.tsx": {"path":"/Users/srav/projects/ReactNative/pf-app/app/(tabs)/(Transactions)/_layout.tsx","statementMap":{"0":{"start":{"line":7,"column":2},"end":{"line":18,"column":4}}},"fnMap":{"0":{"name":"RootLayout","decl":{"start":{"line":5,"column":24},"end":{"line":5,"column":34}},"loc":{"start":{"line":5,"column":37},"end":{"line":19,"column":1}},"line":5}},"branchMap":{},"s":{"0":0},"f":{"0":0},"b":{}}
,"/Users/srav/projects/ReactNative/pf-app/app/(tabs)/(Transactions)/accountDetails.tsx": {"path":"/Users/srav/projects/ReactNative/pf-app/app/(tabs)/(Transactions)/accountDetails.tsx","statementMap":{"0":{"start":{"line":28,"column":29},"end":{"line":48,"column":1}},"1":{"start":{"line":29,"column":2},"end":{"line":35,"column":3}},"2":{"start":{"line":30,"column":4},"end":{"line":34,"column":6}},"3":{"start":{"line":36,"column":2},"end":{"line":42,"column":3}},"4":{"start":{"line":37,"column":4},"end":{"line":41,"column":6}},"5":{"start":{"line":43,"column":2},"end":{"line":47,"column":4}},"6":{"start":{"line":50,"column":25},"end":{"line":57,"column":1}},"7":{"start":{"line":51,"column":16},"end":{"line":51,"column":17}},"8":{"start":{"line":52,"column":2},"end":{"line":55,"column":5}},"9":{"start":{"line":53,"column":4},"end":{"line":53,"column":38}},"10":{"start":{"line":54,"column":4},"end":{"line":54,"column":37}},"11":{"start":{"line":56,"column":2},"end":{"line":56,"column":17}},"12":{"start":{"line":60,"column":21},"end":{"line":60,"column":36}},"13":{"start":{"line":61,"column":16},"end":{"line":61,"column":26}},"14":{"start":{"line":62,"column":34},"end":{"line":62,"column":89}},"15":{"start":{"line":63,"column":42},"end":{"line":63,"column":69}},"16":{"start":{"line":64,"column":18},"end":{"line":64,"column":48}},"17":{"start":{"line":65,"column":40},"end":{"line":65,"column":52}},"18":{"start":{"line":67,"column":32},"end":{"line":67,"column":62}},"19":{"start":{"line":68,"column":32},"end":{"line":68,"column":46}},"20":{"start":{"line":70,"column":2},"end":{"line":91,"column":18}},"21":{"start":{"line":71,"column":4},"end":{"line":71,"column":27}},"22":{"start":{"line":71,"column":20},"end":{"line":71,"column":27}},"23":{"start":{"line":72,"column":22},"end":{"line":89,"column":5}},"24":{"start":{"line":73,"column":6},"end":{"line":88,"column":7}},"25":{"start":{"line":75,"column":23},"end":{"line":75,"column":68}},"26":{"start":{"line":76,"column":24},"end":{"line":76,"column":43}},"27":{"start":{"line":77,"column":22},"end":{"line":77,"column":70}},"28":{"start":{"line":77,"column":51},"end":{"line":77,"column":69}},"29":{"start":{"line":78,"column":8},"end":{"line":78,"column":26}},"30":{"start":{"line":81,"column":22},"end":{"line":81,"column":116}},"31":{"start":{"line":82,"column":23},"end":{"line":82,"column":41}},"32":{"start":{"line":83,"column":8},"end":{"line":83,"column":32}},"33":{"start":{"line":85,"column":8},"end":{"line":85,"column":81}},"34":{"start":{"line":87,"column":8},"end":{"line":87,"column":26}},"35":{"start":{"line":90,"column":4},"end":{"line":90,"column":16}},"36":{"start":{"line":93,"column":2},"end":{"line":95,"column":3}},"37":{"start":{"line":94,"column":4},"end":{"line":94,"column":88}},"38":{"start":{"line":97,"column":2},"end":{"line":99,"column":3}},"39":{"start":{"line":98,"column":4},"end":{"line":98,"column":59}},"40":{"start":{"line":101,"column":2},"end":{"line":169,"column":4}},"41":{"start":{"line":105,"column":41},"end":{"line":105,"column":60}},"42":{"start":{"line":143,"column":14},"end":{"line":144,"column":84}},"43":{"start":{"line":148,"column":55},"end":{"line":148,"column":79}},"44":{"start":{"line":149,"column":14},"end":{"line":164,"column":16}}},"fnMap":{"0":{"name":"(anonymous_0)","decl":{"start":{"line":28,"column":29},"end":{"line":28,"column":30}},"loc":{"start":{"line":28,"column":59},"end":{"line":48,"column":1}},"line":28},"1":{"name":"(anonymous_1)","decl":{"start":{"line":50,"column":25},"end":{"line":50,"column":26}},"loc":{"start":{"line":50,"column":58},"end":{"line":57,"column":1}},"line":50},"2":{"name":"(anonymous_2)","decl":{"start":{"line":52,"column":23},"end":{"line":52,"column":24}},"loc":{"start":{"line":52,"column":32},"end":{"line":55,"column":3}},"line":52},"3":{"name":"AccountDetails","decl":{"start":{"line":59,"column":24},"end":{"line":59,"column":38}},"loc":{"start":{"line":59,"column":41},"end":{"line":170,"column":1}},"line":59},"4":{"name":"(anonymous_4)","decl":{"start":{"line":70,"column":12},"end":{"line":70,"column":13}},"loc":{"start":{"line":70,"column":18},"end":{"line":91,"column":3}},"line":70},"5":{"name":"(anonymous_5)","decl":{"start":{"line":72,"column":22},"end":{"line":72,"column":23}},"loc":{"start":{"line":72,"column":34},"end":{"line":89,"column":5}},"line":72},"6":{"name":"(anonymous_6)","decl":{"start":{"line":77,"column":35},"end":{"line":77,"column":36}},"loc":{"start":{"line":77,"column":51},"end":{"line":77,"column":69}},"line":77},"7":{"name":"(anonymous_7)","decl":{"start":{"line":105,"column":35},"end":{"line":105,"column":36}},"loc":{"start":{"line":105,"column":41},"end":{"line":105,"column":60}},"line":105},"8":{"name":"(anonymous_8)","decl":{"start":{"line":142,"column":20},"end":{"line":142,"column":21}},"loc":{"start":{"line":143,"column":14},"end":{"line":144,"column":84}},"line":143},"9":{"name":"(anonymous_9)","decl":{"start":{"line":147,"column":17},"end":{"line":147,"column":18}},"loc":{"start":{"line":147,"column":25},"end":{"line":165,"column":13}},"line":147}},"branchMap":{"0":{"loc":{"start":{"line":29,"column":2},"end":{"line":35,"column":3}},"type":"if","locations":[{"start":{"line":29,"column":2},"end":{"line":35,"column":3}},{"start":{},"end":{}}],"line":29},"1":{"loc":{"start":{"line":33,"column":16},"end":{"line":33,"column":49}},"type":"binary-expr","locations":[{"start":{"line":33,"column":16},"end":{"line":33,"column":42}},{"start":{"line":33,"column":46},"end":{"line":33,"column":49}}],"line":33},"2":{"loc":{"start":{"line":36,"column":2},"end":{"line":42,"column":3}},"type":"if","locations":[{"start":{"line":36,"column":2},"end":{"line":42,"column":3}},{"start":{},"end":{}}],"line":36},"3":{"loc":{"start":{"line":40,"column":16},"end":{"line":40,"column":49}},"type":"binary-expr","locations":[{"start":{"line":40,"column":16},"end":{"line":40,"column":42}},{"start":{"line":40,"column":46},"end":{"line":40,"column":49}}],"line":40},"4":{"loc":{"start":{"line":53,"column":15},"end":{"line":53,"column":37}},"type":"binary-expr","locations":[{"start":{"line":53,"column":15},"end":{"line":53,"column":32}},{"start":{"line":53,"column":36},"end":{"line":53,"column":37}}],"line":53},"5":{"loc":{"start":{"line":54,"column":15},"end":{"line":54,"column":36}},"type":"binary-expr","locations":[{"start":{"line":54,"column":15},"end":{"line":54,"column":31}},{"start":{"line":54,"column":35},"end":{"line":54,"column":36}}],"line":54},"6":{"loc":{"start":{"line":71,"column":4},"end":{"line":71,"column":27}},"type":"if","locations":[{"start":{"line":71,"column":4},"end":{"line":71,"column":27}},{"start":{},"end":{}}],"line":71},"7":{"loc":{"start":{"line":93,"column":2},"end":{"line":95,"column":3}},"type":"if","locations":[{"start":{"line":93,"column":2},"end":{"line":95,"column":3}},{"start":{},"end":{}}],"line":93},"8":{"loc":{"start":{"line":97,"column":2},"end":{"line":99,"column":3}},"type":"if","locations":[{"start":{"line":97,"column":2},"end":{"line":99,"column":3}},{"start":{},"end":{}}],"line":97},"9":{"loc":{"start":{"line":121,"column":11},"end":{"line":121,"column":71}},"type":"cond-expr","locations":[{"start":{"line":121,"column":39},"end":{"line":121,"column":44}},{"start":{"line":121,"column":47},"end":{"line":121,"column":71}}],"line":121},"10":{"loc":{"start":{"line":138,"column":9},"end":{"line":166,"column":9}},"type":"cond-expr","locations":[{"start":{"line":139,"column":10},"end":{"line":139,"column":75}},{"start":{"line":141,"column":10},"end":{"line":165,"column":14}}],"line":138},"11":{"loc":{"start":{"line":143,"column":14},"end":{"line":144,"column":84}},"type":"binary-expr","locations":[{"start":{"line":143,"column":14},"end":{"line":143,"column":84}},{"start":{"line":144,"column":14},"end":{"line":144,"column":84}}],"line":143},"12":{"loc":{"start":{"line":152,"column":21},"end":{"line":156,"column":21}},"type":"cond-expr","locations":[{"start":{"line":153,"column":22},"end":{"line":153,"column":93}},{"start":{"line":155,"column":22},"end":{"line":155,"column":91}}],"line":152},"13":{"loc":{"start":{"line":162,"column":52},"end":{"line":162,"column":98}},"type":"cond-expr","locations":[{"start":{"line":162,"column":65},"end":{"line":162,"column":81}},{"start":{"line":162,"column":84},"end":{"line":162,"column":98}}],"line":162}},"s":{"0":0,"1":0,"2":0,"3":0,"4":0,"5":0,"6":0,"7":0,"8":0,"9":0,"10":0,"11":0,"12":0,"13":0,"14":0,"15":0,"16":0,"17":0,"18":0,"19":0,"20":0,"21":0,"22":0,"23":0,"24":0,"25":0,"26":0,"27":0,"28":0,"29":0,"30":0,"31":0,"32":0,"33":0,"34":0,"35":0,"36":0,"37":0,"38":0,"39":0,"40":0,"41":0,"42":0,"43":0,"44":0},"f":{"0":0,"1":0,"2":0,"3":0,"4":0,"5":0,"6":0,"7":0,"8":0,"9":0},"b":{"0":[0,0],"1":[0,0],"2":[0,0],"3":[0,0],"4":[0,0],"5":[0,0],"6":[0,0],"7":[0,0],"8":[0,0],"9":[0,0],"10":[0,0],"11":[0,0],"12":[0,0],"13":[0,0]}}
,"/Users/srav/projects/ReactNative/pf-app/app/(tabs)/(Transactions)/dashboard.tsx": {"path":"/Users/srav/projects/ReactNative/pf-app/app/(tabs)/(Transactions)/dashboard.tsx","statementMap":{"0":{"start":{"line":17,"column":16},"end":{"line":17,"column":48}},"1":{"start":{"line":32,"column":17},"end":{"line":32,"column":28}},"2":{"start":{"line":33,"column":23},"end":{"line":33,"column":67}},"3":{"start":{"line":34,"column":42},"end":{"line":34,"column":69}},"4":{"start":{"line":35,"column":34},"end":{"line":35,"column":57}},"5":{"start":{"line":36,"column":32},"end":{"line":36,"column":46}},"6":{"start":{"line":38,"column":2},"end":{"line":38,"column":47}},"7":{"start":{"line":40,"column":2},"end":{"line":57,"column":17}},"8":{"start":{"line":41,"column":20},"end":{"line":41,"column":24}},"9":{"start":{"line":42,"column":4},"end":{"line":42,"column":26}},"10":{"start":{"line":42,"column":19},"end":{"line":42,"column":26}},"11":{"start":{"line":43,"column":26},"end":{"line":54,"column":5}},"12":{"start":{"line":44,"column":6},"end":{"line":53,"column":7}},"13":{"start":{"line":45,"column":25},"end":{"line":45,"column":91}},"14":{"start":{"line":46,"column":21},"end":{"line":46,"column":42}},"15":{"start":{"line":47,"column":8},"end":{"line":47,"column":44}},"16":{"start":{"line":48,"column":8},"end":{"line":48,"column":41}},"17":{"start":{"line":48,"column":23},"end":{"line":48,"column":41}},"18":{"start":{"line":50,"column":8},"end":{"line":50,"column":73}},"19":{"start":{"line":50,"column":23},"end":{"line":50,"column":73}},"20":{"start":{"line":52,"column":8},"end":{"line":52,"column":41}},"21":{"start":{"line":52,"column":23},"end":{"line":52,"column":41}},"22":{"start":{"line":55,"column":4},"end":{"line":55,"column":20}},"23":{"start":{"line":56,"column":4},"end":{"line":56,"column":40}},"24":{"start":{"line":56,"column":19},"end":{"line":56,"column":37}},"25":{"start":{"line":59,"column":2},"end":{"line":87,"column":17}},"26":{"start":{"line":60,"column":20},"end":{"line":60,"column":24}},"27":{"start":{"line":61,"column":4},"end":{"line":61,"column":26}},"28":{"start":{"line":61,"column":19},"end":{"line":61,"column":26}},"29":{"start":{"line":62,"column":30},"end":{"line":84,"column":5}},"30":{"start":{"line":63,"column":6},"end":{"line":83,"column":7}},"31":{"start":{"line":64,"column":25},"end":{"line":64,"column":95}},"32":{"start":{"line":65,"column":21},"end":{"line":65,"column":42}},"33":{"start":{"line":66,"column":8},"end":{"line":66,"column":48}},"34":{"start":{"line":69,"column":23},"end":{"line":78,"column":11}},"35":{"start":{"line":69,"column":47},"end":{"line":78,"column":9}},"36":{"start":{"line":80,"column":8},"end":{"line":80,"column":47}},"37":{"start":{"line":80,"column":23},"end":{"line":80,"column":47}},"38":{"start":{"line":82,"column":8},"end":{"line":82,"column":77}},"39":{"start":{"line":82,"column":23},"end":{"line":82,"column":77}},"40":{"start":{"line":85,"column":4},"end":{"line":85,"column":24}},"41":{"start":{"line":86,"column":4},"end":{"line":86,"column":40}},"42":{"start":{"line":86,"column":19},"end":{"line":86,"column":37}},"43":{"start":{"line":89,"column":29},"end":{"line":94,"column":3}},"44":{"start":{"line":90,"column":4},"end":{"line":93,"column":7}},"45":{"start":{"line":96,"column":2},"end":{"line":102,"column":3}},"46":{"start":{"line":97,"column":4},"end":{"line":101,"column":6}},"47":{"start":{"line":104,"column":2},"end":{"line":158,"column":4}},"48":{"start":{"line":110,"column":12},"end":{"line":110,"column":75}},"49":{"start":{"line":111,"column":12},"end":{"line":111,"column":58}},"50":{"start":{"line":126,"column":10},"end":{"line":138,"column":29}},"51":{"start":{"line":129,"column":27},"end":{"line":129,"column":57}},"52":{"start":{"line":146,"column":10},"end":{"line":154,"column":17}}},"fnMap":{"0":{"name":"Dashboard","decl":{"start":{"line":31,"column":24},"end":{"line":31,"column":33}},"loc":{"start":{"line":31,"column":36},"end":{"line":159,"column":1}},"line":31},"1":{"name":"(anonymous_1)","decl":{"start":{"line":40,"column":12},"end":{"line":40,"column":13}},"loc":{"start":{"line":40,"column":18},"end":{"line":57,"column":3}},"line":40},"2":{"name":"(anonymous_2)","decl":{"start":{"line":43,"column":26},"end":{"line":43,"column":27}},"loc":{"start":{"line":43,"column":38},"end":{"line":54,"column":5}},"line":43},"3":{"name":"(anonymous_3)","decl":{"start":{"line":56,"column":11},"end":{"line":56,"column":12}},"loc":{"start":{"line":56,"column":17},"end":{"line":56,"column":39}},"line":56},"4":{"name":"(anonymous_4)","decl":{"start":{"line":59,"column":12},"end":{"line":59,"column":13}},"loc":{"start":{"line":59,"column":18},"end":{"line":87,"column":3}},"line":59},"5":{"name":"(anonymous_5)","decl":{"start":{"line":62,"column":30},"end":{"line":62,"column":31}},"loc":{"start":{"line":62,"column":42},"end":{"line":84,"column":5}},"line":62},"6":{"name":"(anonymous_6)","decl":{"start":{"line":69,"column":32},"end":{"line":69,"column":33}},"loc":{"start":{"line":69,"column":47},"end":{"line":78,"column":9}},"line":69},"7":{"name":"(anonymous_7)","decl":{"start":{"line":86,"column":11},"end":{"line":86,"column":12}},"loc":{"start":{"line":86,"column":17},"end":{"line":86,"column":39}},"line":86},"8":{"name":"(anonymous_8)","decl":{"start":{"line":89,"column":29},"end":{"line":89,"column":30}},"loc":{"start":{"line":89,"column":52},"end":{"line":94,"column":3}},"line":89},"9":{"name":"(anonymous_9)","decl":{"start":{"line":109,"column":19},"end":{"line":109,"column":20}},"loc":{"start":{"line":109,"column":25},"end":{"line":112,"column":11}},"line":109},"10":{"name":"(anonymous_10)","decl":{"start":{"line":125,"column":21},"end":{"line":125,"column":22}},"loc":{"start":{"line":126,"column":10},"end":{"line":138,"column":29}},"line":126},"11":{"name":"(anonymous_11)","decl":{"start":{"line":129,"column":21},"end":{"line":129,"column":22}},"loc":{"start":{"line":129,"column":27},"end":{"line":129,"column":57}},"line":129},"12":{"name":"(anonymous_12)","decl":{"start":{"line":145,"column":36},"end":{"line":145,"column":37}},"loc":{"start":{"line":146,"column":10},"end":{"line":154,"column":17}},"line":146}},"branchMap":{"0":{"loc":{"start":{"line":42,"column":4},"end":{"line":42,"column":26}},"type":"if","locations":[{"start":{"line":42,"column":4},"end":{"line":42,"column":26}},{"start":{},"end":{}}],"line":42},"1":{"loc":{"start":{"line":48,"column":8},"end":{"line":48,"column":41}},"type":"if","locations":[{"start":{"line":48,"column":8},"end":{"line":48,"column":41}},{"start":{},"end":{}}],"line":48},"2":{"loc":{"start":{"line":50,"column":8},"end":{"line":50,"column":73}},"type":"if","locations":[{"start":{"line":50,"column":8},"end":{"line":50,"column":73}},{"start":{},"end":{}}],"line":50},"3":{"loc":{"start":{"line":52,"column":8},"end":{"line":52,"column":41}},"type":"if","locations":[{"start":{"line":52,"column":8},"end":{"line":52,"column":41}},{"start":{},"end":{}}],"line":52},"4":{"loc":{"start":{"line":61,"column":4},"end":{"line":61,"column":26}},"type":"if","locations":[{"start":{"line":61,"column":4},"end":{"line":61,"column":26}},{"start":{},"end":{}}],"line":61},"5":{"loc":{"start":{"line":71,"column":16},"end":{"line":71,"column":53}},"type":"binary-expr","locations":[{"start":{"line":71,"column":16},"end":{"line":71,"column":36}},{"start":{"line":71,"column":40},"end":{"line":71,"column":53}}],"line":71},"6":{"loc":{"start":{"line":72,"column":16},"end":{"line":72,"column":42}},"type":"binary-expr","locations":[{"start":{"line":72,"column":16},"end":{"line":72,"column":36}},{"start":{"line":72,"column":40},"end":{"line":72,"column":42}}],"line":72},"7":{"loc":{"start":{"line":73,"column":18},"end":{"line":77,"column":19}},"type":"cond-expr","locations":[{"start":{"line":74,"column":14},"end":{"line":74,"column":42}},{"start":{"line":75,"column":14},"end":{"line":77,"column":19}}],"line":73},"8":{"loc":{"start":{"line":75,"column":14},"end":{"line":77,"column":19}},"type":"cond-expr","locations":[{"start":{"line":76,"column":16},"end":{"line":76,"column":46}},{"start":{"line":77,"column":16},"end":{"line":77,"column":19}}],"line":75},"9":{"loc":{"start":{"line":80,"column":8},"end":{"line":80,"column":47}},"type":"if","locations":[{"start":{"line":80,"column":8},"end":{"line":80,"column":47}},{"start":{},"end":{}}],"line":80},"10":{"loc":{"start":{"line":82,"column":8},"end":{"line":82,"column":77}},"type":"if","locations":[{"start":{"line":82,"column":8},"end":{"line":82,"column":77}},{"start":{},"end":{}}],"line":82},"11":{"loc":{"start":{"line":96,"column":2},"end":{"line":102,"column":3}},"type":"if","locations":[{"start":{"line":96,"column":2},"end":{"line":102,"column":3}},{"start":{},"end":{}}],"line":96},"12":{"loc":{"start":{"line":120,"column":7},"end":{"line":140,"column":7}},"type":"cond-expr","locations":[{"start":{"line":121,"column":8},"end":{"line":121,"column":58}},{"start":{"line":122,"column":10},"end":{"line":140,"column":7}}],"line":120},"13":{"loc":{"start":{"line":122,"column":10},"end":{"line":140,"column":7}},"type":"cond-expr","locations":[{"start":{"line":123,"column":8},"end":{"line":123,"column":65}},{"start":{"line":125,"column":8},"end":{"line":139,"column":10}}],"line":122},"14":{"loc":{"start":{"line":134,"column":18},"end":{"line":134,"column":93}},"type":"binary-expr","locations":[{"start":{"line":134,"column":18},"end":{"line":134,"column":55}},{"start":{"line":134,"column":59},"end":{"line":134,"column":86}},{"start":{"line":134,"column":90},"end":{"line":134,"column":93}}],"line":134}},"s":{"0":1,"1":8,"2":8,"3":8,"4":7,"5":7,"6":7,"7":7,"8":0,"9":0,"10":0,"11":0,"12":0,"13":0,"14":0,"15":0,"16":0,"17":0,"18":0,"19":0,"20":0,"21":0,"22":0,"23":0,"24":0,"25":7,"26":0,"27":0,"28":0,"29":0,"30":0,"31":0,"32":0,"33":0,"34":0,"35":0,"36":0,"37":0,"38":0,"39":0,"40":0,"41":0,"42":0,"43":7,"44":0,"45":7,"46":0,"47":7,"48":0,"49":0,"50":0,"51":0,"52":0},"f":{"0":8,"1":0,"2":0,"3":0,"4":0,"5":0,"6":0,"7":0,"8":0,"9":0,"10":0,"11":0,"12":0},"b":{"0":[0,0],"1":[0,0],"2":[0,0],"3":[0,0],"4":[0,0],"5":[0,0],"6":[0,0],"7":[0,0],"8":[0,0],"9":[0,0],"10":[0,0],"11":[0,7],"12":[7,0],"13":[0,0],"14":[0,0,0]},"_coverageSchema":"1a1c01bbd47fc00a2c39e90264f33305004495a9","hash":"f3c707217551922d8d5e87fb6d895d6c664deb2f"}
}
