{"/Users/srav/projects/pf-app/app/+not-found.tsx": {"path":"/Users/srav/projects/pf-app/app/+not-found.tsx","statementMap":{"0":{"start":{"line":5,"column":2},"end":{"line":12,"column":4}},"1":{"start":{"line":14,"column":15},"end":{"line":20,"column":2}}},"fnMap":{"0":{"name":"NotFoundScreen","decl":{"start":{"line":4,"column":24},"end":{"line":4,"column":38}},"loc":{"start":{"line":4,"column":41},"end":{"line":13,"column":1}},"line":4}},"branchMap":{},"s":{"0":0,"1":0},"f":{"0":0},"b":{}}
,"/Users/srav/projects/pf-app/app/_layout.tsx": {"path":"/Users/srav/projects/pf-app/app/_layout.tsx","statementMap":{"0":{"start":{"line":7,"column":22},"end":{"line":7,"column":38}},"1":{"start":{"line":8,"column":2},"end":{"line":16,"column":4}}},"fnMap":{"0":{"name":"RootLayout","decl":{"start":{"line":6,"column":24},"end":{"line":6,"column":34}},"loc":{"start":{"line":6,"column":37},"end":{"line":17,"column":1}},"line":6}},"branchMap":{"0":{"loc":{"start":{"line":9,"column":26},"end":{"line":9,"column":75}},"type":"cond-expr","locations":[{"start":{"line":9,"column":51},"end":{"line":9,"column":60}},{"start":{"line":9,"column":63},"end":{"line":9,"column":75}}],"line":9}},"s":{"0":0,"1":0},"f":{"0":0},"b":{"0":[0,0]}}
,"/Users/srav/projects/pf-app/app/(tabs)/_layout.tsx": {"path":"/Users/srav/projects/pf-app/app/(tabs)/_layout.tsx","statementMap":{"0":{"start":{"line":8,"column":22},"end":{"line":8,"column":38}},"1":{"start":{"line":9,"column":2},"end":{"line":35,"column":4}},"2":{"start":{"line":16,"column":8},"end":{"line":16,"column":103}},"3":{"start":{"line":21,"column":8},"end":{"line":21,"column":110}},"4":{"start":{"line":26,"column":8},"end":{"line":26,"column":110}},"5":{"start":{"line":31,"column":8},"end":{"line":31,"column":100}}},"fnMap":{"0":{"name":"TabLayout","decl":{"start":{"line":7,"column":24},"end":{"line":7,"column":33}},"loc":{"start":{"line":7,"column":36},"end":{"line":36,"column":1}},"line":7},"1":{"name":"(anonymous_1)","decl":{"start":{"line":15,"column":51},"end":{"line":15,"column":52}},"loc":{"start":{"line":16,"column":8},"end":{"line":16,"column":103}},"line":16},"2":{"name":"(anonymous_2)","decl":{"start":{"line":20,"column":45},"end":{"line":20,"column":46}},"loc":{"start":{"line":21,"column":8},"end":{"line":21,"column":110}},"line":21},"3":{"name":"(anonymous_3)","decl":{"start":{"line":25,"column":47},"end":{"line":25,"column":48}},"loc":{"start":{"line":26,"column":8},"end":{"line":26,"column":110}},"line":26},"4":{"name":"(anonymous_4)","decl":{"start":{"line":30,"column":47},"end":{"line":30,"column":48}},"loc":{"start":{"line":31,"column":8},"end":{"line":31,"column":100}},"line":31}},"branchMap":{"0":{"loc":{"start":{"line":11,"column":36},"end":{"line":11,"column":58}},"type":"binary-expr","locations":[{"start":{"line":11,"column":36},"end":{"line":11,"column":47}},{"start":{"line":11,"column":51},"end":{"line":11,"column":58}}],"line":11},"1":{"loc":{"start":{"line":16,"column":24},"end":{"line":16,"column":75}},"type":"cond-expr","locations":[{"start":{"line":16,"column":34},"end":{"line":16,"column":53}},{"start":{"line":16,"column":56},"end":{"line":16,"column":75}}],"line":16},"2":{"loc":{"start":{"line":21,"column":24},"end":{"line":21,"column":83}},"type":"cond-expr","locations":[{"start":{"line":21,"column":34},"end":{"line":21,"column":57}},{"start":{"line":21,"column":60},"end":{"line":21,"column":83}}],"line":21},"3":{"loc":{"start":{"line":26,"column":24},"end":{"line":26,"column":83}},"type":"cond-expr","locations":[{"start":{"line":26,"column":34},"end":{"line":26,"column":57}},{"start":{"line":26,"column":60},"end":{"line":26,"column":83}}],"line":26},"4":{"loc":{"start":{"line":31,"column":24},"end":{"line":31,"column":73}},"type":"cond-expr","locations":[{"start":{"line":31,"column":34},"end":{"line":31,"column":52}},{"start":{"line":31,"column":55},"end":{"line":31,"column":73}}],"line":31}},"s":{"0":0,"1":0,"2":0,"3":0,"4":0,"5":0},"f":{"0":0,"1":0,"2":0,"3":0,"4":0},"b":{"0":[0,0],"1":[0,0],"2":[0,0],"3":[0,0],"4":[0,0]}}
,"/Users/srav/projects/pf-app/app/(tabs)/(Budget)/_layout.tsx": {"path":"/Users/srav/projects/pf-app/app/(tabs)/(Budget)/_layout.tsx","statementMap":{"0":{"start":{"line":4,"column":2},"end":{"line":11,"column":4}}},"fnMap":{"0":{"name":"Layout","decl":{"start":{"line":3,"column":24},"end":{"line":3,"column":30}},"loc":{"start":{"line":3,"column":33},"end":{"line":12,"column":1}},"line":3}},"branchMap":{},"s":{"0":0},"f":{"0":0},"b":{}}
,"/Users/srav/projects/pf-app/app/(tabs)/(Budget)/budget.tsx": {"path":"/Users/srav/projects/pf-app/app/(tabs)/(Budget)/budget.tsx","statementMap":{"0":{"start":{"line":44,"column":17},"end":{"line":85,"column":1}},"1":{"start":{"line":63,"column":23},"end":{"line":63,"column":67}},"2":{"start":{"line":65,"column":13},"end":{"line":65,"column":47}},"3":{"start":{"line":66,"column":13},"end":{"line":66,"column":47}},"4":{"start":{"line":67,"column":13},"end":{"line":67,"column":45}},"5":{"start":{"line":68,"column":13},"end":{"line":68,"column":45}},"6":{"start":{"line":70,"column":12},"end":{"line":75,"column":3}},"7":{"start":{"line":77,"column":2},"end":{"line":84,"column":4}},"8":{"start":{"line":88,"column":17},"end":{"line":88,"column":28}},"9":{"start":{"line":89,"column":40},"end":{"line":89,"column":69}},"10":{"start":{"line":90,"column":40},"end":{"line":90,"column":66}},"11":{"start":{"line":91,"column":23},"end":{"line":91,"column":45}},"12":{"start":{"line":93,"column":2},"end":{"line":140,"column":17}},"13":{"start":{"line":94,"column":4},"end":{"line":97,"column":5}},"14":{"start":{"line":95,"column":6},"end":{"line":95,"column":87}},"15":{"start":{"line":96,"column":6},"end":{"line":96,"column":13}},"16":{"start":{"line":99,"column":32},"end":{"line":137,"column":5}},"17":{"start":{"line":101,"column":49},"end":{"line":101,"column":51}},"18":{"start":{"line":103,"column":6},"end":{"line":118,"column":9}},"19":{"start":{"line":105,"column":8},"end":{"line":117,"column":9}},"20":{"start":{"line":106,"column":27},"end":{"line":110,"column":11}},"21":{"start":{"line":107,"column":12},"end":{"line":109,"column":13}},"22":{"start":{"line":108,"column":14},"end":{"line":108,"column":70}},"23":{"start":{"line":112,"column":10},"end":{"line":116,"column":11}},"24":{"start":{"line":113,"column":12},"end":{"line":113,"column":70}},"25":{"start":{"line":113,"column":42},"end":{"line":113,"column":70}},"26":{"start":{"line":115,"column":12},"end":{"line":115,"column":80}},"27":{"start":{"line":121,"column":33},"end":{"line":134,"column":8}},"28":{"start":{"line":122,"column":22},"end":{"line":122,"column":45}},"29":{"start":{"line":123,"column":22},"end":{"line":123,"column":43}},"30":{"start":{"line":124,"column":8},"end":{"line":133,"column":10}},"31":{"start":{"line":136,"column":6},"end":{"line":136,"column":41}},"32":{"start":{"line":139,"column":4},"end":{"line":139,"column":26}},"33":{"start":{"line":142,"column":32},"end":{"line":160,"column":3}},"34":{"start":{"line":144,"column":23},"end":{"line":144,"column":82}},"35":{"start":{"line":144,"column":50},"end":{"line":144,"column":78}},"36":{"start":{"line":146,"column":23},"end":{"line":146,"column":24}},"37":{"start":{"line":147,"column":4},"end":{"line":159,"column":7}},"38":{"start":{"line":148,"column":25},"end":{"line":148,"column":37}},"39":{"start":{"line":150,"column":25},"end":{"line":150,"column":76}},"40":{"start":{"line":151,"column":23},"end":{"line":151,"column":46}},"41":{"start":{"line":152,"column":6},"end":{"line":152,"column":30}},"42":{"start":{"line":154,"column":6},"end":{"line":158,"column":8}},"43":{"start":{"line":162,"column":23},"end":{"line":162,"column":57}},"44":{"start":{"line":163,"column":21},"end":{"line":163,"column":87}},"45":{"start":{"line":163,"column":55},"end":{"line":163,"column":83}},"46":{"start":{"line":165,"column":2},"end":{"line":167,"column":3}},"47":{"start":{"line":166,"column":4},"end":{"line":166,"column":57}},"48":{"start":{"line":169,"column":2},"end":{"line":250,"column":4}},"49":{"start":{"line":174,"column":107},"end":{"line":174,"column":120}},"50":{"start":{"line":188,"column":16},"end":{"line":199,"column":20}},"51":{"start":{"line":196,"column":35},"end":{"line":196,"column":56}},"52":{"start":{"line":206,"column":14},"end":{"line":218,"column":33}},"53":{"start":{"line":208,"column":31},"end":{"line":208,"column":52}},"54":{"start":{"line":226,"column":8},"end":{"line":247,"column":20}},"55":{"start":{"line":229,"column":25},"end":{"line":229,"column":46}}},"fnMap":{"0":{"name":"(anonymous_0)","decl":{"start":{"line":44,"column":17},"end":{"line":44,"column":18}},"loc":{"start":{"line":62,"column":6},"end":{"line":85,"column":1}},"line":62},"1":{"name":"BudgetView","decl":{"start":{"line":87,"column":24},"end":{"line":87,"column":34}},"loc":{"start":{"line":87,"column":37},"end":{"line":251,"column":1}},"line":87},"2":{"name":"(anonymous_2)","decl":{"start":{"line":93,"column":12},"end":{"line":93,"column":13}},"loc":{"start":{"line":93,"column":18},"end":{"line":140,"column":3}},"line":93},"3":{"name":"(anonymous_3)","decl":{"start":{"line":99,"column":32},"end":{"line":99,"column":33}},"loc":{"start":{"line":99,"column":38},"end":{"line":137,"column":5}},"line":99},"4":{"name":"(anonymous_4)","decl":{"start":{"line":103,"column":66},"end":{"line":103,"column":67}},"loc":{"start":{"line":103,"column":96},"end":{"line":118,"column":7}},"line":103},"5":{"name":"(anonymous_5)","decl":{"start":{"line":106,"column":60},"end":{"line":106,"column":61}},"loc":{"start":{"line":107,"column":12},"end":{"line":109,"column":13}},"line":107},"6":{"name":"(anonymous_6)","decl":{"start":{"line":107,"column":34},"end":{"line":107,"column":35}},"loc":{"start":{"line":108,"column":14},"end":{"line":108,"column":70}},"line":108},"7":{"name":"(anonymous_7)","decl":{"start":{"line":121,"column":65},"end":{"line":121,"column":66}},"loc":{"start":{"line":121,"column":72},"end":{"line":134,"column":7}},"line":121},"8":{"name":"(anonymous_8)","decl":{"start":{"line":142,"column":32},"end":{"line":142,"column":33}},"loc":{"start":{"line":142,"column":70},"end":{"line":160,"column":3}},"line":142},"9":{"name":"(anonymous_9)","decl":{"start":{"line":144,"column":35},"end":{"line":144,"column":36}},"loc":{"start":{"line":144,"column":50},"end":{"line":144,"column":78}},"line":144},"10":{"name":"(anonymous_10)","decl":{"start":{"line":147,"column":20},"end":{"line":147,"column":21}},"loc":{"start":{"line":147,"column":30},"end":{"line":159,"column":5}},"line":147},"11":{"name":"(anonymous_11)","decl":{"start":{"line":163,"column":40},"end":{"line":163,"column":41}},"loc":{"start":{"line":163,"column":55},"end":{"line":163,"column":83}},"line":163},"12":{"name":"(anonymous_12)","decl":{"start":{"line":174,"column":101},"end":{"line":174,"column":102}},"loc":{"start":{"line":174,"column":107},"end":{"line":174,"column":120}},"line":174},"13":{"name":"(anonymous_13)","decl":{"start":{"line":187,"column":32},"end":{"line":187,"column":33}},"loc":{"start":{"line":188,"column":16},"end":{"line":199,"column":20}},"line":188},"14":{"name":"(anonymous_14)","decl":{"start":{"line":196,"column":29},"end":{"line":196,"column":30}},"loc":{"start":{"line":196,"column":35},"end":{"line":196,"column":56}},"line":196},"15":{"name":"(anonymous_15)","decl":{"start":{"line":205,"column":30},"end":{"line":205,"column":31}},"loc":{"start":{"line":206,"column":14},"end":{"line":218,"column":33}},"line":206},"16":{"name":"(anonymous_16)","decl":{"start":{"line":208,"column":25},"end":{"line":208,"column":26}},"loc":{"start":{"line":208,"column":31},"end":{"line":208,"column":52}},"line":208},"17":{"name":"(anonymous_17)","decl":{"start":{"line":225,"column":23},"end":{"line":225,"column":24}},"loc":{"start":{"line":226,"column":8},"end":{"line":247,"column":20}},"line":226},"18":{"name":"(anonymous_18)","decl":{"start":{"line":229,"column":19},"end":{"line":229,"column":20}},"loc":{"start":{"line":229,"column":25},"end":{"line":229,"column":46}},"line":229}},"branchMap":{"0":{"loc":{"start":{"line":63,"column":23},"end":{"line":63,"column":67}},"type":"cond-expr","locations":[{"start":{"line":63,"column":58},"end":{"line":63,"column":61}},{"start":{"line":63,"column":64},"end":{"line":63,"column":67}}],"line":63},"1":{"loc":{"start":{"line":81,"column":15},"end":{"line":81,"column":33}},"type":"cond-expr","locations":[{"start":{"line":81,"column":26},"end":{"line":81,"column":27}},{"start":{"line":81,"column":30},"end":{"line":81,"column":33}}],"line":81},"2":{"loc":{"start":{"line":94,"column":4},"end":{"line":97,"column":5}},"type":"if","locations":[{"start":{"line":94,"column":4},"end":{"line":97,"column":5}},{"start":{},"end":{}}],"line":94},"3":{"loc":{"start":{"line":105,"column":8},"end":{"line":117,"column":9}},"type":"if","locations":[{"start":{"line":105,"column":8},"end":{"line":117,"column":9}},{"start":{},"end":{}}],"line":105},"4":{"loc":{"start":{"line":112,"column":10},"end":{"line":116,"column":11}},"type":"if","locations":[{"start":{"line":112,"column":10},"end":{"line":116,"column":11}},{"start":{},"end":{}}],"line":112},"5":{"loc":{"start":{"line":113,"column":12},"end":{"line":113,"column":70}},"type":"if","locations":[{"start":{"line":113,"column":12},"end":{"line":113,"column":70}},{"start":{},"end":{}}],"line":113},"6":{"loc":{"start":{"line":122,"column":22},"end":{"line":122,"column":45}},"type":"binary-expr","locations":[{"start":{"line":122,"column":22},"end":{"line":122,"column":40}},{"start":{"line":122,"column":44},"end":{"line":122,"column":45}}],"line":122},"7":{"loc":{"start":{"line":129,"column":18},"end":{"line":129,"column":51}},"type":"cond-expr","locations":[{"start":{"line":129,"column":35},"end":{"line":129,"column":41}},{"start":{"line":129,"column":44},"end":{"line":129,"column":51}}],"line":129},"8":{"loc":{"start":{"line":132,"column":21},"end":{"line":132,"column":59}},"type":"cond-expr","locations":[{"start":{"line":132,"column":38},"end":{"line":132,"column":47}},{"start":{"line":132,"column":50},"end":{"line":132,"column":59}}],"line":132},"9":{"loc":{"start":{"line":165,"column":2},"end":{"line":167,"column":3}},"type":"if","locations":[{"start":{"line":165,"column":2},"end":{"line":167,"column":3}},{"start":{},"end":{}}],"line":165},"10":{"loc":{"start":{"line":183,"column":7},"end":{"line":222,"column":7}},"type":"binary-expr","locations":[{"start":{"line":183,"column":7},"end":{"line":183,"column":21}},{"start":{"line":184,"column":8},"end":{"line":221,"column":15}}],"line":183},"11":{"loc":{"start":{"line":211,"column":35},"end":{"line":211,"column":92}},"type":"cond-expr","locations":[{"start":{"line":211,"column":59},"end":{"line":211,"column":76}},{"start":{"line":211,"column":79},"end":{"line":211,"column":92}}],"line":211},"12":{"loc":{"start":{"line":230,"column":28},"end":{"line":230,"column":83}},"type":"cond-expr","locations":[{"start":{"line":230,"column":76},"end":{"line":230,"column":77}},{"start":{"line":230,"column":80},"end":{"line":230,"column":83}}],"line":230},"13":{"loc":{"start":{"line":230,"column":28},"end":{"line":230,"column":73}},"type":"binary-expr","locations":[{"start":{"line":230,"column":28},"end":{"line":230,"column":48}},{"start":{"line":230,"column":52},"end":{"line":230,"column":73}}],"line":230},"14":{"loc":{"start":{"line":235,"column":52},"end":{"line":235,"column":82}},"type":"binary-expr","locations":[{"start":{"line":235,"column":52},"end":{"line":235,"column":66}},{"start":{"line":235,"column":70},"end":{"line":235,"column":82}}],"line":235}},"s":{"0":1,"1":0,"2":0,"3":0,"4":0,"5":0,"6":0,"7":0,"8":17,"9":17,"10":16,"11":16,"12":16,"13":6,"14":1,"15":1,"16":5,"17":5,"18":5,"19":100,"20":90,"21":380,"22":2730,"23":90,"24":25,"25":15,"26":25,"27":5,"28":25,"29":25,"30":25,"31":5,"32":5,"33":16,"34":16,"35":50,"36":16,"37":16,"38":50,"39":50,"40":50,"41":50,"42":50,"43":16,"44":16,"45":50,"46":16,"47":1,"48":15,"49":0,"50":50,"51":0,"52":50,"53":0,"54":50,"55":0},"f":{"0":0,"1":17,"2":6,"3":5,"4":100,"5":380,"6":2730,"7":25,"8":16,"9":50,"10":50,"11":50,"12":0,"13":50,"14":0,"15":50,"16":0,"17":50,"18":0},"b":{"0":[0,0],"1":[0,0],"2":[1,5],"3":[90,10],"4":[25,65],"5":[15,10],"6":[25,10],"7":[0,25],"8":[0,25],"9":[1,15],"10":[15,10],"11":[0,50],"12":[50,0],"13":[50,0],"14":[50,0]},"_coverageSchema":"1a1c01bbd47fc00a2c39e90264f33305004495a9","hash":"c5f6b321a929e7e1e7adf477444c899c77ebc0d7"}
,"/Users/srav/projects/pf-app/app/(tabs)/(Requests)/_layout.tsx": {"path":"/Users/srav/projects/pf-app/app/(tabs)/(Requests)/_layout.tsx","statementMap":{"0":{"start":{"line":4,"column":2},"end":{"line":13,"column":4}}},"fnMap":{"0":{"name":"Layout","decl":{"start":{"line":3,"column":24},"end":{"line":3,"column":30}},"loc":{"start":{"line":3,"column":33},"end":{"line":14,"column":1}},"line":3}},"branchMap":{},"s":{"0":0},"f":{"0":0},"b":{}}
,"/Users/srav/projects/pf-app/app/(tabs)/(Requests)/payNow.tsx": {"path":"/Users/srav/projects/pf-app/app/(tabs)/(Requests)/payNow.tsx","statementMap":{"0":{"start":{"line":7,"column":17},"end":{"line":7,"column":28}},"1":{"start":{"line":8,"column":22},"end":{"line":8,"column":32}},"2":{"start":{"line":9,"column":21},"end":{"line":9,"column":31}},"3":{"start":{"line":10,"column":2},"end":{"line":10,"column":48}},"4":{"start":{"line":12,"column":2},"end":{"line":91,"column":4}},"5":{"start":{"line":16,"column":105},"end":{"line":16,"column":118}},"6":{"start":{"line":81,"column":12},"end":{"line":81,"column":45}},"7":{"start":{"line":82,"column":12},"end":{"line":82,"column":26}}},"fnMap":{"0":{"name":"PayNowScreen","decl":{"start":{"line":6,"column":24},"end":{"line":6,"column":36}},"loc":{"start":{"line":6,"column":39},"end":{"line":92,"column":1}},"line":6},"1":{"name":"(anonymous_1)","decl":{"start":{"line":16,"column":99},"end":{"line":16,"column":100}},"loc":{"start":{"line":16,"column":105},"end":{"line":16,"column":118}},"line":16},"2":{"name":"(anonymous_2)","decl":{"start":{"line":79,"column":19},"end":{"line":79,"column":20}},"loc":{"start":{"line":79,"column":25},"end":{"line":83,"column":11}},"line":79}},"branchMap":{},"s":{"0":0,"1":0,"2":0,"3":0,"4":0,"5":0,"6":0,"7":0},"f":{"0":0,"1":0,"2":0},"b":{}}
,"/Users/srav/projects/pf-app/app/(tabs)/(Requests)/requests.tsx": {"path":"/Users/srav/projects/pf-app/app/(tabs)/(Requests)/requests.tsx","statementMap":{"0":{"start":{"line":7,"column":12},"end":{"line":16,"column":1}},"1":{"start":{"line":8,"column":2},"end":{"line":15,"column":21}},"2":{"start":{"line":19,"column":14},"end":{"line":32,"column":1}},"3":{"start":{"line":20,"column":17},"end":{"line":25,"column":3}},"4":{"start":{"line":27,"column":2},"end":{"line":31,"column":4}},"5":{"start":{"line":35,"column":20},"end":{"line":104,"column":1}},"6":{"start":{"line":62,"column":2},"end":{"line":103,"column":9}},"7":{"start":{"line":90,"column":27},"end":{"line":90,"column":50}},"8":{"start":{"line":107,"column":17},"end":{"line":107,"column":28}},"9":{"start":{"line":108,"column":36},"end":{"line":108,"column":55}},"10":{"start":{"line":123,"column":41},"end":{"line":160,"column":3}},"11":{"start":{"line":162,"column":38},"end":{"line":187,"column":3}},"12":{"start":{"line":189,"column":2},"end":{"line":230,"column":4}},"13":{"start":{"line":194,"column":107},"end":{"line":194,"column":120}},"14":{"start":{"line":205,"column":27},"end":{"line":205,"column":50}},"15":{"start":{"line":210,"column":27},"end":{"line":210,"column":47}},"16":{"start":{"line":218,"column":14},"end":{"line":218,"column":82}},"17":{"start":{"line":224,"column":14},"end":{"line":224,"column":70}}},"fnMap":{"0":{"name":"(anonymous_0)","decl":{"start":{"line":7,"column":12},"end":{"line":7,"column":13}},"loc":{"start":{"line":8,"column":2},"end":{"line":15,"column":21}},"line":8},"1":{"name":"(anonymous_1)","decl":{"start":{"line":19,"column":14},"end":{"line":19,"column":15}},"loc":{"start":{"line":19,"column":119},"end":{"line":32,"column":1}},"line":19},"2":{"name":"(anonymous_2)","decl":{"start":{"line":35,"column":20},"end":{"line":35,"column":21}},"loc":{"start":{"line":62,"column":2},"end":{"line":103,"column":9}},"line":62},"3":{"name":"(anonymous_3)","decl":{"start":{"line":90,"column":21},"end":{"line":90,"column":22}},"loc":{"start":{"line":90,"column":27},"end":{"line":90,"column":50}},"line":90},"4":{"name":"RequestsView","decl":{"start":{"line":106,"column":24},"end":{"line":106,"column":36}},"loc":{"start":{"line":106,"column":39},"end":{"line":231,"column":1}},"line":106},"5":{"name":"(anonymous_5)","decl":{"start":{"line":194,"column":101},"end":{"line":194,"column":102}},"loc":{"start":{"line":194,"column":107},"end":{"line":194,"column":120}},"line":194},"6":{"name":"(anonymous_6)","decl":{"start":{"line":205,"column":21},"end":{"line":205,"column":22}},"loc":{"start":{"line":205,"column":27},"end":{"line":205,"column":50}},"line":205},"7":{"name":"(anonymous_7)","decl":{"start":{"line":210,"column":21},"end":{"line":210,"column":22}},"loc":{"start":{"line":210,"column":27},"end":{"line":210,"column":47}},"line":210},"8":{"name":"(anonymous_8)","decl":{"start":{"line":217,"column":33},"end":{"line":217,"column":34}},"loc":{"start":{"line":218,"column":14},"end":{"line":218,"column":82}},"line":218},"9":{"name":"(anonymous_9)","decl":{"start":{"line":223,"column":30},"end":{"line":223,"column":31}},"loc":{"start":{"line":224,"column":14},"end":{"line":224,"column":70}},"line":224}},"branchMap":{"0":{"loc":{"start":{"line":10,"column":30},"end":{"line":10,"column":74}},"type":"cond-expr","locations":[{"start":{"line":10,"column":41},"end":{"line":10,"column":69}},{"start":{"line":10,"column":72},"end":{"line":10,"column":74}}],"line":10},"1":{"loc":{"start":{"line":12,"column":36},"end":{"line":12,"column":92}},"type":"cond-expr","locations":[{"start":{"line":12,"column":47},"end":{"line":12,"column":74}},{"start":{"line":12,"column":77},"end":{"line":12,"column":92}}],"line":12},"2":{"loc":{"start":{"line":86,"column":7},"end":{"line":101,"column":7}},"type":"binary-expr","locations":[{"start":{"line":86,"column":7},"end":{"line":86,"column":18}},{"start":{"line":87,"column":8},"end":{"line":100,"column":15}}],"line":86},"3":{"loc":{"start":{"line":215,"column":9},"end":{"line":227,"column":9}},"type":"cond-expr","locations":[{"start":{"line":216,"column":10},"end":{"line":220,"column":17}},{"start":{"line":222,"column":10},"end":{"line":226,"column":17}}],"line":215}},"s":{"0":0,"1":0,"2":0,"3":0,"4":0,"5":0,"6":0,"7":0,"8":0,"9":0,"10":0,"11":0,"12":0,"13":0,"14":0,"15":0,"16":0,"17":0},"f":{"0":0,"1":0,"2":0,"3":0,"4":0,"5":0,"6":0,"7":0,"8":0,"9":0},"b":{"0":[0,0],"1":[0,0],"2":[0,0],"3":[0,0]}}
,"/Users/srav/projects/pf-app/app/(tabs)/(Settings)/_layout.tsx": {"path":"/Users/srav/projects/pf-app/app/(tabs)/(Settings)/_layout.tsx","statementMap":{"0":{"start":{"line":4,"column":2},"end":{"line":15,"column":4}}},"fnMap":{"0":{"name":"Layout","decl":{"start":{"line":3,"column":24},"end":{"line":3,"column":30}},"loc":{"start":{"line":3,"column":33},"end":{"line":16,"column":1}},"line":3}},"branchMap":{},"s":{"0":0},"f":{"0":0},"b":{}}
,"/Users/srav/projects/pf-app/app/(tabs)/(Settings)/bankAccounts.tsx": {"path":"/Users/srav/projects/pf-app/app/(tabs)/(Settings)/bankAccounts.tsx","statementMap":{"0":{"start":{"line":20,"column":17},"end":{"line":20,"column":28}},"1":{"start":{"line":21,"column":23},"end":{"line":21,"column":67}},"2":{"start":{"line":22,"column":34},"end":{"line":22,"column":57}},"3":{"start":{"line":23,"column":32},"end":{"line":23,"column":46}},"4":{"start":{"line":24,"column":28},"end":{"line":24,"column":57}},"5":{"start":{"line":25,"column":42},"end":{"line":25,"column":57}},"6":{"start":{"line":27,"column":2},"end":{"line":27,"column":50}},"7":{"start":{"line":29,"column":2},"end":{"line":38,"column":17}},"8":{"start":{"line":30,"column":20},"end":{"line":30,"column":24}},"9":{"start":{"line":31,"column":4},"end":{"line":35,"column":5}},"10":{"start":{"line":32,"column":6},"end":{"line":32,"column":58}},"11":{"start":{"line":33,"column":6},"end":{"line":33,"column":24}},"12":{"start":{"line":34,"column":6},"end":{"line":34,"column":13}},"13":{"start":{"line":36,"column":4},"end":{"line":36,"column":20}},"14":{"start":{"line":37,"column":4},"end":{"line":37,"column":40}},"15":{"start":{"line":37,"column":19},"end":{"line":37,"column":37}},"16":{"start":{"line":40,"column":24},"end":{"line":57,"column":3}},"17":{"start":{"line":41,"column":4},"end":{"line":56,"column":5}},"18":{"start":{"line":42,"column":6},"end":{"line":42,"column":23}},"19":{"start":{"line":43,"column":6},"end":{"line":43,"column":21}},"20":{"start":{"line":44,"column":23},"end":{"line":44,"column":89}},"21":{"start":{"line":45,"column":6},"end":{"line":47,"column":7}},"22":{"start":{"line":46,"column":8},"end":{"line":46,"column":52}},"23":{"start":{"line":48,"column":19},"end":{"line":48,"column":40}},"24":{"start":{"line":49,"column":6},"end":{"line":49,"column":42}},"25":{"start":{"line":50,"column":6},"end":{"line":50,"column":24}},"26":{"start":{"line":52,"column":6},"end":{"line":52,"column":55}},"27":{"start":{"line":53,"column":6},"end":{"line":53,"column":61}},"28":{"start":{"line":55,"column":6},"end":{"line":55,"column":24}},"29":{"start":{"line":59,"column":2},"end":{"line":71,"column":3}},"30":{"start":{"line":60,"column":4},"end":{"line":70,"column":6}},"31":{"start":{"line":64,"column":25},"end":{"line":64,"column":44}},"32":{"start":{"line":73,"column":2},"end":{"line":158,"column":4}},"33":{"start":{"line":79,"column":109},"end":{"line":79,"column":122}},"34":{"start":{"line":85,"column":25},"end":{"line":85,"column":46}},"35":{"start":{"line":99,"column":30},"end":{"line":99,"column":52}},"36":{"start":{"line":106,"column":29},"end":{"line":106,"column":51}},"37":{"start":{"line":138,"column":12},"end":{"line":153,"column":31}},"38":{"start":{"line":141,"column":29},"end":{"line":144,"column":16}}},"fnMap":{"0":{"name":"BankAccounts","decl":{"start":{"line":19,"column":24},"end":{"line":19,"column":36}},"loc":{"start":{"line":19,"column":39},"end":{"line":159,"column":1}},"line":19},"1":{"name":"(anonymous_1)","decl":{"start":{"line":29,"column":12},"end":{"line":29,"column":13}},"loc":{"start":{"line":29,"column":18},"end":{"line":38,"column":3}},"line":29},"2":{"name":"(anonymous_2)","decl":{"start":{"line":37,"column":11},"end":{"line":37,"column":12}},"loc":{"start":{"line":37,"column":17},"end":{"line":37,"column":39}},"line":37},"3":{"name":"(anonymous_3)","decl":{"start":{"line":40,"column":24},"end":{"line":40,"column":25}},"loc":{"start":{"line":40,"column":36},"end":{"line":57,"column":3}},"line":40},"4":{"name":"(anonymous_4)","decl":{"start":{"line":64,"column":19},"end":{"line":64,"column":20}},"loc":{"start":{"line":64,"column":25},"end":{"line":64,"column":44}},"line":64},"5":{"name":"(anonymous_5)","decl":{"start":{"line":79,"column":103},"end":{"line":79,"column":104}},"loc":{"start":{"line":79,"column":109},"end":{"line":79,"column":122}},"line":79},"6":{"name":"(anonymous_6)","decl":{"start":{"line":85,"column":19},"end":{"line":85,"column":20}},"loc":{"start":{"line":85,"column":25},"end":{"line":85,"column":46}},"line":85},"7":{"name":"(anonymous_7)","decl":{"start":{"line":99,"column":24},"end":{"line":99,"column":25}},"loc":{"start":{"line":99,"column":30},"end":{"line":99,"column":52}},"line":99},"8":{"name":"(anonymous_8)","decl":{"start":{"line":106,"column":23},"end":{"line":106,"column":24}},"loc":{"start":{"line":106,"column":29},"end":{"line":106,"column":51}},"line":106},"9":{"name":"(anonymous_9)","decl":{"start":{"line":137,"column":23},"end":{"line":137,"column":24}},"loc":{"start":{"line":138,"column":12},"end":{"line":153,"column":31}},"line":138},"10":{"name":"(anonymous_10)","decl":{"start":{"line":141,"column":23},"end":{"line":141,"column":24}},"loc":{"start":{"line":141,"column":29},"end":{"line":144,"column":16}},"line":141}},"branchMap":{"0":{"loc":{"start":{"line":31,"column":4},"end":{"line":35,"column":5}},"type":"if","locations":[{"start":{"line":31,"column":4},"end":{"line":35,"column":5}},{"start":{},"end":{}}],"line":31},"1":{"loc":{"start":{"line":45,"column":6},"end":{"line":47,"column":7}},"type":"if","locations":[{"start":{"line":45,"column":6},"end":{"line":47,"column":7}},{"start":{},"end":{}}],"line":45},"2":{"loc":{"start":{"line":59,"column":2},"end":{"line":71,"column":3}},"type":"if","locations":[{"start":{"line":59,"column":2},"end":{"line":71,"column":3}},{"start":{},"end":{}}],"line":59},"3":{"loc":{"start":{"line":117,"column":9},"end":{"line":155,"column":9}},"type":"cond-expr","locations":[{"start":{"line":118,"column":10},"end":{"line":118,"column":60}},{"start":{"line":119,"column":12},"end":{"line":155,"column":9}}],"line":117},"4":{"loc":{"start":{"line":119,"column":12},"end":{"line":155,"column":9}},"type":"cond-expr","locations":[{"start":{"line":120,"column":10},"end":{"line":128,"column":17}},{"start":{"line":129,"column":12},"end":{"line":155,"column":9}}],"line":119},"5":{"loc":{"start":{"line":129,"column":12},"end":{"line":155,"column":9}},"type":"cond-expr","locations":[{"start":{"line":130,"column":10},"end":{"line":135,"column":17}},{"start":{"line":137,"column":10},"end":{"line":154,"column":12}}],"line":129},"6":{"loc":{"start":{"line":151,"column":18},"end":{"line":151,"column":93}},"type":"binary-expr","locations":[{"start":{"line":151,"column":18},"end":{"line":151,"column":55}},{"start":{"line":151,"column":59},"end":{"line":151,"column":86}},{"start":{"line":151,"column":90},"end":{"line":151,"column":93}}],"line":151}},"s":{"0":15,"1":15,"2":15,"3":15,"4":15,"5":15,"6":15,"7":15,"8":7,"9":7,"10":0,"11":0,"12":0,"13":7,"14":7,"15":7,"16":15,"17":7,"18":7,"19":7,"20":7,"21":6,"22":6,"23":0,"24":0,"25":0,"26":7,"27":7,"28":7,"29":15,"30":0,"31":0,"32":15,"33":0,"34":1,"35":0,"36":0,"37":0,"38":0},"f":{"0":15,"1":7,"2":7,"3":7,"4":0,"5":0,"6":1,"7":0,"8":0,"9":0,"10":0},"b":{"0":[0,7],"1":[6,0],"2":[0,15],"3":[8,7],"4":[7,0],"5":[0,0],"6":[0,0,0]},"_coverageSchema":"1a1c01bbd47fc00a2c39e90264f33305004495a9","hash":"616644b72333e1f37e850bddc2d361345f28f333"}
,"/Users/srav/projects/pf-app/app/(tabs)/(Settings)/budgetLimits.tsx": {"path":"/Users/srav/projects/pf-app/app/(tabs)/(Settings)/budgetLimits.tsx","statementMap":{"0":{"start":{"line":21,"column":17},"end":{"line":21,"column":28}},"1":{"start":{"line":22,"column":40},"end":{"line":36,"column":3}},"2":{"start":{"line":24,"column":45},"end":{"line":35,"column":5}},"3":{"start":{"line":38,"column":28},"end":{"line":52,"column":3}},"4":{"start":{"line":39,"column":21},"end":{"line":39,"column":37}},"5":{"start":{"line":40,"column":18},"end":{"line":40,"column":49}},"6":{"start":{"line":41,"column":21},"end":{"line":41,"column":41}},"7":{"start":{"line":43,"column":4},"end":{"line":49,"column":6}},"8":{"start":{"line":51,"column":4},"end":{"line":51,"column":29}},"9":{"start":{"line":54,"column":2},"end":{"line":113,"column":4}},"10":{"start":{"line":59,"column":107},"end":{"line":59,"column":120}},"11":{"start":{"line":69,"column":10},"end":{"line":97,"column":17}},"12":{"start":{"line":92,"column":43},"end":{"line":92,"column":74}},"13":{"start":{"line":105,"column":25},"end":{"line":105,"column":38}}},"fnMap":{"0":{"name":"BudgetLimits","decl":{"start":{"line":20,"column":24},"end":{"line":20,"column":36}},"loc":{"start":{"line":20,"column":39},"end":{"line":114,"column":1}},"line":20},"1":{"name":"(anonymous_1)","decl":{"start":{"line":24,"column":36},"end":{"line":24,"column":37}},"loc":{"start":{"line":24,"column":45},"end":{"line":35,"column":5}},"line":24},"2":{"name":"(anonymous_2)","decl":{"start":{"line":38,"column":28},"end":{"line":38,"column":29}},"loc":{"start":{"line":38,"column":62},"end":{"line":52,"column":3}},"line":38},"3":{"name":"(anonymous_3)","decl":{"start":{"line":59,"column":101},"end":{"line":59,"column":102}},"loc":{"start":{"line":59,"column":107},"end":{"line":59,"column":120}},"line":59},"4":{"name":"(anonymous_4)","decl":{"start":{"line":68,"column":25},"end":{"line":68,"column":26}},"loc":{"start":{"line":69,"column":10},"end":{"line":97,"column":17}},"line":69},"5":{"name":"(anonymous_5)","decl":{"start":{"line":92,"column":32},"end":{"line":92,"column":33}},"loc":{"start":{"line":92,"column":43},"end":{"line":92,"column":74}},"line":92},"6":{"name":"(anonymous_6)","decl":{"start":{"line":105,"column":19},"end":{"line":105,"column":20}},"loc":{"start":{"line":105,"column":25},"end":{"line":105,"column":38}},"line":105}},"branchMap":{"0":{"loc":{"start":{"line":41,"column":21},"end":{"line":41,"column":41}},"type":"binary-expr","locations":[{"start":{"line":41,"column":21},"end":{"line":41,"column":36}},{"start":{"line":41,"column":40},"end":{"line":41,"column":41}}],"line":41},"1":{"loc":{"start":{"line":48,"column":17},"end":{"line":48,"column":63}},"type":"cond-expr","locations":[{"start":{"line":48,"column":37},"end":{"line":48,"column":51}},{"start":{"line":48,"column":54},"end":{"line":48,"column":63}}],"line":48}},"s":{"0":0,"1":0,"2":0,"3":0,"4":0,"5":0,"6":0,"7":0,"8":0,"9":0,"10":0,"11":0,"12":0,"13":0},"f":{"0":0,"1":0,"2":0,"3":0,"4":0,"5":0,"6":0},"b":{"0":[0,0],"1":[0,0]}}
,"/Users/srav/projects/pf-app/app/(tabs)/(Settings)/chatbot.tsx": {"path":"/Users/srav/projects/pf-app/app/(tabs)/(Settings)/chatbot.tsx","statementMap":{"0":{"start":{"line":7,"column":16},"end":{"line":127,"column":1}},"1":{"start":{"line":8,"column":28},"end":{"line":8,"column":40}},"2":{"start":{"line":9,"column":34},"end":{"line":9,"column":79}},"3":{"start":{"line":10,"column":36},"end":{"line":10,"column":51}},"4":{"start":{"line":12,"column":21},"end":{"line":47,"column":3}},"5":{"start":{"line":13,"column":4},"end":{"line":13,"column":30}},"6":{"start":{"line":13,"column":23},"end":{"line":13,"column":30}},"7":{"start":{"line":15,"column":24},"end":{"line":15,"column":29}},"8":{"start":{"line":16,"column":4},"end":{"line":16,"column":67}},"9":{"start":{"line":16,"column":24},"end":{"line":16,"column":65}},"10":{"start":{"line":17,"column":4},"end":{"line":17,"column":17}},"11":{"start":{"line":18,"column":4},"end":{"line":18,"column":23}},"12":{"start":{"line":20,"column":4},"end":{"line":46,"column":5}},"13":{"start":{"line":21,"column":21},"end":{"line":21,"column":60}},"14":{"start":{"line":22,"column":21},"end":{"line":22,"column":60}},"15":{"start":{"line":24,"column":6},"end":{"line":26,"column":7}},"16":{"start":{"line":25,"column":8},"end":{"line":25,"column":50}},"17":{"start":{"line":28,"column":23},"end":{"line":31,"column":8}},"18":{"start":{"line":33,"column":6},"end":{"line":37,"column":9}},"19":{"start":{"line":34,"column":32},"end":{"line":34,"column":41}},"20":{"start":{"line":35,"column":8},"end":{"line":35,"column":78}},"21":{"start":{"line":36,"column":8},"end":{"line":36,"column":31}},"22":{"start":{"line":39,"column":6},"end":{"line":43,"column":9}},"23":{"start":{"line":40,"column":32},"end":{"line":40,"column":41}},"24":{"start":{"line":41,"column":8},"end":{"line":41,"column":142}},"25":{"start":{"line":42,"column":8},"end":{"line":42,"column":31}},"26":{"start":{"line":45,"column":6},"end":{"line":45,"column":26}},"27":{"start":{"line":49,"column":2},"end":{"line":126,"column":4}},"28":{"start":{"line":57,"column":107},"end":{"line":57,"column":120}},"29":{"start":{"line":78,"column":10},"end":{"line":100,"column":17}}},"fnMap":{"0":{"name":"(anonymous_0)","decl":{"start":{"line":7,"column":16},"end":{"line":7,"column":17}},"loc":{"start":{"line":7,"column":22},"end":{"line":127,"column":1}},"line":7},"1":{"name":"(anonymous_1)","decl":{"start":{"line":12,"column":21},"end":{"line":12,"column":22}},"loc":{"start":{"line":12,"column":33},"end":{"line":47,"column":3}},"line":12},"2":{"name":"(anonymous_2)","decl":{"start":{"line":16,"column":16},"end":{"line":16,"column":17}},"loc":{"start":{"line":16,"column":24},"end":{"line":16,"column":65}},"line":16},"3":{"name":"(anonymous_3)","decl":{"start":{"line":33,"column":18},"end":{"line":33,"column":19}},"loc":{"start":{"line":33,"column":26},"end":{"line":37,"column":7}},"line":33},"4":{"name":"(anonymous_4)","decl":{"start":{"line":39,"column":18},"end":{"line":39,"column":19}},"loc":{"start":{"line":39,"column":26},"end":{"line":43,"column":7}},"line":39},"5":{"name":"(anonymous_5)","decl":{"start":{"line":57,"column":101},"end":{"line":57,"column":102}},"loc":{"start":{"line":57,"column":107},"end":{"line":57,"column":120}},"line":57},"6":{"name":"(anonymous_6)","decl":{"start":{"line":77,"column":22},"end":{"line":77,"column":23}},"loc":{"start":{"line":78,"column":10},"end":{"line":100,"column":17}},"line":78}},"branchMap":{"0":{"loc":{"start":{"line":13,"column":4},"end":{"line":13,"column":30}},"type":"if","locations":[{"start":{"line":13,"column":4},"end":{"line":13,"column":30}},{"start":{},"end":{}}],"line":13},"1":{"loc":{"start":{"line":24,"column":6},"end":{"line":26,"column":7}},"type":"if","locations":[{"start":{"line":24,"column":6},"end":{"line":26,"column":7}},{"start":{},"end":{}}],"line":24},"2":{"loc":{"start":{"line":51,"column":16},"end":{"line":51,"column":60}},"type":"cond-expr","locations":[{"start":{"line":51,"column":40},"end":{"line":51,"column":49}},{"start":{"line":51,"column":52},"end":{"line":51,"column":60}}],"line":51},"3":{"loc":{"start":{"line":96,"column":19},"end":{"line":96,"column":65}},"type":"binary-expr","locations":[{"start":{"line":96,"column":19},"end":{"line":96,"column":26}},{"start":{"line":96,"column":31},"end":{"line":96,"column":64}}],"line":96},"4":{"loc":{"start":{"line":96,"column":31},"end":{"line":96,"column":64}},"type":"cond-expr","locations":[{"start":{"line":96,"column":43},"end":{"line":96,"column":56}},{"start":{"line":96,"column":59},"end":{"line":96,"column":64}}],"line":96},"5":{"loc":{"start":{"line":118,"column":22},"end":{"line":118,"column":48}},"type":"binary-expr","locations":[{"start":{"line":118,"column":22},"end":{"line":118,"column":31}},{"start":{"line":118,"column":35},"end":{"line":118,"column":48}}],"line":118},"6":{"loc":{"start":{"line":119,"column":43},"end":{"line":119,"column":76}},"type":"cond-expr","locations":[{"start":{"line":119,"column":59},"end":{"line":119,"column":71}},{"start":{"line":119,"column":74},"end":{"line":119,"column":76}}],"line":119}},"s":{"0":0,"1":0,"2":0,"3":0,"4":0,"5":0,"6":0,"7":0,"8":0,"9":0,"10":0,"11":0,"12":0,"13":0,"14":0,"15":0,"16":0,"17":0,"18":0,"19":0,"20":0,"21":0,"22":0,"23":0,"24":0,"25":0,"26":0,"27":0,"28":0,"29":0},"f":{"0":0,"1":0,"2":0,"3":0,"4":0,"5":0,"6":0},"b":{"0":[0,0],"1":[0,0],"2":[0,0],"3":[0,0],"4":[0,0],"5":[0,0],"6":[0,0]}}
,"/Users/srav/projects/pf-app/app/(tabs)/(Settings)/profile.tsx": {"path":"/Users/srav/projects/pf-app/app/(tabs)/(Settings)/profile.tsx","statementMap":{"0":{"start":{"line":38,"column":17},"end":{"line":38,"column":28}},"1":{"start":{"line":39,"column":34},"end":{"line":39,"column":65}},"2":{"start":{"line":40,"column":32},"end":{"line":40,"column":46}},"3":{"start":{"line":41,"column":28},"end":{"line":41,"column":57}},"4":{"start":{"line":43,"column":2},"end":{"line":59,"column":9}},"5":{"start":{"line":44,"column":26},"end":{"line":57,"column":5}},"6":{"start":{"line":45,"column":6},"end":{"line":56,"column":7}},"7":{"start":{"line":46,"column":8},"end":{"line":46,"column":25}},"8":{"start":{"line":47,"column":8},"end":{"line":47,"column":23}},"9":{"start":{"line":48,"column":25},"end":{"line":48,"column":73}},"10":{"start":{"line":49,"column":8},"end":{"line":49,"column":70}},"11":{"start":{"line":49,"column":26},"end":{"line":49,"column":70}},"12":{"start":{"line":50,"column":21},"end":{"line":50,"column":42}},"13":{"start":{"line":51,"column":8},"end":{"line":51,"column":26}},"14":{"start":{"line":53,"column":8},"end":{"line":53,"column":53}},"15":{"start":{"line":55,"column":8},"end":{"line":55,"column":26}},"16":{"start":{"line":58,"column":4},"end":{"line":58,"column":20}},"17":{"start":{"line":61,"column":2},"end":{"line":63,"column":3}},"18":{"start":{"line":62,"column":4},"end":{"line":62,"column":88}},"19":{"start":{"line":65,"column":2},"end":{"line":67,"column":3}},"20":{"start":{"line":66,"column":4},"end":{"line":66,"column":117}},"21":{"start":{"line":69,"column":2},"end":{"line":71,"column":3}},"22":{"start":{"line":70,"column":4},"end":{"line":70,"column":103}},"23":{"start":{"line":73,"column":2},"end":{"line":111,"column":4}},"24":{"start":{"line":79,"column":109},"end":{"line":79,"column":122}}},"fnMap":{"0":{"name":"Profile","decl":{"start":{"line":37,"column":24},"end":{"line":37,"column":31}},"loc":{"start":{"line":37,"column":34},"end":{"line":112,"column":1}},"line":37},"1":{"name":"(anonymous_1)","decl":{"start":{"line":43,"column":12},"end":{"line":43,"column":13}},"loc":{"start":{"line":43,"column":18},"end":{"line":59,"column":3}},"line":43},"2":{"name":"(anonymous_2)","decl":{"start":{"line":44,"column":26},"end":{"line":44,"column":27}},"loc":{"start":{"line":44,"column":38},"end":{"line":57,"column":5}},"line":44},"3":{"name":"(anonymous_3)","decl":{"start":{"line":79,"column":103},"end":{"line":79,"column":104}},"loc":{"start":{"line":79,"column":109},"end":{"line":79,"column":122}},"line":79}},"branchMap":{"0":{"loc":{"start":{"line":49,"column":8},"end":{"line":49,"column":70}},"type":"if","locations":[{"start":{"line":49,"column":8},"end":{"line":49,"column":70}},{"start":{},"end":{}}],"line":49},"1":{"loc":{"start":{"line":61,"column":2},"end":{"line":63,"column":3}},"type":"if","locations":[{"start":{"line":61,"column":2},"end":{"line":63,"column":3}},{"start":{},"end":{}}],"line":61},"2":{"loc":{"start":{"line":65,"column":2},"end":{"line":67,"column":3}},"type":"if","locations":[{"start":{"line":65,"column":2},"end":{"line":67,"column":3}},{"start":{},"end":{}}],"line":65},"3":{"loc":{"start":{"line":69,"column":2},"end":{"line":71,"column":3}},"type":"if","locations":[{"start":{"line":69,"column":2},"end":{"line":71,"column":3}},{"start":{},"end":{}}],"line":69}},"s":{"0":0,"1":0,"2":0,"3":0,"4":0,"5":0,"6":0,"7":0,"8":0,"9":0,"10":0,"11":0,"12":0,"13":0,"14":0,"15":0,"16":0,"17":0,"18":0,"19":0,"20":0,"21":0,"22":0,"23":0,"24":0},"f":{"0":0,"1":0,"2":0,"3":0},"b":{"0":[0,0],"1":[0,0],"2":[0,0],"3":[0,0]}}
,"/Users/srav/projects/pf-app/app/(tabs)/(Settings)/settings.tsx": {"path":"/Users/srav/projects/pf-app/app/(tabs)/(Settings)/settings.tsx","statementMap":{"0":{"start":{"line":7,"column":17},"end":{"line":7,"column":28}},"1":{"start":{"line":8,"column":58},"end":{"line":8,"column":73}},"2":{"start":{"line":9,"column":68},"end":{"line":9,"column":83}},"3":{"start":{"line":11,"column":23},"end":{"line":25,"column":3}},"4":{"start":{"line":12,"column":4},"end":{"line":24,"column":5}},"5":{"start":{"line":13,"column":6},"end":{"line":19,"column":9}},"6":{"start":{"line":20,"column":6},"end":{"line":20,"column":26}},"7":{"start":{"line":22,"column":6},"end":{"line":22,"column":44}},"8":{"start":{"line":23,"column":6},"end":{"line":23,"column":26}},"9":{"start":{"line":27,"column":25},"end":{"line":50,"column":3}},"10":{"start":{"line":35,"column":4},"end":{"line":49,"column":23}},"11":{"start":{"line":52,"column":2},"end":{"line":174,"column":4}},"12":{"start":{"line":58,"column":109},"end":{"line":58,"column":145}},"13":{"start":{"line":76,"column":16},"end":{"line":76,"column":71}},"14":{"start":{"line":86,"column":16},"end":{"line":86,"column":55}},"15":{"start":{"line":96,"column":16},"end":{"line":96,"column":55}},"16":{"start":{"line":106,"column":16},"end":{"line":106,"column":50}},"17":{"start":{"line":116,"column":16},"end":{"line":116,"column":45}},"18":{"start":{"line":126,"column":16},"end":{"line":126,"column":50}},"19":{"start":{"line":137,"column":30},"end":{"line":137,"column":60}},"20":{"start":{"line":144,"column":29},"end":{"line":144,"column":59}},"21":{"start":{"line":158,"column":30},"end":{"line":158,"column":65}},"22":{"start":{"line":165,"column":29},"end":{"line":165,"column":64}}},"fnMap":{"0":{"name":"SettingsView","decl":{"start":{"line":6,"column":24},"end":{"line":6,"column":36}},"loc":{"start":{"line":6,"column":39},"end":{"line":175,"column":1}},"line":6},"1":{"name":"(anonymous_1)","decl":{"start":{"line":11,"column":23},"end":{"line":11,"column":24}},"loc":{"start":{"line":11,"column":35},"end":{"line":25,"column":3}},"line":11},"2":{"name":"(anonymous_2)","decl":{"start":{"line":27,"column":25},"end":{"line":27,"column":26}},"loc":{"start":{"line":35,"column":4},"end":{"line":49,"column":23}},"line":35},"3":{"name":"(anonymous_3)","decl":{"start":{"line":58,"column":103},"end":{"line":58,"column":104}},"loc":{"start":{"line":58,"column":109},"end":{"line":58,"column":145}},"line":58},"4":{"name":"(anonymous_4)","decl":{"start":{"line":76,"column":10},"end":{"line":76,"column":11}},"loc":{"start":{"line":76,"column":16},"end":{"line":76,"column":71}},"line":76},"5":{"name":"(anonymous_5)","decl":{"start":{"line":86,"column":10},"end":{"line":86,"column":11}},"loc":{"start":{"line":86,"column":16},"end":{"line":86,"column":55}},"line":86},"6":{"name":"(anonymous_6)","decl":{"start":{"line":96,"column":10},"end":{"line":96,"column":11}},"loc":{"start":{"line":96,"column":16},"end":{"line":96,"column":55}},"line":96},"7":{"name":"(anonymous_7)","decl":{"start":{"line":106,"column":10},"end":{"line":106,"column":11}},"loc":{"start":{"line":106,"column":16},"end":{"line":106,"column":50}},"line":106},"8":{"name":"(anonymous_8)","decl":{"start":{"line":116,"column":10},"end":{"line":116,"column":11}},"loc":{"start":{"line":116,"column":16},"end":{"line":116,"column":45}},"line":116},"9":{"name":"(anonymous_9)","decl":{"start":{"line":126,"column":10},"end":{"line":126,"column":11}},"loc":{"start":{"line":126,"column":16},"end":{"line":126,"column":50}},"line":126},"10":{"name":"(anonymous_10)","decl":{"start":{"line":137,"column":24},"end":{"line":137,"column":25}},"loc":{"start":{"line":137,"column":30},"end":{"line":137,"column":60}},"line":137},"11":{"name":"(anonymous_11)","decl":{"start":{"line":144,"column":23},"end":{"line":144,"column":24}},"loc":{"start":{"line":144,"column":29},"end":{"line":144,"column":59}},"line":144},"12":{"name":"(anonymous_12)","decl":{"start":{"line":158,"column":24},"end":{"line":158,"column":25}},"loc":{"start":{"line":158,"column":30},"end":{"line":158,"column":65}},"line":158},"13":{"name":"(anonymous_13)","decl":{"start":{"line":165,"column":23},"end":{"line":165,"column":24}},"loc":{"start":{"line":165,"column":29},"end":{"line":165,"column":64}},"line":165}},"branchMap":{},"s":{"0":0,"1":0,"2":0,"3":0,"4":0,"5":0,"6":0,"7":0,"8":0,"9":0,"10":0,"11":0,"12":0,"13":0,"14":0,"15":0,"16":0,"17":0,"18":0,"19":0,"20":0,"21":0,"22":0},"f":{"0":0,"1":0,"2":0,"3":0,"4":0,"5":0,"6":0,"7":0,"8":0,"9":0,"10":0,"11":0,"12":0,"13":0},"b":{}}
,"/Users/srav/projects/pf-app/app/(tabs)/(Transactions)/_layout.tsx": {"path":"/Users/srav/projects/pf-app/app/(tabs)/(Transactions)/_layout.tsx","statementMap":{"0":{"start":{"line":5,"column":2},"end":{"line":14,"column":4}}},"fnMap":{"0":{"name":"RootLayout","decl":{"start":{"line":4,"column":24},"end":{"line":4,"column":34}},"loc":{"start":{"line":4,"column":37},"end":{"line":15,"column":1}},"line":4}},"branchMap":{},"s":{"0":0},"f":{"0":0},"b":{}}
,"/Users/srav/projects/pf-app/app/(tabs)/(Transactions)/accountDetails.tsx": {"path":"/Users/srav/projects/pf-app/app/(tabs)/(Transactions)/accountDetails.tsx","statementMap":{"0":{"start":{"line":28,"column":29},"end":{"line":48,"column":1}},"1":{"start":{"line":29,"column":2},"end":{"line":35,"column":3}},"2":{"start":{"line":30,"column":4},"end":{"line":34,"column":6}},"3":{"start":{"line":36,"column":2},"end":{"line":42,"column":3}},"4":{"start":{"line":37,"column":4},"end":{"line":41,"column":6}},"5":{"start":{"line":43,"column":2},"end":{"line":47,"column":4}},"6":{"start":{"line":50,"column":25},"end":{"line":57,"column":1}},"7":{"start":{"line":51,"column":16},"end":{"line":51,"column":17}},"8":{"start":{"line":52,"column":2},"end":{"line":55,"column":5}},"9":{"start":{"line":53,"column":4},"end":{"line":53,"column":38}},"10":{"start":{"line":54,"column":4},"end":{"line":54,"column":37}},"11":{"start":{"line":56,"column":2},"end":{"line":56,"column":17}},"12":{"start":{"line":60,"column":17},"end":{"line":60,"column":28}},"13":{"start":{"line":61,"column":34},"end":{"line":61,"column":97}},"14":{"start":{"line":62,"column":23},"end":{"line":62,"column":40}},"15":{"start":{"line":63,"column":21},"end":{"line":63,"column":37}},"16":{"start":{"line":64,"column":42},"end":{"line":64,"column":69}},"17":{"start":{"line":65,"column":18},"end":{"line":65,"column":48}},"18":{"start":{"line":66,"column":40},"end":{"line":66,"column":52}},"19":{"start":{"line":68,"column":32},"end":{"line":68,"column":62}},"20":{"start":{"line":69,"column":32},"end":{"line":69,"column":46}},"21":{"start":{"line":71,"column":2},"end":{"line":92,"column":18}},"22":{"start":{"line":72,"column":4},"end":{"line":72,"column":27}},"23":{"start":{"line":72,"column":20},"end":{"line":72,"column":27}},"24":{"start":{"line":73,"column":22},"end":{"line":90,"column":5}},"25":{"start":{"line":74,"column":6},"end":{"line":89,"column":7}},"26":{"start":{"line":76,"column":23},"end":{"line":76,"column":68}},"27":{"start":{"line":77,"column":24},"end":{"line":77,"column":43}},"28":{"start":{"line":78,"column":22},"end":{"line":78,"column":73}},"29":{"start":{"line":78,"column":51},"end":{"line":78,"column":72}},"30":{"start":{"line":79,"column":8},"end":{"line":79,"column":26}},"31":{"start":{"line":82,"column":22},"end":{"line":82,"column":121}},"32":{"start":{"line":83,"column":23},"end":{"line":83,"column":41}},"33":{"start":{"line":84,"column":8},"end":{"line":84,"column":32}},"34":{"start":{"line":86,"column":8},"end":{"line":86,"column":81}},"35":{"start":{"line":88,"column":8},"end":{"line":88,"column":26}},"36":{"start":{"line":91,"column":4},"end":{"line":91,"column":16}},"37":{"start":{"line":94,"column":2},"end":{"line":96,"column":3}},"38":{"start":{"line":95,"column":4},"end":{"line":95,"column":88}},"39":{"start":{"line":98,"column":2},"end":{"line":100,"column":3}},"40":{"start":{"line":99,"column":4},"end":{"line":99,"column":59}},"41":{"start":{"line":102,"column":2},"end":{"line":170,"column":4}},"42":{"start":{"line":106,"column":105},"end":{"line":106,"column":118}},"43":{"start":{"line":144,"column":14},"end":{"line":145,"column":84}},"44":{"start":{"line":149,"column":55},"end":{"line":149,"column":79}},"45":{"start":{"line":150,"column":14},"end":{"line":165,"column":16}}},"fnMap":{"0":{"name":"(anonymous_0)","decl":{"start":{"line":28,"column":29},"end":{"line":28,"column":30}},"loc":{"start":{"line":28,"column":59},"end":{"line":48,"column":1}},"line":28},"1":{"name":"(anonymous_1)","decl":{"start":{"line":50,"column":25},"end":{"line":50,"column":26}},"loc":{"start":{"line":50,"column":58},"end":{"line":57,"column":1}},"line":50},"2":{"name":"(anonymous_2)","decl":{"start":{"line":52,"column":23},"end":{"line":52,"column":24}},"loc":{"start":{"line":52,"column":32},"end":{"line":55,"column":3}},"line":52},"3":{"name":"AccountDetails","decl":{"start":{"line":59,"column":24},"end":{"line":59,"column":38}},"loc":{"start":{"line":59,"column":41},"end":{"line":171,"column":1}},"line":59},"4":{"name":"(anonymous_4)","decl":{"start":{"line":71,"column":12},"end":{"line":71,"column":13}},"loc":{"start":{"line":71,"column":18},"end":{"line":92,"column":3}},"line":71},"5":{"name":"(anonymous_5)","decl":{"start":{"line":73,"column":22},"end":{"line":73,"column":23}},"loc":{"start":{"line":73,"column":34},"end":{"line":90,"column":5}},"line":73},"6":{"name":"(anonymous_6)","decl":{"start":{"line":78,"column":35},"end":{"line":78,"column":36}},"loc":{"start":{"line":78,"column":51},"end":{"line":78,"column":72}},"line":78},"7":{"name":"(anonymous_7)","decl":{"start":{"line":106,"column":99},"end":{"line":106,"column":100}},"loc":{"start":{"line":106,"column":105},"end":{"line":106,"column":118}},"line":106},"8":{"name":"(anonymous_8)","decl":{"start":{"line":143,"column":20},"end":{"line":143,"column":21}},"loc":{"start":{"line":144,"column":14},"end":{"line":145,"column":84}},"line":144},"9":{"name":"(anonymous_9)","decl":{"start":{"line":148,"column":17},"end":{"line":148,"column":18}},"loc":{"start":{"line":148,"column":25},"end":{"line":166,"column":13}},"line":148}},"branchMap":{"0":{"loc":{"start":{"line":29,"column":2},"end":{"line":35,"column":3}},"type":"if","locations":[{"start":{"line":29,"column":2},"end":{"line":35,"column":3}},{"start":{},"end":{}}],"line":29},"1":{"loc":{"start":{"line":33,"column":16},"end":{"line":33,"column":49}},"type":"binary-expr","locations":[{"start":{"line":33,"column":16},"end":{"line":33,"column":42}},{"start":{"line":33,"column":46},"end":{"line":33,"column":49}}],"line":33},"2":{"loc":{"start":{"line":36,"column":2},"end":{"line":42,"column":3}},"type":"if","locations":[{"start":{"line":36,"column":2},"end":{"line":42,"column":3}},{"start":{},"end":{}}],"line":36},"3":{"loc":{"start":{"line":40,"column":16},"end":{"line":40,"column":49}},"type":"binary-expr","locations":[{"start":{"line":40,"column":16},"end":{"line":40,"column":42}},{"start":{"line":40,"column":46},"end":{"line":40,"column":49}}],"line":40},"4":{"loc":{"start":{"line":53,"column":15},"end":{"line":53,"column":37}},"type":"binary-expr","locations":[{"start":{"line":53,"column":15},"end":{"line":53,"column":32}},{"start":{"line":53,"column":36},"end":{"line":53,"column":37}}],"line":53},"5":{"loc":{"start":{"line":54,"column":15},"end":{"line":54,"column":36}},"type":"binary-expr","locations":[{"start":{"line":54,"column":15},"end":{"line":54,"column":31}},{"start":{"line":54,"column":35},"end":{"line":54,"column":36}}],"line":54},"6":{"loc":{"start":{"line":72,"column":4},"end":{"line":72,"column":27}},"type":"if","locations":[{"start":{"line":72,"column":4},"end":{"line":72,"column":27}},{"start":{},"end":{}}],"line":72},"7":{"loc":{"start":{"line":94,"column":2},"end":{"line":96,"column":3}},"type":"if","locations":[{"start":{"line":94,"column":2},"end":{"line":96,"column":3}},{"start":{},"end":{}}],"line":94},"8":{"loc":{"start":{"line":98,"column":2},"end":{"line":100,"column":3}},"type":"if","locations":[{"start":{"line":98,"column":2},"end":{"line":100,"column":3}},{"start":{},"end":{}}],"line":98},"9":{"loc":{"start":{"line":122,"column":11},"end":{"line":122,"column":84}},"type":"cond-expr","locations":[{"start":{"line":122,"column":44},"end":{"line":122,"column":76}},{"start":{"line":122,"column":79},"end":{"line":122,"column":84}}],"line":122},"10":{"loc":{"start":{"line":139,"column":9},"end":{"line":167,"column":9}},"type":"cond-expr","locations":[{"start":{"line":140,"column":10},"end":{"line":140,"column":75}},{"start":{"line":142,"column":10},"end":{"line":166,"column":14}}],"line":139},"11":{"loc":{"start":{"line":144,"column":14},"end":{"line":145,"column":84}},"type":"binary-expr","locations":[{"start":{"line":144,"column":14},"end":{"line":144,"column":84}},{"start":{"line":145,"column":14},"end":{"line":145,"column":84}}],"line":144},"12":{"loc":{"start":{"line":153,"column":21},"end":{"line":157,"column":21}},"type":"cond-expr","locations":[{"start":{"line":154,"column":22},"end":{"line":154,"column":93}},{"start":{"line":156,"column":22},"end":{"line":156,"column":91}}],"line":153},"13":{"loc":{"start":{"line":163,"column":52},"end":{"line":163,"column":98}},"type":"cond-expr","locations":[{"start":{"line":163,"column":65},"end":{"line":163,"column":81}},{"start":{"line":163,"column":84},"end":{"line":163,"column":98}}],"line":163}},"s":{"0":0,"1":0,"2":0,"3":0,"4":0,"5":0,"6":0,"7":0,"8":0,"9":0,"10":0,"11":0,"12":0,"13":0,"14":0,"15":0,"16":0,"17":0,"18":0,"19":0,"20":0,"21":0,"22":0,"23":0,"24":0,"25":0,"26":0,"27":0,"28":0,"29":0,"30":0,"31":0,"32":0,"33":0,"34":0,"35":0,"36":0,"37":0,"38":0,"39":0,"40":0,"41":0,"42":0,"43":0,"44":0,"45":0},"f":{"0":0,"1":0,"2":0,"3":0,"4":0,"5":0,"6":0,"7":0,"8":0,"9":0},"b":{"0":[0,0],"1":[0,0],"2":[0,0],"3":[0,0],"4":[0,0],"5":[0,0],"6":[0,0],"7":[0,0],"8":[0,0],"9":[0,0],"10":[0,0],"11":[0,0],"12":[0,0],"13":[0,0]}}
,"/Users/srav/projects/pf-app/app/(tabs)/(Transactions)/dashboard.tsx": {"path":"/Users/srav/projects/pf-app/app/(tabs)/(Transactions)/dashboard.tsx","statementMap":{"0":{"start":{"line":17,"column":16},"end":{"line":17,"column":48}},"1":{"start":{"line":32,"column":17},"end":{"line":32,"column":28}},"2":{"start":{"line":33,"column":23},"end":{"line":33,"column":67}},"3":{"start":{"line":34,"column":42},"end":{"line":34,"column":69}},"4":{"start":{"line":35,"column":34},"end":{"line":35,"column":57}},"5":{"start":{"line":36,"column":32},"end":{"line":36,"column":46}},"6":{"start":{"line":38,"column":2},"end":{"line":38,"column":47}},"7":{"start":{"line":40,"column":2},"end":{"line":57,"column":17}},"8":{"start":{"line":41,"column":20},"end":{"line":41,"column":24}},"9":{"start":{"line":42,"column":4},"end":{"line":42,"column":26}},"10":{"start":{"line":42,"column":19},"end":{"line":42,"column":26}},"11":{"start":{"line":43,"column":26},"end":{"line":54,"column":5}},"12":{"start":{"line":44,"column":6},"end":{"line":53,"column":7}},"13":{"start":{"line":45,"column":25},"end":{"line":45,"column":91}},"14":{"start":{"line":46,"column":21},"end":{"line":46,"column":42}},"15":{"start":{"line":47,"column":8},"end":{"line":47,"column":44}},"16":{"start":{"line":48,"column":8},"end":{"line":48,"column":41}},"17":{"start":{"line":48,"column":23},"end":{"line":48,"column":41}},"18":{"start":{"line":50,"column":8},"end":{"line":50,"column":73}},"19":{"start":{"line":50,"column":23},"end":{"line":50,"column":73}},"20":{"start":{"line":52,"column":8},"end":{"line":52,"column":41}},"21":{"start":{"line":52,"column":23},"end":{"line":52,"column":41}},"22":{"start":{"line":55,"column":4},"end":{"line":55,"column":20}},"23":{"start":{"line":56,"column":4},"end":{"line":56,"column":40}},"24":{"start":{"line":56,"column":19},"end":{"line":56,"column":37}},"25":{"start":{"line":59,"column":2},"end":{"line":87,"column":17}},"26":{"start":{"line":60,"column":20},"end":{"line":60,"column":24}},"27":{"start":{"line":61,"column":4},"end":{"line":61,"column":26}},"28":{"start":{"line":61,"column":19},"end":{"line":61,"column":26}},"29":{"start":{"line":62,"column":30},"end":{"line":84,"column":5}},"30":{"start":{"line":63,"column":6},"end":{"line":83,"column":7}},"31":{"start":{"line":64,"column":25},"end":{"line":64,"column":95}},"32":{"start":{"line":65,"column":21},"end":{"line":65,"column":42}},"33":{"start":{"line":66,"column":8},"end":{"line":66,"column":48}},"34":{"start":{"line":69,"column":23},"end":{"line":78,"column":11}},"35":{"start":{"line":69,"column":47},"end":{"line":78,"column":9}},"36":{"start":{"line":80,"column":8},"end":{"line":80,"column":47}},"37":{"start":{"line":80,"column":23},"end":{"line":80,"column":47}},"38":{"start":{"line":82,"column":8},"end":{"line":82,"column":77}},"39":{"start":{"line":82,"column":23},"end":{"line":82,"column":77}},"40":{"start":{"line":85,"column":4},"end":{"line":85,"column":24}},"41":{"start":{"line":86,"column":4},"end":{"line":86,"column":40}},"42":{"start":{"line":86,"column":19},"end":{"line":86,"column":37}},"43":{"start":{"line":89,"column":29},"end":{"line":94,"column":3}},"44":{"start":{"line":90,"column":4},"end":{"line":93,"column":7}},"45":{"start":{"line":96,"column":2},"end":{"line":102,"column":3}},"46":{"start":{"line":97,"column":4},"end":{"line":101,"column":6}},"47":{"start":{"line":104,"column":2},"end":{"line":161,"column":4}},"48":{"start":{"line":110,"column":25},"end":{"line":110,"column":67}},"49":{"start":{"line":125,"column":12},"end":{"line":137,"column":31}},"50":{"start":{"line":128,"column":29},"end":{"line":128,"column":59}},"51":{"start":{"line":148,"column":12},"end":{"line":156,"column":19}}},"fnMap":{"0":{"name":"Dashboard","decl":{"start":{"line":31,"column":24},"end":{"line":31,"column":33}},"loc":{"start":{"line":31,"column":36},"end":{"line":162,"column":1}},"line":31},"1":{"name":"(anonymous_1)","decl":{"start":{"line":40,"column":12},"end":{"line":40,"column":13}},"loc":{"start":{"line":40,"column":18},"end":{"line":57,"column":3}},"line":40},"2":{"name":"(anonymous_2)","decl":{"start":{"line":43,"column":26},"end":{"line":43,"column":27}},"loc":{"start":{"line":43,"column":38},"end":{"line":54,"column":5}},"line":43},"3":{"name":"(anonymous_3)","decl":{"start":{"line":56,"column":11},"end":{"line":56,"column":12}},"loc":{"start":{"line":56,"column":17},"end":{"line":56,"column":39}},"line":56},"4":{"name":"(anonymous_4)","decl":{"start":{"line":59,"column":12},"end":{"line":59,"column":13}},"loc":{"start":{"line":59,"column":18},"end":{"line":87,"column":3}},"line":59},"5":{"name":"(anonymous_5)","decl":{"start":{"line":62,"column":30},"end":{"line":62,"column":31}},"loc":{"start":{"line":62,"column":42},"end":{"line":84,"column":5}},"line":62},"6":{"name":"(anonymous_6)","decl":{"start":{"line":69,"column":32},"end":{"line":69,"column":33}},"loc":{"start":{"line":69,"column":47},"end":{"line":78,"column":9}},"line":69},"7":{"name":"(anonymous_7)","decl":{"start":{"line":86,"column":11},"end":{"line":86,"column":12}},"loc":{"start":{"line":86,"column":17},"end":{"line":86,"column":39}},"line":86},"8":{"name":"(anonymous_8)","decl":{"start":{"line":89,"column":29},"end":{"line":89,"column":30}},"loc":{"start":{"line":89,"column":52},"end":{"line":94,"column":3}},"line":89},"9":{"name":"(anonymous_9)","decl":{"start":{"line":110,"column":19},"end":{"line":110,"column":20}},"loc":{"start":{"line":110,"column":25},"end":{"line":110,"column":67}},"line":110},"10":{"name":"(anonymous_10)","decl":{"start":{"line":124,"column":23},"end":{"line":124,"column":24}},"loc":{"start":{"line":125,"column":12},"end":{"line":137,"column":31}},"line":125},"11":{"name":"(anonymous_11)","decl":{"start":{"line":128,"column":23},"end":{"line":128,"column":24}},"loc":{"start":{"line":128,"column":29},"end":{"line":128,"column":59}},"line":128},"12":{"name":"(anonymous_12)","decl":{"start":{"line":147,"column":37},"end":{"line":147,"column":38}},"loc":{"start":{"line":148,"column":12},"end":{"line":156,"column":19}},"line":148}},"branchMap":{"0":{"loc":{"start":{"line":42,"column":4},"end":{"line":42,"column":26}},"type":"if","locations":[{"start":{"line":42,"column":4},"end":{"line":42,"column":26}},{"start":{},"end":{}}],"line":42},"1":{"loc":{"start":{"line":48,"column":8},"end":{"line":48,"column":41}},"type":"if","locations":[{"start":{"line":48,"column":8},"end":{"line":48,"column":41}},{"start":{},"end":{}}],"line":48},"2":{"loc":{"start":{"line":50,"column":8},"end":{"line":50,"column":73}},"type":"if","locations":[{"start":{"line":50,"column":8},"end":{"line":50,"column":73}},{"start":{},"end":{}}],"line":50},"3":{"loc":{"start":{"line":52,"column":8},"end":{"line":52,"column":41}},"type":"if","locations":[{"start":{"line":52,"column":8},"end":{"line":52,"column":41}},{"start":{},"end":{}}],"line":52},"4":{"loc":{"start":{"line":61,"column":4},"end":{"line":61,"column":26}},"type":"if","locations":[{"start":{"line":61,"column":4},"end":{"line":61,"column":26}},{"start":{},"end":{}}],"line":61},"5":{"loc":{"start":{"line":71,"column":16},"end":{"line":71,"column":53}},"type":"binary-expr","locations":[{"start":{"line":71,"column":16},"end":{"line":71,"column":36}},{"start":{"line":71,"column":40},"end":{"line":71,"column":53}}],"line":71},"6":{"loc":{"start":{"line":72,"column":16},"end":{"line":72,"column":42}},"type":"binary-expr","locations":[{"start":{"line":72,"column":16},"end":{"line":72,"column":36}},{"start":{"line":72,"column":40},"end":{"line":72,"column":42}}],"line":72},"7":{"loc":{"start":{"line":73,"column":18},"end":{"line":77,"column":19}},"type":"cond-expr","locations":[{"start":{"line":74,"column":14},"end":{"line":74,"column":42}},{"start":{"line":75,"column":14},"end":{"line":77,"column":19}}],"line":73},"8":{"loc":{"start":{"line":75,"column":14},"end":{"line":77,"column":19}},"type":"cond-expr","locations":[{"start":{"line":76,"column":16},"end":{"line":76,"column":46}},{"start":{"line":77,"column":16},"end":{"line":77,"column":19}}],"line":75},"9":{"loc":{"start":{"line":80,"column":8},"end":{"line":80,"column":47}},"type":"if","locations":[{"start":{"line":80,"column":8},"end":{"line":80,"column":47}},{"start":{},"end":{}}],"line":80},"10":{"loc":{"start":{"line":82,"column":8},"end":{"line":82,"column":77}},"type":"if","locations":[{"start":{"line":82,"column":8},"end":{"line":82,"column":77}},{"start":{},"end":{}}],"line":82},"11":{"loc":{"start":{"line":96,"column":2},"end":{"line":102,"column":3}},"type":"if","locations":[{"start":{"line":96,"column":2},"end":{"line":102,"column":3}},{"start":{},"end":{}}],"line":96},"12":{"loc":{"start":{"line":119,"column":9},"end":{"line":139,"column":9}},"type":"cond-expr","locations":[{"start":{"line":120,"column":10},"end":{"line":120,"column":60}},{"start":{"line":121,"column":12},"end":{"line":139,"column":9}}],"line":119},"13":{"loc":{"start":{"line":121,"column":12},"end":{"line":139,"column":9}},"type":"cond-expr","locations":[{"start":{"line":122,"column":10},"end":{"line":122,"column":79}},{"start":{"line":124,"column":10},"end":{"line":138,"column":12}}],"line":121},"14":{"loc":{"start":{"line":135,"column":18},"end":{"line":135,"column":55}},"type":"binary-expr","locations":[{"start":{"line":135,"column":18},"end":{"line":135,"column":45}},{"start":{"line":135,"column":49},"end":{"line":135,"column":55}}],"line":135},"15":{"loc":{"start":{"line":144,"column":9},"end":{"line":158,"column":9}},"type":"cond-expr","locations":[{"start":{"line":145,"column":10},"end":{"line":145,"column":88}},{"start":{"line":147,"column":10},"end":{"line":157,"column":12}}],"line":144},"16":{"loc":{"start":{"line":148,"column":118},"end":{"line":148,"column":179}},"type":"cond-expr","locations":[{"start":{"line":148,"column":162},"end":{"line":148,"column":174}},{"start":{"line":148,"column":177},"end":{"line":148,"column":179}}],"line":148},"17":{"loc":{"start":{"line":153,"column":58},"end":{"line":153,"column":121}},"type":"cond-expr","locations":[{"start":{"line":153,"column":88},"end":{"line":153,"column":104}},{"start":{"line":153,"column":107},"end":{"line":153,"column":121}}],"line":153}},"s":{"0":1,"1":14,"2":14,"3":14,"4":14,"5":14,"6":14,"7":14,"8":7,"9":7,"10":0,"11":7,"12":7,"13":7,"14":0,"15":0,"16":0,"17":0,"18":7,"19":7,"20":7,"21":7,"22":7,"23":7,"24":7,"25":14,"26":7,"27":7,"28":0,"29":7,"30":7,"31":7,"32":7,"33":7,"34":7,"35":14,"36":7,"37":7,"38":0,"39":0,"40":7,"41":7,"42":7,"43":14,"44":0,"45":14,"46":0,"47":14,"48":0,"49":0,"50":0,"51":14},"f":{"0":14,"1":7,"2":7,"3":7,"4":7,"5":7,"6":14,"7":7,"8":0,"9":0,"10":0,"11":0,"12":14},"b":{"0":[0,7],"1":[0,0],"2":[7,0],"3":[7,0],"4":[0,7],"5":[14,14],"6":[14,14],"7":[0,14],"8":[0,14],"9":[7,0],"10":[0,0],"11":[0,14],"12":[7,7],"13":[7,0],"14":[0,0],"15":[7,7],"16":[7,7],"17":[14,0]},"_coverageSchema":"1a1c01bbd47fc00a2c39e90264f33305004495a9","hash":"546443da1c1aa35f129b1c5c59cfec105b7b3c0f"}
}
