TN:
SF:app/+not-found.tsx
FN:4,NotFoundScreen
FNF:1
FNH:0
FNDA:0,NotFoundScreen
DA:5,0
DA:14,0
LF:2
LH:0
BRF:0
BRH:0
end_of_record
TN:
SF:app/_layout.tsx
FN:6,RootLayout
FNF:1
FNH:0
FNDA:0,RootLayout
DA:7,0
DA:8,0
LF:2
LH:0
BRDA:9,0,0,0
BRDA:9,0,1,0
BRF:2
BRH:0
end_of_record
TN:
SF:app/(tabs)/_layout.tsx
FN:7,TabLayout
FN:15,(anonymous_1)
FN:20,(anonymous_2)
FN:25,(anonymous_3)
FN:30,(anonymous_4)
FNF:5
FNH:0
FNDA:0,TabLayout
FNDA:0,(anonymous_1)
FNDA:0,(anonymous_2)
FNDA:0,(anonymous_3)
FNDA:0,(anonymous_4)
DA:8,0
DA:9,0
DA:16,0
DA:21,0
DA:26,0
DA:31,0
LF:6
LH:0
BRDA:11,0,0,0
BRDA:11,0,1,0
BRDA:16,1,0,0
BRDA:16,1,1,0
BRDA:21,2,0,0
BRDA:21,2,1,0
BRDA:26,3,0,0
BRDA:26,3,1,0
BRDA:31,4,0,0
BRDA:31,4,1,0
BRF:10
BRH:0
end_of_record
TN:
SF:app/(tabs)/(Budget)/_layout.tsx
FN:3,Layout
FNF:1
FNH:0
FNDA:0,Layout
DA:4,0
LF:1
LH:0
BRF:0
BRH:0
end_of_record
TN:
SF:app/(tabs)/(Budget)/budget.tsx
FN:44,(anonymous_0)
FN:87,BudgetView
FN:93,(anonymous_2)
FN:99,(anonymous_3)
FN:103,(anonymous_4)
FN:106,(anonymous_5)
FN:107,(anonymous_6)
FN:121,(anonymous_7)
FN:142,(anonymous_8)
FN:144,(anonymous_9)
FN:147,(anonymous_10)
FN:163,(anonymous_11)
FN:174,(anonymous_12)
FN:187,(anonymous_13)
FN:196,(anonymous_14)
FN:205,(anonymous_15)
FN:208,(anonymous_16)
FN:225,(anonymous_17)
FN:229,(anonymous_18)
FNF:19
FNH:14
FNDA:0,(anonymous_0)
FNDA:17,BudgetView
FNDA:6,(anonymous_2)
FNDA:5,(anonymous_3)
FNDA:100,(anonymous_4)
FNDA:380,(anonymous_5)
FNDA:2730,(anonymous_6)
FNDA:25,(anonymous_7)
FNDA:16,(anonymous_8)
FNDA:50,(anonymous_9)
FNDA:50,(anonymous_10)
FNDA:50,(anonymous_11)
FNDA:0,(anonymous_12)
FNDA:50,(anonymous_13)
FNDA:0,(anonymous_14)
FNDA:50,(anonymous_15)
FNDA:0,(anonymous_16)
FNDA:50,(anonymous_17)
FNDA:0,(anonymous_18)
DA:44,1
DA:63,0
DA:65,0
DA:66,0
DA:67,0
DA:68,0
DA:70,0
DA:77,0
DA:88,17
DA:89,17
DA:90,16
DA:91,16
DA:93,16
DA:94,6
DA:95,1
DA:96,1
DA:99,5
DA:101,5
DA:103,5
DA:105,100
DA:106,90
DA:107,380
DA:108,2730
DA:112,90
DA:113,25
DA:115,25
DA:121,5
DA:122,25
DA:123,25
DA:124,25
DA:136,5
DA:139,5
DA:142,16
DA:144,50
DA:146,16
DA:147,16
DA:148,50
DA:150,50
DA:151,50
DA:152,50
DA:154,50
DA:162,16
DA:163,50
DA:165,16
DA:166,1
DA:169,15
DA:174,0
DA:188,50
DA:196,0
DA:206,50
DA:208,0
DA:226,50
DA:229,0
LF:53
LH:42
BRDA:63,0,0,0
BRDA:63,0,1,0
BRDA:81,1,0,0
BRDA:81,1,1,0
BRDA:94,2,0,1
BRDA:94,2,1,5
BRDA:105,3,0,90
BRDA:105,3,1,10
BRDA:112,4,0,25
BRDA:112,4,1,65
BRDA:113,5,0,15
BRDA:113,5,1,10
BRDA:122,6,0,25
BRDA:122,6,1,10
BRDA:129,7,0,0
BRDA:129,7,1,25
BRDA:132,8,0,0
BRDA:132,8,1,25
BRDA:165,9,0,1
BRDA:165,9,1,15
BRDA:183,10,0,15
BRDA:183,10,1,10
BRDA:211,11,0,0
BRDA:211,11,1,50
BRDA:230,12,0,50
BRDA:230,12,1,0
BRDA:230,13,0,50
BRDA:230,13,1,0
BRDA:235,14,0,50
BRDA:235,14,1,0
BRF:30
BRH:20
end_of_record
TN:
SF:app/(tabs)/(Requests)/_layout.tsx
FN:3,Layout
FNF:1
FNH:0
FNDA:0,Layout
DA:4,0
LF:1
LH:0
BRF:0
BRH:0
end_of_record
TN:
SF:app/(tabs)/(Requests)/payNow.tsx
FN:6,PayNowScreen
FN:16,(anonymous_1)
FN:79,(anonymous_2)
FNF:3
FNH:0
FNDA:0,PayNowScreen
FNDA:0,(anonymous_1)
FNDA:0,(anonymous_2)
DA:7,0
DA:8,0
DA:9,0
DA:10,0
DA:12,0
DA:16,0
DA:81,0
DA:82,0
LF:8
LH:0
BRF:0
BRH:0
end_of_record
TN:
SF:app/(tabs)/(Requests)/requests.tsx
FN:7,(anonymous_0)
FN:19,(anonymous_1)
FN:35,(anonymous_2)
FN:90,(anonymous_3)
FN:106,RequestsView
FN:194,(anonymous_5)
FN:205,(anonymous_6)
FN:210,(anonymous_7)
FN:217,(anonymous_8)
FN:223,(anonymous_9)
FNF:10
FNH:0
FNDA:0,(anonymous_0)
FNDA:0,(anonymous_1)
FNDA:0,(anonymous_2)
FNDA:0,(anonymous_3)
FNDA:0,RequestsView
FNDA:0,(anonymous_5)
FNDA:0,(anonymous_6)
FNDA:0,(anonymous_7)
FNDA:0,(anonymous_8)
FNDA:0,(anonymous_9)
DA:7,0
DA:8,0
DA:19,0
DA:20,0
DA:27,0
DA:35,0
DA:62,0
DA:90,0
DA:107,0
DA:108,0
DA:123,0
DA:162,0
DA:189,0
DA:194,0
DA:205,0
DA:210,0
DA:218,0
DA:224,0
LF:18
LH:0
BRDA:10,0,0,0
BRDA:10,0,1,0
BRDA:12,1,0,0
BRDA:12,1,1,0
BRDA:86,2,0,0
BRDA:86,2,1,0
BRDA:215,3,0,0
BRDA:215,3,1,0
BRF:8
BRH:0
end_of_record
TN:
SF:app/(tabs)/(Settings)/_layout.tsx
FN:3,Layout
FNF:1
FNH:0
FNDA:0,Layout
DA:4,0
LF:1
LH:0
BRF:0
BRH:0
end_of_record
TN:
SF:app/(tabs)/(Settings)/bankAccounts.tsx
FN:19,BankAccounts
FN:29,(anonymous_1)
FN:37,(anonymous_2)
FN:40,(anonymous_3)
FN:64,(anonymous_4)
FN:79,(anonymous_5)
FN:85,(anonymous_6)
FN:99,(anonymous_7)
FN:106,(anonymous_8)
FN:137,(anonymous_9)
FN:141,(anonymous_10)
FNF:11
FNH:5
FNDA:15,BankAccounts
FNDA:7,(anonymous_1)
FNDA:7,(anonymous_2)
FNDA:7,(anonymous_3)
FNDA:0,(anonymous_4)
FNDA:0,(anonymous_5)
FNDA:1,(anonymous_6)
FNDA:0,(anonymous_7)
FNDA:0,(anonymous_8)
FNDA:0,(anonymous_9)
FNDA:0,(anonymous_10)
DA:20,15
DA:21,15
DA:22,15
DA:23,15
DA:24,15
DA:25,15
DA:27,15
DA:29,15
DA:30,7
DA:31,7
DA:32,0
DA:33,0
DA:34,0
DA:36,7
DA:37,7
DA:40,15
DA:41,7
DA:42,7
DA:43,7
DA:44,7
DA:45,6
DA:46,6
DA:48,0
DA:49,0
DA:50,0
DA:52,7
DA:53,7
DA:55,7
DA:59,15
DA:60,0
DA:64,0
DA:73,15
DA:79,0
DA:85,1
DA:99,0
DA:106,0
DA:138,0
DA:141,0
LF:38
LH:25
BRDA:31,0,0,0
BRDA:31,0,1,7
BRDA:45,1,0,6
BRDA:45,1,1,0
BRDA:59,2,0,0
BRDA:59,2,1,15
BRDA:117,3,0,8
BRDA:117,3,1,7
BRDA:119,4,0,7
BRDA:119,4,1,0
BRDA:129,5,0,0
BRDA:129,5,1,0
BRDA:151,6,0,0
BRDA:151,6,1,0
BRDA:151,6,2,0
BRF:15
BRH:6
end_of_record
TN:
SF:app/(tabs)/(Settings)/budgetLimits.tsx
FN:20,BudgetLimits
FN:24,(anonymous_1)
FN:38,(anonymous_2)
FN:59,(anonymous_3)
FN:68,(anonymous_4)
FN:92,(anonymous_5)
FN:105,(anonymous_6)
FNF:7
FNH:0
FNDA:0,BudgetLimits
FNDA:0,(anonymous_1)
FNDA:0,(anonymous_2)
FNDA:0,(anonymous_3)
FNDA:0,(anonymous_4)
FNDA:0,(anonymous_5)
FNDA:0,(anonymous_6)
DA:21,0
DA:22,0
DA:24,0
DA:38,0
DA:39,0
DA:40,0
DA:41,0
DA:43,0
DA:51,0
DA:54,0
DA:59,0
DA:69,0
DA:92,0
DA:105,0
LF:14
LH:0
BRDA:41,0,0,0
BRDA:41,0,1,0
BRDA:48,1,0,0
BRDA:48,1,1,0
BRF:4
BRH:0
end_of_record
TN:
SF:app/(tabs)/(Settings)/chatbot.tsx
FN:7,(anonymous_0)
FN:12,(anonymous_1)
FN:16,(anonymous_2)
FN:33,(anonymous_3)
FN:39,(anonymous_4)
FN:57,(anonymous_5)
FN:77,(anonymous_6)
FNF:7
FNH:0
FNDA:0,(anonymous_0)
FNDA:0,(anonymous_1)
FNDA:0,(anonymous_2)
FNDA:0,(anonymous_3)
FNDA:0,(anonymous_4)
FNDA:0,(anonymous_5)
FNDA:0,(anonymous_6)
DA:7,0
DA:8,0
DA:9,0
DA:10,0
DA:12,0
DA:13,0
DA:15,0
DA:16,0
DA:17,0
DA:18,0
DA:20,0
DA:21,0
DA:22,0
DA:24,0
DA:25,0
DA:28,0
DA:33,0
DA:34,0
DA:35,0
DA:36,0
DA:39,0
DA:40,0
DA:41,0
DA:42,0
DA:45,0
DA:49,0
DA:57,0
DA:78,0
LF:28
LH:0
BRDA:13,0,0,0
BRDA:13,0,1,0
BRDA:24,1,0,0
BRDA:24,1,1,0
BRDA:51,2,0,0
BRDA:51,2,1,0
BRDA:96,3,0,0
BRDA:96,3,1,0
BRDA:96,4,0,0
BRDA:96,4,1,0
BRDA:118,5,0,0
BRDA:118,5,1,0
BRDA:119,6,0,0
BRDA:119,6,1,0
BRF:14
BRH:0
end_of_record
TN:
SF:app/(tabs)/(Settings)/profile.tsx
FN:37,Profile
FN:43,(anonymous_1)
FN:44,(anonymous_2)
FN:79,(anonymous_3)
FNF:4
FNH:0
FNDA:0,Profile
FNDA:0,(anonymous_1)
FNDA:0,(anonymous_2)
FNDA:0,(anonymous_3)
DA:38,0
DA:39,0
DA:40,0
DA:41,0
DA:43,0
DA:44,0
DA:45,0
DA:46,0
DA:47,0
DA:48,0
DA:49,0
DA:50,0
DA:51,0
DA:53,0
DA:55,0
DA:58,0
DA:61,0
DA:62,0
DA:65,0
DA:66,0
DA:69,0
DA:70,0
DA:73,0
DA:79,0
LF:24
LH:0
BRDA:49,0,0,0
BRDA:49,0,1,0
BRDA:61,1,0,0
BRDA:61,1,1,0
BRDA:65,2,0,0
BRDA:65,2,1,0
BRDA:69,3,0,0
BRDA:69,3,1,0
BRF:8
BRH:0
end_of_record
TN:
SF:app/(tabs)/(Settings)/settings.tsx
FN:6,SettingsView
FN:11,(anonymous_1)
FN:27,(anonymous_2)
FN:58,(anonymous_3)
FN:76,(anonymous_4)
FN:86,(anonymous_5)
FN:96,(anonymous_6)
FN:106,(anonymous_7)
FN:116,(anonymous_8)
FN:126,(anonymous_9)
FN:137,(anonymous_10)
FN:144,(anonymous_11)
FN:158,(anonymous_12)
FN:165,(anonymous_13)
FNF:14
FNH:0
FNDA:0,SettingsView
FNDA:0,(anonymous_1)
FNDA:0,(anonymous_2)
FNDA:0,(anonymous_3)
FNDA:0,(anonymous_4)
FNDA:0,(anonymous_5)
FNDA:0,(anonymous_6)
FNDA:0,(anonymous_7)
FNDA:0,(anonymous_8)
FNDA:0,(anonymous_9)
FNDA:0,(anonymous_10)
FNDA:0,(anonymous_11)
FNDA:0,(anonymous_12)
FNDA:0,(anonymous_13)
DA:7,0
DA:8,0
DA:9,0
DA:11,0
DA:12,0
DA:13,0
DA:20,0
DA:22,0
DA:23,0
DA:27,0
DA:35,0
DA:52,0
DA:58,0
DA:76,0
DA:86,0
DA:96,0
DA:106,0
DA:116,0
DA:126,0
DA:137,0
DA:144,0
DA:158,0
DA:165,0
LF:23
LH:0
BRF:0
BRH:0
end_of_record
TN:
SF:app/(tabs)/(Transactions)/_layout.tsx
FN:4,RootLayout
FNF:1
FNH:0
FNDA:0,RootLayout
DA:5,0
LF:1
LH:0
BRF:0
BRH:0
end_of_record
TN:
SF:app/(tabs)/(Transactions)/accountDetails.tsx
FN:28,(anonymous_0)
FN:50,(anonymous_1)
FN:52,(anonymous_2)
FN:59,AccountDetails
FN:71,(anonymous_4)
FN:73,(anonymous_5)
FN:78,(anonymous_6)
FN:106,(anonymous_7)
FN:143,(anonymous_8)
FN:148,(anonymous_9)
FNF:10
FNH:0
FNDA:0,(anonymous_0)
FNDA:0,(anonymous_1)
FNDA:0,(anonymous_2)
FNDA:0,AccountDetails
FNDA:0,(anonymous_4)
FNDA:0,(anonymous_5)
FNDA:0,(anonymous_6)
FNDA:0,(anonymous_7)
FNDA:0,(anonymous_8)
FNDA:0,(anonymous_9)
DA:28,0
DA:29,0
DA:30,0
DA:36,0
DA:37,0
DA:43,0
DA:50,0
DA:51,0
DA:52,0
DA:53,0
DA:54,0
DA:56,0
DA:60,0
DA:61,0
DA:62,0
DA:63,0
DA:64,0
DA:65,0
DA:66,0
DA:68,0
DA:69,0
DA:71,0
DA:72,0
DA:73,0
DA:74,0
DA:76,0
DA:77,0
DA:78,0
DA:79,0
DA:82,0
DA:83,0
DA:84,0
DA:86,0
DA:88,0
DA:91,0
DA:94,0
DA:95,0
DA:98,0
DA:99,0
DA:102,0
DA:106,0
DA:144,0
DA:149,0
DA:150,0
LF:44
LH:0
BRDA:29,0,0,0
BRDA:29,0,1,0
BRDA:33,1,0,0
BRDA:33,1,1,0
BRDA:36,2,0,0
BRDA:36,2,1,0
BRDA:40,3,0,0
BRDA:40,3,1,0
BRDA:53,4,0,0
BRDA:53,4,1,0
BRDA:54,5,0,0
BRDA:54,5,1,0
BRDA:72,6,0,0
BRDA:72,6,1,0
BRDA:94,7,0,0
BRDA:94,7,1,0
BRDA:98,8,0,0
BRDA:98,8,1,0
BRDA:122,9,0,0
BRDA:122,9,1,0
BRDA:139,10,0,0
BRDA:139,10,1,0
BRDA:144,11,0,0
BRDA:144,11,1,0
BRDA:153,12,0,0
BRDA:153,12,1,0
BRDA:163,13,0,0
BRDA:163,13,1,0
BRF:28
BRH:0
end_of_record
TN:
SF:app/(tabs)/(Transactions)/dashboard.tsx
FN:31,Dashboard
FN:40,(anonymous_1)
FN:43,(anonymous_2)
FN:56,(anonymous_3)
FN:59,(anonymous_4)
FN:62,(anonymous_5)
FN:69,(anonymous_6)
FN:86,(anonymous_7)
FN:89,(anonymous_8)
FN:110,(anonymous_9)
FN:124,(anonymous_10)
FN:128,(anonymous_11)
FN:147,(anonymous_12)
FNF:13
FNH:9
FNDA:14,Dashboard
FNDA:7,(anonymous_1)
FNDA:7,(anonymous_2)
FNDA:7,(anonymous_3)
FNDA:7,(anonymous_4)
FNDA:7,(anonymous_5)
FNDA:14,(anonymous_6)
FNDA:7,(anonymous_7)
FNDA:0,(anonymous_8)
FNDA:0,(anonymous_9)
FNDA:0,(anonymous_10)
FNDA:0,(anonymous_11)
FNDA:14,(anonymous_12)
DA:17,1
DA:32,14
DA:33,14
DA:34,14
DA:35,14
DA:36,14
DA:38,14
DA:40,14
DA:41,7
DA:42,7
DA:43,7
DA:44,7
DA:45,7
DA:46,0
DA:47,0
DA:48,0
DA:50,7
DA:52,7
DA:55,7
DA:56,7
DA:59,14
DA:60,7
DA:61,7
DA:62,7
DA:63,7
DA:64,7
DA:65,7
DA:66,7
DA:69,14
DA:80,7
DA:82,0
DA:85,7
DA:86,7
DA:89,14
DA:90,0
DA:96,14
DA:97,0
DA:104,14
DA:110,0
DA:125,0
DA:128,0
DA:148,14
LF:42
LH:33
BRDA:42,0,0,0
BRDA:42,0,1,7
BRDA:48,1,0,0
BRDA:48,1,1,0
BRDA:50,2,0,7
BRDA:50,2,1,0
BRDA:52,3,0,7
BRDA:52,3,1,0
BRDA:61,4,0,0
BRDA:61,4,1,7
BRDA:71,5,0,14
BRDA:71,5,1,14
BRDA:72,6,0,14
BRDA:72,6,1,14
BRDA:73,7,0,0
BRDA:73,7,1,14
BRDA:75,8,0,0
BRDA:75,8,1,14
BRDA:80,9,0,7
BRDA:80,9,1,0
BRDA:82,10,0,0
BRDA:82,10,1,0
BRDA:96,11,0,0
BRDA:96,11,1,14
BRDA:119,12,0,7
BRDA:119,12,1,7
BRDA:121,13,0,7
BRDA:121,13,1,0
BRDA:135,14,0,0
BRDA:135,14,1,0
BRDA:144,15,0,7
BRDA:144,15,1,7
BRDA:148,16,0,7
BRDA:148,16,1,7
BRDA:153,17,0,14
BRDA:153,17,1,0
BRF:36
BRH:20
end_of_record
