TN:
SF:app/+not-found.tsx
FN:4,NotFoundScreen
FNF:1
FNH:0
FNDA:0,NotFoundScreen
DA:5,0
DA:14,0
LF:2
LH:0
BRF:0
BRH:0
end_of_record
TN:
SF:app/_layout.tsx
FN:6,RootLayout
FNF:1
FNH:0
FNDA:0,RootLayout
DA:7,0
DA:8,0
LF:2
LH:0
BRDA:9,0,0,0
BRDA:9,0,1,0
BRF:2
BRH:0
end_of_record
TN:
SF:app/(tabs)/_layout.tsx
FN:7,TabLayout
FN:15,(anonymous_1)
FN:20,(anonymous_2)
FN:25,(anonymous_3)
FN:30,(anonymous_4)
FNF:5
FNH:0
FNDA:0,TabLayout
FNDA:0,(anonymous_1)
FNDA:0,(anonymous_2)
FNDA:0,(anonymous_3)
FNDA:0,(anonymous_4)
DA:8,0
DA:9,0
DA:16,0
DA:21,0
DA:26,0
DA:31,0
LF:6
LH:0
BRDA:11,0,0,0
BRDA:11,0,1,0
BRDA:16,1,0,0
BRDA:16,1,1,0
BRDA:21,2,0,0
BRDA:21,2,1,0
BRDA:26,3,0,0
BRDA:26,3,1,0
BRDA:31,4,0,0
BRDA:31,4,1,0
BRF:10
BRH:0
end_of_record
TN:
SF:app/(tabs)/(Budget)/_layout.tsx
FN:3,Layout
FNF:1
FNH:0
FNDA:0,Layout
DA:4,0
LF:1
LH:0
BRF:0
BRH:0
end_of_record
TN:
SF:app/(tabs)/(Budget)/budget.tsx
FN:43,(anonymous_0)
FN:86,BudgetView
FN:92,(anonymous_2)
FN:98,(anonymous_3)
FN:102,(anonymous_4)
FN:103,(anonymous_5)
FN:104,(anonymous_6)
FN:116,(anonymous_7)
FN:133,(anonymous_8)
FN:135,(anonymous_9)
FN:138,(anonymous_10)
FN:154,(anonymous_11)
FN:165,(anonymous_12)
FN:178,(anonymous_13)
FN:197,(anonymous_14)
FN:224,(anonymous_15)
FN:228,(anonymous_16)
FNF:17
FNH:13
FNDA:0,(anonymous_0)
FNDA:12,BudgetView
FNDA:6,(anonymous_2)
FNDA:5,(anonymous_3)
FNDA:65,(anonymous_4)
FNDA:180,(anonymous_5)
FNDA:1200,(anonymous_6)
FNDA:25,(anonymous_7)
FNDA:11,(anonymous_8)
FNDA:25,(anonymous_9)
FNDA:25,(anonymous_10)
FNDA:25,(anonymous_11)
FNDA:0,(anonymous_12)
FNDA:25,(anonymous_13)
FNDA:0,(anonymous_14)
FNDA:25,(anonymous_15)
FNDA:0,(anonymous_16)
DA:43,1
DA:62,0
DA:64,0
DA:65,0
DA:66,0
DA:67,0
DA:69,0
DA:76,0
DA:87,12
DA:88,12
DA:89,11
DA:90,11
DA:92,11
DA:93,6
DA:94,1
DA:95,1
DA:98,5
DA:100,5
DA:102,5
DA:103,65
DA:104,180
DA:105,1200
DA:109,65
DA:110,60
DA:111,60
DA:116,25
DA:127,5
DA:130,5
DA:133,11
DA:135,25
DA:137,11
DA:138,11
DA:139,25
DA:141,25
DA:142,25
DA:143,25
DA:145,25
DA:153,11
DA:154,25
DA:156,11
DA:157,1
DA:160,10
DA:165,0
DA:179,25
DA:180,25
DA:181,25
DA:182,25
DA:184,25
DA:185,25
DA:186,25
DA:188,25
DA:197,0
DA:225,25
DA:228,0
LF:54
LH:44
BRDA:62,0,0,0
BRDA:62,0,1,0
BRDA:80,1,0,0
BRDA:80,1,1,0
BRDA:93,2,0,1
BRDA:93,2,1,5
BRDA:109,3,0,60
BRDA:109,3,1,5
BRDA:110,4,0,25
BRDA:110,4,1,35
BRDA:120,5,0,25
BRDA:120,5,1,0
BRDA:121,6,0,5
BRDA:121,6,1,20
BRDA:123,7,0,25
BRDA:123,7,1,0
BRDA:124,8,0,5
BRDA:124,8,1,20
BRDA:156,9,0,1
BRDA:156,9,1,10
BRDA:174,10,0,10
BRDA:174,10,1,5
BRDA:210,11,0,15
BRDA:210,11,1,10
BRDA:229,12,0,25
BRDA:229,12,1,0
BRDA:229,13,0,25
BRDA:229,13,1,0
BRDA:234,14,0,25
BRDA:234,14,1,0
BRF:30
BRH:21
end_of_record
TN:
SF:app/(tabs)/(Requests)/_layout.tsx
FN:3,Layout
FNF:1
FNH:0
FNDA:0,Layout
DA:4,0
LF:1
LH:0
BRF:0
BRH:0
end_of_record
TN:
SF:app/(tabs)/(Requests)/payNow.tsx
FN:6,PayNowScreen
FN:16,(anonymous_1)
FN:20,(anonymous_2)
FN:82,(anonymous_3)
FNF:4
FNH:0
FNDA:0,PayNowScreen
FNDA:0,(anonymous_1)
FNDA:0,(anonymous_2)
FNDA:0,(anonymous_3)
DA:7,0
DA:8,0
DA:9,0
DA:10,0
DA:12,0
DA:16,0
DA:20,0
DA:84,0
DA:85,0
LF:9
LH:0
BRF:0
BRH:0
end_of_record
TN:
SF:app/(tabs)/(Requests)/requests.tsx
FN:7,(anonymous_0)
FN:19,(anonymous_1)
FN:35,(anonymous_2)
FN:90,(anonymous_3)
FN:106,RequestsView
FN:194,(anonymous_5)
FN:205,(anonymous_6)
FN:210,(anonymous_7)
FN:217,(anonymous_8)
FN:223,(anonymous_9)
FNF:10
FNH:0
FNDA:0,(anonymous_0)
FNDA:0,(anonymous_1)
FNDA:0,(anonymous_2)
FNDA:0,(anonymous_3)
FNDA:0,RequestsView
FNDA:0,(anonymous_5)
FNDA:0,(anonymous_6)
FNDA:0,(anonymous_7)
FNDA:0,(anonymous_8)
FNDA:0,(anonymous_9)
DA:7,0
DA:8,0
DA:19,0
DA:20,0
DA:27,0
DA:35,0
DA:62,0
DA:90,0
DA:107,0
DA:108,0
DA:123,0
DA:162,0
DA:189,0
DA:194,0
DA:205,0
DA:210,0
DA:218,0
DA:224,0
LF:18
LH:0
BRDA:10,0,0,0
BRDA:10,0,1,0
BRDA:12,1,0,0
BRDA:12,1,1,0
BRDA:86,2,0,0
BRDA:86,2,1,0
BRDA:215,3,0,0
BRDA:215,3,1,0
BRF:8
BRH:0
end_of_record
TN:
SF:app/(tabs)/(Settings)/_layout.tsx
FN:3,Layout
FNF:1
FNH:0
FNDA:0,Layout
DA:4,0
LF:1
LH:0
BRF:0
BRH:0
end_of_record
TN:
SF:app/(tabs)/(Settings)/bankAccounts.tsx
FN:19,BankAccounts
FN:29,(anonymous_1)
FN:37,(anonymous_2)
FN:40,(anonymous_3)
FN:64,(anonymous_4)
FN:79,(anonymous_5)
FN:85,(anonymous_6)
FN:99,(anonymous_7)
FN:106,(anonymous_8)
FN:137,(anonymous_9)
FN:141,(anonymous_10)
FNF:11
FNH:5
FNDA:23,BankAccounts
FNDA:7,(anonymous_1)
FNDA:7,(anonymous_2)
FNDA:7,(anonymous_3)
FNDA:0,(anonymous_4)
FNDA:0,(anonymous_5)
FNDA:1,(anonymous_6)
FNDA:0,(anonymous_7)
FNDA:0,(anonymous_8)
FNDA:0,(anonymous_9)
FNDA:0,(anonymous_10)
DA:20,23
DA:21,23
DA:22,23
DA:23,22
DA:24,22
DA:25,22
DA:27,22
DA:29,22
DA:30,7
DA:31,7
DA:32,0
DA:33,0
DA:34,0
DA:36,7
DA:37,7
DA:40,22
DA:41,7
DA:42,7
DA:43,7
DA:44,7
DA:45,6
DA:46,6
DA:48,0
DA:49,0
DA:50,0
DA:52,7
DA:53,7
DA:55,7
DA:59,22
DA:60,0
DA:64,0
DA:73,22
DA:79,0
DA:85,1
DA:99,0
DA:106,0
DA:138,0
DA:141,0
LF:38
LH:25
BRDA:31,0,0,0
BRDA:31,0,1,7
BRDA:45,1,0,6
BRDA:45,1,1,0
BRDA:59,2,0,0
BRDA:59,2,1,22
BRDA:117,3,0,15
BRDA:117,3,1,7
BRDA:119,4,0,7
BRDA:119,4,1,0
BRDA:129,5,0,0
BRDA:129,5,1,0
BRDA:151,6,0,0
BRDA:151,6,1,0
BRDA:151,6,2,0
BRF:15
BRH:6
end_of_record
TN:
SF:app/(tabs)/(Settings)/budgetLimits.tsx
FN:20,BudgetLimits
FN:24,(anonymous_1)
FN:38,(anonymous_2)
FN:58,(anonymous_3)
FN:66,(anonymous_4)
FN:90,(anonymous_5)
FN:103,(anonymous_6)
FNF:7
FNH:0
FNDA:0,BudgetLimits
FNDA:0,(anonymous_1)
FNDA:0,(anonymous_2)
FNDA:0,(anonymous_3)
FNDA:0,(anonymous_4)
FNDA:0,(anonymous_5)
FNDA:0,(anonymous_6)
DA:21,0
DA:22,0
DA:24,0
DA:38,0
DA:39,0
DA:40,0
DA:41,0
DA:43,0
DA:51,0
DA:54,0
DA:58,0
DA:67,0
DA:90,0
DA:103,0
LF:14
LH:0
BRDA:41,0,0,0
BRDA:41,0,1,0
BRDA:48,1,0,0
BRDA:48,1,1,0
BRF:4
BRH:0
end_of_record
TN:
SF:app/(tabs)/(Settings)/chatbot.tsx
FN:7,(anonymous_0)
FN:12,(anonymous_1)
FN:16,(anonymous_2)
FN:33,(anonymous_3)
FN:39,(anonymous_4)
FN:58,(anonymous_5)
FN:81,(anonymous_6)
FNF:7
FNH:0
FNDA:0,(anonymous_0)
FNDA:0,(anonymous_1)
FNDA:0,(anonymous_2)
FNDA:0,(anonymous_3)
FNDA:0,(anonymous_4)
FNDA:0,(anonymous_5)
FNDA:0,(anonymous_6)
DA:7,0
DA:8,0
DA:9,0
DA:10,0
DA:12,0
DA:13,0
DA:15,0
DA:16,0
DA:17,0
DA:18,0
DA:20,0
DA:21,0
DA:22,0
DA:24,0
DA:25,0
DA:28,0
DA:33,0
DA:34,0
DA:35,0
DA:36,0
DA:39,0
DA:40,0
DA:41,0
DA:42,0
DA:45,0
DA:49,0
DA:58,0
DA:82,0
LF:28
LH:0
BRDA:13,0,0,0
BRDA:13,0,1,0
BRDA:24,1,0,0
BRDA:24,1,1,0
BRDA:51,2,0,0
BRDA:51,2,1,0
BRDA:100,3,0,0
BRDA:100,3,1,0
BRDA:100,4,0,0
BRDA:100,4,1,0
BRDA:122,5,0,0
BRDA:122,5,1,0
BRDA:123,6,0,0
BRDA:123,6,1,0
BRF:14
BRH:0
end_of_record
TN:
SF:app/(tabs)/(Settings)/profile.tsx
FN:37,Profile
FN:43,(anonymous_1)
FN:44,(anonymous_2)
FN:79,(anonymous_3)
FNF:4
FNH:0
FNDA:0,Profile
FNDA:0,(anonymous_1)
FNDA:0,(anonymous_2)
FNDA:0,(anonymous_3)
DA:38,0
DA:39,0
DA:40,0
DA:41,0
DA:43,0
DA:44,0
DA:45,0
DA:46,0
DA:47,0
DA:48,0
DA:49,0
DA:50,0
DA:51,0
DA:53,0
DA:55,0
DA:58,0
DA:61,0
DA:62,0
DA:65,0
DA:66,0
DA:69,0
DA:70,0
DA:73,0
DA:79,0
LF:24
LH:0
BRDA:49,0,0,0
BRDA:49,0,1,0
BRDA:61,1,0,0
BRDA:61,1,1,0
BRDA:65,2,0,0
BRDA:65,2,1,0
BRDA:69,3,0,0
BRDA:69,3,1,0
BRF:8
BRH:0
end_of_record
TN:
SF:app/(tabs)/(Settings)/settings.tsx
FN:6,SettingsView
FN:11,(anonymous_1)
FN:27,(anonymous_2)
FN:56,(anonymous_3)
FN:74,(anonymous_4)
FN:84,(anonymous_5)
FN:94,(anonymous_6)
FN:104,(anonymous_7)
FN:114,(anonymous_8)
FN:124,(anonymous_9)
FN:135,(anonymous_10)
FN:142,(anonymous_11)
FN:156,(anonymous_12)
FN:163,(anonymous_13)
FNF:14
FNH:0
FNDA:0,SettingsView
FNDA:0,(anonymous_1)
FNDA:0,(anonymous_2)
FNDA:0,(anonymous_3)
FNDA:0,(anonymous_4)
FNDA:0,(anonymous_5)
FNDA:0,(anonymous_6)
FNDA:0,(anonymous_7)
FNDA:0,(anonymous_8)
FNDA:0,(anonymous_9)
FNDA:0,(anonymous_10)
FNDA:0,(anonymous_11)
FNDA:0,(anonymous_12)
FNDA:0,(anonymous_13)
DA:7,0
DA:8,0
DA:9,0
DA:11,0
DA:12,0
DA:13,0
DA:20,0
DA:22,0
DA:23,0
DA:27,0
DA:35,0
DA:50,0
DA:56,0
DA:74,0
DA:84,0
DA:94,0
DA:104,0
DA:114,0
DA:124,0
DA:135,0
DA:142,0
DA:156,0
DA:163,0
LF:23
LH:0
BRF:0
BRH:0
end_of_record
TN:
SF:app/(tabs)/(Transactions)/_layout.tsx
FN:4,RootLayout
FNF:1
FNH:0
FNDA:0,RootLayout
DA:5,0
LF:1
LH:0
BRF:0
BRH:0
end_of_record
TN:
SF:app/(tabs)/(Transactions)/accountDetails.tsx
FN:28,(anonymous_0)
FN:50,(anonymous_1)
FN:52,(anonymous_2)
FN:59,AccountDetails
FN:71,(anonymous_4)
FN:73,(anonymous_5)
FN:78,(anonymous_6)
FN:106,(anonymous_7)
FN:143,(anonymous_8)
FN:148,(anonymous_9)
FNF:10
FNH:0
FNDA:0,(anonymous_0)
FNDA:0,(anonymous_1)
FNDA:0,(anonymous_2)
FNDA:0,AccountDetails
FNDA:0,(anonymous_4)
FNDA:0,(anonymous_5)
FNDA:0,(anonymous_6)
FNDA:0,(anonymous_7)
FNDA:0,(anonymous_8)
FNDA:0,(anonymous_9)
DA:28,0
DA:29,0
DA:30,0
DA:36,0
DA:37,0
DA:43,0
DA:50,0
DA:51,0
DA:52,0
DA:53,0
DA:54,0
DA:56,0
DA:60,0
DA:61,0
DA:62,0
DA:63,0
DA:64,0
DA:65,0
DA:66,0
DA:68,0
DA:69,0
DA:71,0
DA:72,0
DA:73,0
DA:74,0
DA:76,0
DA:77,0
DA:78,0
DA:79,0
DA:82,0
DA:83,0
DA:84,0
DA:86,0
DA:88,0
DA:91,0
DA:94,0
DA:95,0
DA:98,0
DA:99,0
DA:102,0
DA:106,0
DA:144,0
DA:149,0
DA:150,0
LF:44
LH:0
BRDA:29,0,0,0
BRDA:29,0,1,0
BRDA:33,1,0,0
BRDA:33,1,1,0
BRDA:36,2,0,0
BRDA:36,2,1,0
BRDA:40,3,0,0
BRDA:40,3,1,0
BRDA:53,4,0,0
BRDA:53,4,1,0
BRDA:54,5,0,0
BRDA:54,5,1,0
BRDA:72,6,0,0
BRDA:72,6,1,0
BRDA:94,7,0,0
BRDA:94,7,1,0
BRDA:98,8,0,0
BRDA:98,8,1,0
BRDA:122,9,0,0
BRDA:122,9,1,0
BRDA:139,10,0,0
BRDA:139,10,1,0
BRDA:144,11,0,0
BRDA:144,11,1,0
BRDA:153,12,0,0
BRDA:153,12,1,0
BRDA:163,13,0,0
BRDA:163,13,1,0
BRF:28
BRH:0
end_of_record
TN:
SF:app/(tabs)/(Transactions)/dashboard.tsx
FN:31,Dashboard
FN:40,(anonymous_1)
FN:43,(anonymous_2)
FN:56,(anonymous_3)
FN:59,(anonymous_4)
FN:62,(anonymous_5)
FN:69,(anonymous_6)
FN:86,(anonymous_7)
FN:89,(anonymous_8)
FN:110,(anonymous_9)
FN:124,(anonymous_10)
FN:128,(anonymous_11)
FN:147,(anonymous_12)
FNF:13
FNH:1
FNDA:8,Dashboard
FNDA:0,(anonymous_1)
FNDA:0,(anonymous_2)
FNDA:0,(anonymous_3)
FNDA:0,(anonymous_4)
FNDA:0,(anonymous_5)
FNDA:0,(anonymous_6)
FNDA:0,(anonymous_7)
FNDA:0,(anonymous_8)
FNDA:0,(anonymous_9)
FNDA:0,(anonymous_10)
FNDA:0,(anonymous_11)
FNDA:0,(anonymous_12)
DA:17,1
DA:32,8
DA:33,8
DA:34,8
DA:35,7
DA:36,7
DA:38,7
DA:40,7
DA:41,0
DA:42,0
DA:43,0
DA:44,0
DA:45,0
DA:46,0
DA:47,0
DA:48,0
DA:50,0
DA:52,0
DA:55,0
DA:56,0
DA:59,7
DA:60,0
DA:61,0
DA:62,0
DA:63,0
DA:64,0
DA:65,0
DA:66,0
DA:69,0
DA:80,0
DA:82,0
DA:85,0
DA:86,0
DA:89,7
DA:90,0
DA:96,7
DA:97,0
DA:104,7
DA:110,0
DA:125,0
DA:128,0
DA:148,0
LF:42
LH:12
BRDA:42,0,0,0
BRDA:42,0,1,0
BRDA:48,1,0,0
BRDA:48,1,1,0
BRDA:50,2,0,0
BRDA:50,2,1,0
BRDA:52,3,0,0
BRDA:52,3,1,0
BRDA:61,4,0,0
BRDA:61,4,1,0
BRDA:71,5,0,0
BRDA:71,5,1,0
BRDA:72,6,0,0
BRDA:72,6,1,0
BRDA:73,7,0,0
BRDA:73,7,1,0
BRDA:75,8,0,0
BRDA:75,8,1,0
BRDA:80,9,0,0
BRDA:80,9,1,0
BRDA:82,10,0,0
BRDA:82,10,1,0
BRDA:96,11,0,0
BRDA:96,11,1,7
BRDA:119,12,0,7
BRDA:119,12,1,0
BRDA:121,13,0,0
BRDA:121,13,1,0
BRDA:135,14,0,0
BRDA:135,14,1,0
BRDA:135,14,2,0
BRDA:144,15,0,7
BRDA:144,15,1,0
BRDA:148,16,0,0
BRDA:148,16,1,0
BRF:35
BRH:3
end_of_record
